<?xml version="1.0" encoding="UTF-8"?>
<testsuite xmlns:xsi="http://www.w3.org/2001/XMLSchema-instance" xsi:noNamespaceSchemaLocation="https://maven.apache.org/surefire/maven-surefire-plugin/xsd/surefire-test-report.xsd" version="3.0.2" name="Selenium.Cucumber.RunCucumberTest" time="7.699" tests="3" errors="0" skipped="0" failures="3">
  <properties>
    <property name="java.specification.version" value="23"/>
    <property name="sun.jnu.encoding" value="UTF-8"/>
    <property name="java.class.path" value="/Users/rohitsharma/eclipse-workspace/MyAutomationProject/target/test-classes:/Users/rohitsharma/eclipse-workspace/MyAutomationProject/target/classes:/Users/rohitsharma/.m2/repository/io/qameta/allure/allure-cucumber7-jvm/2.29.0/allure-cucumber7-jvm-2.29.0.jar:/Users/rohitsharma/.m2/repository/io/qameta/allure/allure-java-commons/2.29.0/allure-java-commons-2.29.0.jar:/Users/rohitsharma/.m2/repository/io/qameta/allure/allure-model/2.29.0/allure-model-2.29.0.jar:/Users/rohitsharma/.m2/repository/io/qameta/allure/allure-testng/2.29.0/allure-testng-2.29.0.jar:/Users/rohitsharma/.m2/repository/io/qameta/allure/allure-test-filter/2.29.0/allure-test-filter-2.29.0.jar:/Users/rohitsharma/.m2/repository/io/cucumber/cucumber-testng/7.20.1/cucumber-testng-7.20.1.jar:/Users/rohitsharma/.m2/repository/org/apiguardian/apiguardian-api/1.1.2/apiguardian-api-1.1.2.jar:/Users/rohitsharma/.m2/repository/io/cucumber/cucumber-java/7.20.1/cucumber-java-7.20.1.jar:/Users/rohitsharma/.m2/repository/io/cucumber/cucumber-core/7.20.1/cucumber-core-7.20.1.jar:/Users/rohitsharma/.m2/repository/io/cucumber/cucumber-gherkin-messages/7.20.1/cucumber-gherkin-messages-7.20.1.jar:/Users/rohitsharma/.m2/repository/io/cucumber/gherkin/28.0.0/gherkin-28.0.0.jar:/Users/rohitsharma/.m2/repository/io/cucumber/messages/24.1.0/messages-24.1.0.jar:/Users/rohitsharma/.m2/repository/io/cucumber/testng-xml-formatter/0.2.0/testng-xml-formatter-0.2.0.jar:/Users/rohitsharma/.m2/repository/io/cucumber/query/12.2.0/query-12.2.0.jar:/Users/rohitsharma/.m2/repository/io/cucumber/tag-expressions/6.1.0/tag-expressions-6.1.0.jar:/Users/rohitsharma/.m2/repository/io/cucumber/docstring/7.20.1/docstring-7.20.1.jar:/Users/rohitsharma/.m2/repository/io/cucumber/html-formatter/21.7.0/html-formatter-21.7.0.jar:/Users/rohitsharma/.m2/repository/io/cucumber/junit-xml-formatter/0.5.0/junit-xml-formatter-0.5.0.jar:/Users/rohitsharma/.m2/repository/io/cucumber/ci-environment/10.0.1/ci-environment-10.0.1.jar:/Users/rohitsharma/.m2/repository/io/cucumber/cucumber-plugin/7.20.1/cucumber-plugin-7.20.1.jar:/Users/rohitsharma/.m2/repository/io/cucumber/cucumber-gherkin/7.20.1/cucumber-gherkin-7.20.1.jar:/Users/rohitsharma/.m2/repository/com/aventstack/extentreports/5.1.2/extentreports-5.1.2.jar:/Users/rohitsharma/.m2/repository/io/reactivex/rxjava3/rxjava/3.1.6/rxjava-3.1.6.jar:/Users/rohitsharma/.m2/repository/org/reactivestreams/reactive-streams/1.0.4/reactive-streams-1.0.4.jar:/Users/rohitsharma/.m2/repository/org/freemarker/freemarker/2.3.32/freemarker-2.3.32.jar:/Users/rohitsharma/.m2/repository/org/projectlombok/lombok/1.18.26/lombok-1.18.26.jar:/Users/rohitsharma/.m2/repository/com/google/code/gson/gson/2.10.1/gson-2.10.1.jar:/Users/rohitsharma/.m2/repository/tech/grasshopper/extentreports-cucumber6-adapter/2.18.0/extentreports-cucumber6-adapter-2.18.0.jar:/Users/rohitsharma/.m2/repository/tech/grasshopper/extent-pdf-report/2.12.0/extent-pdf-report-2.12.0.jar:/Users/rohitsharma/.m2/repository/tech/grasshopper/cucumber-pdf-report/2.14.0/cucumber-pdf-report-2.14.0.jar:/Users/rohitsharma/.m2/repository/org/apache/pdfbox/pdfbox/2.0.26/pdfbox-2.0.26.jar:/Users/rohitsharma/.m2/repository/org/apache/pdfbox/fontbox/2.0.26/fontbox-2.0.26.jar:/Users/rohitsharma/.m2/repository/org/knowm/xchart/xchart/3.8.0/xchart-3.8.0.jar:/Users/rohitsharma/.m2/repository/de/erichseifert/vectorgraphics2d/VectorGraphics2D/0.13/VectorGraphics2D-0.13.jar:/Users/rohitsharma/.m2/repository/de/rototor/pdfbox/graphics2d/0.30/graphics2d-0.30.jar:/Users/rohitsharma/.m2/repository/com/madgag/animated-gif-lib/1.4/animated-gif-lib-1.4.jar:/Users/rohitsharma/.m2/repository/org/yaml/snakeyaml/2.0/snakeyaml-2.0.jar:/Users/rohitsharma/.m2/repository/tech/grasshopper/table-layout/1.5.1/table-layout-1.5.1.jar:/Users/rohitsharma/.m2/repository/tech/grasshopper/rest-assured-cucumber-pdf-report/1.5.0/rest-assured-cucumber-pdf-report-1.5.0.jar:/Users/rohitsharma/.m2/repository/org/jsoup/jsoup/1.15.3/jsoup-1.15.3.jar:/Users/rohitsharma/.m2/repository/com/aventstack/klov-reporter/5.0.9/klov-reporter-5.0.9.jar:/Users/rohitsharma/.m2/repository/org/mongodb/bson/3.6.4/bson-3.6.4.jar:/Users/rohitsharma/.m2/repository/tech/grasshopper/htmlextentreporter/1.1.0/htmlextentreporter-1.1.0.jar:/Users/rohitsharma/.m2/repository/tech/grasshopper/extent-excel-report/1.4.0/extent-excel-report-1.4.0.jar:/Users/rohitsharma/.m2/repository/org/apache/poi/poi/5.2.3/poi-5.2.3.jar:/Users/rohitsharma/.m2/repository/org/apache/commons/commons-collections4/4.4/commons-collections4-4.4.jar:/Users/rohitsharma/.m2/repository/org/apache/commons/commons-math3/3.6.1/commons-math3-3.6.1.jar:/Users/rohitsharma/.m2/repository/commons-io/commons-io/2.11.0/commons-io-2.11.0.jar:/Users/rohitsharma/.m2/repository/com/zaxxer/SparseBitSet/1.2/SparseBitSet-1.2.jar:/Users/rohitsharma/.m2/repository/org/apache/logging/log4j/log4j-api/2.18.0/log4j-api-2.18.0.jar:/Users/rohitsharma/.m2/repository/org/apache/poi/poi-ooxml/5.2.3/poi-ooxml-5.2.3.jar:/Users/rohitsharma/.m2/repository/org/apache/poi/poi-ooxml-lite/5.2.3/poi-ooxml-lite-5.2.3.jar:/Users/rohitsharma/.m2/repository/org/apache/xmlbeans/xmlbeans/5.1.1/xmlbeans-5.1.1.jar:/Users/rohitsharma/.m2/repository/org/apache/commons/commons-compress/1.21/commons-compress-1.21.jar:/Users/rohitsharma/.m2/repository/com/github/virtuald/curvesapi/1.07/curvesapi-1.07.jar:/Users/rohitsharma/.m2/repository/org/mongodb/mongodb-driver/3.3.0/mongodb-driver-3.3.0.jar:/Users/rohitsharma/.m2/repository/org/mongodb/mongodb-driver-core/3.3.0/mongodb-driver-core-3.3.0.jar:/Users/rohitsharma/.m2/repository/io/cucumber/datatable/7.20.1/datatable-7.20.1.jar:/Users/rohitsharma/.m2/repository/io/cucumber/cucumber-expressions/18.0.1/cucumber-expressions-18.0.1.jar:/Users/rohitsharma/.m2/repository/org/testng/testng/7.10.2/testng-7.10.2.jar:/Users/rohitsharma/.m2/repository/org/slf4j/slf4j-api/1.7.36/slf4j-api-1.7.36.jar:/Users/rohitsharma/.m2/repository/com/beust/jcommander/1.82/jcommander-1.82.jar:/Users/rohitsharma/.m2/repository/org/webjars/jquery/3.7.1/jquery-3.7.1.jar:/Users/rohitsharma/.m2/repository/org/apache/commons/commons-email/1.6.0/commons-email-1.6.0.jar:/Users/rohitsharma/.m2/repository/com/sun/mail/jakarta.mail/1.6.7/jakarta.mail-1.6.7.jar:/Users/rohitsharma/.m2/repository/com/sun/activation/jakarta.activation/1.2.1/jakarta.activation-1.2.1.jar:/Users/rohitsharma/.m2/repository/com/fasterxml/jackson/core/jackson-core/2.18.2/jackson-core-2.18.2.jar:/Users/rohitsharma/.m2/repository/com/fasterxml/jackson/core/jackson-databind/2.18.2/jackson-databind-2.18.2.jar:/Users/rohitsharma/.m2/repository/io/appium/java-client/10.0.0/java-client-10.0.0.jar:/Users/rohitsharma/.m2/repository/org/jspecify/jspecify/1.0.0/jspecify-1.0.0.jar:/Users/rohitsharma/.m2/repository/com/fasterxml/jackson/core/jackson-annotations/2.18.2/jackson-annotations-2.18.2.jar:/Users/rohitsharma/.m2/repository/io/rest-assured/rest-assured/5.5.0/rest-assured-5.5.0.jar:/Users/rohitsharma/.m2/repository/org/apache/groovy/groovy/4.0.22/groovy-4.0.22.jar:/Users/rohitsharma/.m2/repository/org/apache/groovy/groovy-xml/4.0.22/groovy-xml-4.0.22.jar:/Users/rohitsharma/.m2/repository/org/apache/httpcomponents/httpclient/4.5.13/httpclient-4.5.13.jar:/Users/rohitsharma/.m2/repository/org/apache/httpcomponents/httpcore/4.4.13/httpcore-4.4.13.jar:/Users/rohitsharma/.m2/repository/commons-logging/commons-logging/1.2/commons-logging-1.2.jar:/Users/rohitsharma/.m2/repository/commons-codec/commons-codec/1.11/commons-codec-1.11.jar:/Users/rohitsharma/.m2/repository/org/apache/httpcomponents/httpmime/4.5.13/httpmime-4.5.13.jar:/Users/rohitsharma/.m2/repository/org/hamcrest/hamcrest/2.2/hamcrest-2.2.jar:/Users/rohitsharma/.m2/repository/org/ccil/cowan/tagsoup/tagsoup/1.2.1/tagsoup-1.2.1.jar:/Users/rohitsharma/.m2/repository/io/rest-assured/json-path/5.5.0/json-path-5.5.0.jar:/Users/rohitsharma/.m2/repository/org/apache/groovy/groovy-json/4.0.22/groovy-json-4.0.22.jar:/Users/rohitsharma/.m2/repository/io/rest-assured/rest-assured-common/5.5.0/rest-assured-common-5.5.0.jar:/Users/rohitsharma/.m2/repository/io/rest-assured/xml-path/5.5.0/xml-path-5.5.0.jar:/Users/rohitsharma/.m2/repository/org/apache/commons/commons-lang3/3.11/commons-lang3-3.11.jar:/Users/rohitsharma/.m2/repository/io/rest-assured/rest-assured-all/5.5.0/rest-assured-all-5.5.0.jar:/Users/rohitsharma/.m2/repository/org/seleniumhq/selenium/selenium-java/4.27.0/selenium-java-4.27.0.jar:/Users/rohitsharma/.m2/repository/org/seleniumhq/selenium/selenium-api/4.27.0/selenium-api-4.27.0.jar:/Users/rohitsharma/.m2/repository/org/seleniumhq/selenium/selenium-chrome-driver/4.27.0/selenium-chrome-driver-4.27.0.jar:/Users/rohitsharma/.m2/repository/com/google/auto/service/auto-service-annotations/1.1.1/auto-service-annotations-1.1.1.jar:/Users/rohitsharma/.m2/repository/org/seleniumhq/selenium/selenium-chromium-driver/4.27.0/selenium-chromium-driver-4.27.0.jar:/Users/rohitsharma/.m2/repository/org/seleniumhq/selenium/selenium-json/4.27.0/selenium-json-4.27.0.jar:/Users/rohitsharma/.m2/repository/org/seleniumhq/selenium/selenium-manager/4.27.0/selenium-manager-4.27.0.jar:/Users/rohitsharma/.m2/repository/org/seleniumhq/selenium/selenium-devtools-v129/4.27.0/selenium-devtools-v129-4.27.0.jar:/Users/rohitsharma/.m2/repository/org/seleniumhq/selenium/selenium-devtools-v130/4.27.0/selenium-devtools-v130-4.27.0.jar:/Users/rohitsharma/.m2/repository/org/seleniumhq/selenium/selenium-devtools-v131/4.27.0/selenium-devtools-v131-4.27.0.jar:/Users/rohitsharma/.m2/repository/org/seleniumhq/selenium/selenium-devtools-v85/4.27.0/selenium-devtools-v85-4.27.0.jar:/Users/rohitsharma/.m2/repository/org/seleniumhq/selenium/selenium-edge-driver/4.27.0/selenium-edge-driver-4.27.0.jar:/Users/rohitsharma/.m2/repository/org/seleniumhq/selenium/selenium-firefox-driver/4.27.0/selenium-firefox-driver-4.27.0.jar:/Users/rohitsharma/.m2/repository/org/seleniumhq/selenium/selenium-http/4.27.0/selenium-http-4.27.0.jar:/Users/rohitsharma/.m2/repository/dev/failsafe/failsafe/3.3.2/failsafe-3.3.2.jar:/Users/rohitsharma/.m2/repository/org/seleniumhq/selenium/selenium-ie-driver/4.27.0/selenium-ie-driver-4.27.0.jar:/Users/rohitsharma/.m2/repository/org/seleniumhq/selenium/selenium-remote-driver/4.27.0/selenium-remote-driver-4.27.0.jar:/Users/rohitsharma/.m2/repository/com/google/guava/guava/33.3.1-jre/guava-33.3.1-jre.jar:/Users/rohitsharma/.m2/repository/com/google/guava/failureaccess/1.0.2/failureaccess-1.0.2.jar:/Users/rohitsharma/.m2/repository/com/google/guava/listenablefuture/9999.0-empty-to-avoid-conflict-with-guava/listenablefuture-9999.0-empty-to-avoid-conflict-with-guava.jar:/Users/rohitsharma/.m2/repository/com/google/code/findbugs/jsr305/3.0.2/jsr305-3.0.2.jar:/Users/rohitsharma/.m2/repository/org/checkerframework/checker-qual/3.43.0/checker-qual-3.43.0.jar:/Users/rohitsharma/.m2/repository/com/google/errorprone/error_prone_annotations/2.28.0/error_prone_annotations-2.28.0.jar:/Users/rohitsharma/.m2/repository/com/google/j2objc/j2objc-annotations/3.0.0/j2objc-annotations-3.0.0.jar:/Users/rohitsharma/.m2/repository/io/opentelemetry/semconv/opentelemetry-semconv/1.25.0-alpha/opentelemetry-semconv-1.25.0-alpha.jar:/Users/rohitsharma/.m2/repository/io/opentelemetry/opentelemetry-api/1.44.1/opentelemetry-api-1.44.1.jar:/Users/rohitsharma/.m2/repository/io/opentelemetry/opentelemetry-context/1.44.1/opentelemetry-context-1.44.1.jar:/Users/rohitsharma/.m2/repository/io/opentelemetry/opentelemetry-exporter-logging/1.44.1/opentelemetry-exporter-logging-1.44.1.jar:/Users/rohitsharma/.m2/repository/io/opentelemetry/opentelemetry-sdk-common/1.44.1/opentelemetry-sdk-common-1.44.1.jar:/Users/rohitsharma/.m2/repository/io/opentelemetry/opentelemetry-sdk-extension-autoconfigure-spi/1.44.1/opentelemetry-sdk-extension-autoconfigure-spi-1.44.1.jar:/Users/rohitsharma/.m2/repository/io/opentelemetry/opentelemetry-sdk-extension-autoconfigure/1.44.1/opentelemetry-sdk-extension-autoconfigure-1.44.1.jar:/Users/rohitsharma/.m2/repository/io/opentelemetry/opentelemetry-api-incubator/1.44.1-alpha/opentelemetry-api-incubator-1.44.1-alpha.jar:/Users/rohitsharma/.m2/repository/io/opentelemetry/opentelemetry-sdk-trace/1.44.1/opentelemetry-sdk-trace-1.44.1.jar:/Users/rohitsharma/.m2/repository/io/opentelemetry/opentelemetry-sdk/1.44.1/opentelemetry-sdk-1.44.1.jar:/Users/rohitsharma/.m2/repository/io/opentelemetry/opentelemetry-sdk-metrics/1.44.1/opentelemetry-sdk-metrics-1.44.1.jar:/Users/rohitsharma/.m2/repository/io/opentelemetry/opentelemetry-sdk-logs/1.44.1/opentelemetry-sdk-logs-1.44.1.jar:/Users/rohitsharma/.m2/repository/net/bytebuddy/byte-buddy/1.15.10/byte-buddy-1.15.10.jar:/Users/rohitsharma/.m2/repository/org/seleniumhq/selenium/selenium-os/4.27.0/selenium-os-4.27.0.jar:/Users/rohitsharma/.m2/repository/org/apache/commons/commons-exec/1.4.0/commons-exec-1.4.0.jar:/Users/rohitsharma/.m2/repository/org/seleniumhq/selenium/selenium-safari-driver/4.27.0/selenium-safari-driver-4.27.0.jar:/Users/rohitsharma/.m2/repository/org/seleniumhq/selenium/selenium-support/4.27.0/selenium-support-4.27.0.jar:/Users/rohitsharma/.m2/repository/io/cucumber/cucumber-picocontainer/4.2.6/cucumber-picocontainer-4.2.6.jar:/Users/rohitsharma/.m2/repository/org/picocontainer/picocontainer/2.15/picocontainer-2.15.jar:"/>
    <property name="java.vm.vendor" value="Homebrew"/>
    <property name="sun.arch.data.model" value="64"/>
    <property name="java.vendor.url" value="https://github.com/Homebrew/homebrew-core/issues"/>
    <property name="user.timezone" value="Asia/Kolkata"/>
    <property name="os.name" value="Mac OS X"/>
    <property name="java.vm.specification.version" value="23"/>
    <property name="sun.java.launcher" value="SUN_STANDARD"/>
    <property name="user.country" value="IN"/>
    <property name="sun.boot.library.path" value="/opt/homebrew/Cellar/openjdk/23.0.1/libexec/openjdk.jdk/Contents/Home/lib"/>
    <property name="sun.java.command" value="/Users/rohitsharma/eclipse-workspace/MyAutomationProject/target/surefire/surefirebooter-20250826172221619_3.jar /Users/rohitsharma/eclipse-workspace/MyAutomationProject/target/surefire 2025-08-26T17-22-21_572-jvmRun1 surefire-20250826172221619_1tmp surefire_0-20250826172221619_2tmp"/>
    <property name="http.nonProxyHosts" value="local|*.local|169.254/16|*.169.254/16"/>
    <property name="jdk.debug" value="release"/>
    <property name="surefire.test.class.path" value="/Users/rohitsharma/eclipse-workspace/MyAutomationProject/target/test-classes:/Users/rohitsharma/eclipse-workspace/MyAutomationProject/target/classes:/Users/rohitsharma/.m2/repository/io/qameta/allure/allure-cucumber7-jvm/2.29.0/allure-cucumber7-jvm-2.29.0.jar:/Users/rohitsharma/.m2/repository/io/qameta/allure/allure-java-commons/2.29.0/allure-java-commons-2.29.0.jar:/Users/rohitsharma/.m2/repository/io/qameta/allure/allure-model/2.29.0/allure-model-2.29.0.jar:/Users/rohitsharma/.m2/repository/io/qameta/allure/allure-testng/2.29.0/allure-testng-2.29.0.jar:/Users/rohitsharma/.m2/repository/io/qameta/allure/allure-test-filter/2.29.0/allure-test-filter-2.29.0.jar:/Users/rohitsharma/.m2/repository/io/cucumber/cucumber-testng/7.20.1/cucumber-testng-7.20.1.jar:/Users/rohitsharma/.m2/repository/org/apiguardian/apiguardian-api/1.1.2/apiguardian-api-1.1.2.jar:/Users/rohitsharma/.m2/repository/io/cucumber/cucumber-java/7.20.1/cucumber-java-7.20.1.jar:/Users/rohitsharma/.m2/repository/io/cucumber/cucumber-core/7.20.1/cucumber-core-7.20.1.jar:/Users/rohitsharma/.m2/repository/io/cucumber/cucumber-gherkin-messages/7.20.1/cucumber-gherkin-messages-7.20.1.jar:/Users/rohitsharma/.m2/repository/io/cucumber/gherkin/28.0.0/gherkin-28.0.0.jar:/Users/rohitsharma/.m2/repository/io/cucumber/messages/24.1.0/messages-24.1.0.jar:/Users/rohitsharma/.m2/repository/io/cucumber/testng-xml-formatter/0.2.0/testng-xml-formatter-0.2.0.jar:/Users/rohitsharma/.m2/repository/io/cucumber/query/12.2.0/query-12.2.0.jar:/Users/rohitsharma/.m2/repository/io/cucumber/tag-expressions/6.1.0/tag-expressions-6.1.0.jar:/Users/rohitsharma/.m2/repository/io/cucumber/docstring/7.20.1/docstring-7.20.1.jar:/Users/rohitsharma/.m2/repository/io/cucumber/html-formatter/21.7.0/html-formatter-21.7.0.jar:/Users/rohitsharma/.m2/repository/io/cucumber/junit-xml-formatter/0.5.0/junit-xml-formatter-0.5.0.jar:/Users/rohitsharma/.m2/repository/io/cucumber/ci-environment/10.0.1/ci-environment-10.0.1.jar:/Users/rohitsharma/.m2/repository/io/cucumber/cucumber-plugin/7.20.1/cucumber-plugin-7.20.1.jar:/Users/rohitsharma/.m2/repository/io/cucumber/cucumber-gherkin/7.20.1/cucumber-gherkin-7.20.1.jar:/Users/rohitsharma/.m2/repository/com/aventstack/extentreports/5.1.2/extentreports-5.1.2.jar:/Users/rohitsharma/.m2/repository/io/reactivex/rxjava3/rxjava/3.1.6/rxjava-3.1.6.jar:/Users/rohitsharma/.m2/repository/org/reactivestreams/reactive-streams/1.0.4/reactive-streams-1.0.4.jar:/Users/rohitsharma/.m2/repository/org/freemarker/freemarker/2.3.32/freemarker-2.3.32.jar:/Users/rohitsharma/.m2/repository/org/projectlombok/lombok/1.18.26/lombok-1.18.26.jar:/Users/rohitsharma/.m2/repository/com/google/code/gson/gson/2.10.1/gson-2.10.1.jar:/Users/rohitsharma/.m2/repository/tech/grasshopper/extentreports-cucumber6-adapter/2.18.0/extentreports-cucumber6-adapter-2.18.0.jar:/Users/rohitsharma/.m2/repository/tech/grasshopper/extent-pdf-report/2.12.0/extent-pdf-report-2.12.0.jar:/Users/rohitsharma/.m2/repository/tech/grasshopper/cucumber-pdf-report/2.14.0/cucumber-pdf-report-2.14.0.jar:/Users/rohitsharma/.m2/repository/org/apache/pdfbox/pdfbox/2.0.26/pdfbox-2.0.26.jar:/Users/rohitsharma/.m2/repository/org/apache/pdfbox/fontbox/2.0.26/fontbox-2.0.26.jar:/Users/rohitsharma/.m2/repository/org/knowm/xchart/xchart/3.8.0/xchart-3.8.0.jar:/Users/rohitsharma/.m2/repository/de/erichseifert/vectorgraphics2d/VectorGraphics2D/0.13/VectorGraphics2D-0.13.jar:/Users/rohitsharma/.m2/repository/de/rototor/pdfbox/graphics2d/0.30/graphics2d-0.30.jar:/Users/rohitsharma/.m2/repository/com/madgag/animated-gif-lib/1.4/animated-gif-lib-1.4.jar:/Users/rohitsharma/.m2/repository/org/yaml/snakeyaml/2.0/snakeyaml-2.0.jar:/Users/rohitsharma/.m2/repository/tech/grasshopper/table-layout/1.5.1/table-layout-1.5.1.jar:/Users/rohitsharma/.m2/repository/tech/grasshopper/rest-assured-cucumber-pdf-report/1.5.0/rest-assured-cucumber-pdf-report-1.5.0.jar:/Users/rohitsharma/.m2/repository/org/jsoup/jsoup/1.15.3/jsoup-1.15.3.jar:/Users/rohitsharma/.m2/repository/com/aventstack/klov-reporter/5.0.9/klov-reporter-5.0.9.jar:/Users/rohitsharma/.m2/repository/org/mongodb/bson/3.6.4/bson-3.6.4.jar:/Users/rohitsharma/.m2/repository/tech/grasshopper/htmlextentreporter/1.1.0/htmlextentreporter-1.1.0.jar:/Users/rohitsharma/.m2/repository/tech/grasshopper/extent-excel-report/1.4.0/extent-excel-report-1.4.0.jar:/Users/rohitsharma/.m2/repository/org/apache/poi/poi/5.2.3/poi-5.2.3.jar:/Users/rohitsharma/.m2/repository/org/apache/commons/commons-collections4/4.4/commons-collections4-4.4.jar:/Users/rohitsharma/.m2/repository/org/apache/commons/commons-math3/3.6.1/commons-math3-3.6.1.jar:/Users/rohitsharma/.m2/repository/commons-io/commons-io/2.11.0/commons-io-2.11.0.jar:/Users/rohitsharma/.m2/repository/com/zaxxer/SparseBitSet/1.2/SparseBitSet-1.2.jar:/Users/rohitsharma/.m2/repository/org/apache/logging/log4j/log4j-api/2.18.0/log4j-api-2.18.0.jar:/Users/rohitsharma/.m2/repository/org/apache/poi/poi-ooxml/5.2.3/poi-ooxml-5.2.3.jar:/Users/rohitsharma/.m2/repository/org/apache/poi/poi-ooxml-lite/5.2.3/poi-ooxml-lite-5.2.3.jar:/Users/rohitsharma/.m2/repository/org/apache/xmlbeans/xmlbeans/5.1.1/xmlbeans-5.1.1.jar:/Users/rohitsharma/.m2/repository/org/apache/commons/commons-compress/1.21/commons-compress-1.21.jar:/Users/rohitsharma/.m2/repository/com/github/virtuald/curvesapi/1.07/curvesapi-1.07.jar:/Users/rohitsharma/.m2/repository/org/mongodb/mongodb-driver/3.3.0/mongodb-driver-3.3.0.jar:/Users/rohitsharma/.m2/repository/org/mongodb/mongodb-driver-core/3.3.0/mongodb-driver-core-3.3.0.jar:/Users/rohitsharma/.m2/repository/io/cucumber/datatable/7.20.1/datatable-7.20.1.jar:/Users/rohitsharma/.m2/repository/io/cucumber/cucumber-expressions/18.0.1/cucumber-expressions-18.0.1.jar:/Users/rohitsharma/.m2/repository/org/testng/testng/7.10.2/testng-7.10.2.jar:/Users/rohitsharma/.m2/repository/org/slf4j/slf4j-api/1.7.36/slf4j-api-1.7.36.jar:/Users/rohitsharma/.m2/repository/com/beust/jcommander/1.82/jcommander-1.82.jar:/Users/rohitsharma/.m2/repository/org/webjars/jquery/3.7.1/jquery-3.7.1.jar:/Users/rohitsharma/.m2/repository/org/apache/commons/commons-email/1.6.0/commons-email-1.6.0.jar:/Users/rohitsharma/.m2/repository/com/sun/mail/jakarta.mail/1.6.7/jakarta.mail-1.6.7.jar:/Users/rohitsharma/.m2/repository/com/sun/activation/jakarta.activation/1.2.1/jakarta.activation-1.2.1.jar:/Users/rohitsharma/.m2/repository/com/fasterxml/jackson/core/jackson-core/2.18.2/jackson-core-2.18.2.jar:/Users/rohitsharma/.m2/repository/com/fasterxml/jackson/core/jackson-databind/2.18.2/jackson-databind-2.18.2.jar:/Users/rohitsharma/.m2/repository/io/appium/java-client/10.0.0/java-client-10.0.0.jar:/Users/rohitsharma/.m2/repository/org/jspecify/jspecify/1.0.0/jspecify-1.0.0.jar:/Users/rohitsharma/.m2/repository/com/fasterxml/jackson/core/jackson-annotations/2.18.2/jackson-annotations-2.18.2.jar:/Users/rohitsharma/.m2/repository/io/rest-assured/rest-assured/5.5.0/rest-assured-5.5.0.jar:/Users/rohitsharma/.m2/repository/org/apache/groovy/groovy/4.0.22/groovy-4.0.22.jar:/Users/rohitsharma/.m2/repository/org/apache/groovy/groovy-xml/4.0.22/groovy-xml-4.0.22.jar:/Users/rohitsharma/.m2/repository/org/apache/httpcomponents/httpclient/4.5.13/httpclient-4.5.13.jar:/Users/rohitsharma/.m2/repository/org/apache/httpcomponents/httpcore/4.4.13/httpcore-4.4.13.jar:/Users/rohitsharma/.m2/repository/commons-logging/commons-logging/1.2/commons-logging-1.2.jar:/Users/rohitsharma/.m2/repository/commons-codec/commons-codec/1.11/commons-codec-1.11.jar:/Users/rohitsharma/.m2/repository/org/apache/httpcomponents/httpmime/4.5.13/httpmime-4.5.13.jar:/Users/rohitsharma/.m2/repository/org/hamcrest/hamcrest/2.2/hamcrest-2.2.jar:/Users/rohitsharma/.m2/repository/org/ccil/cowan/tagsoup/tagsoup/1.2.1/tagsoup-1.2.1.jar:/Users/rohitsharma/.m2/repository/io/rest-assured/json-path/5.5.0/json-path-5.5.0.jar:/Users/rohitsharma/.m2/repository/org/apache/groovy/groovy-json/4.0.22/groovy-json-4.0.22.jar:/Users/rohitsharma/.m2/repository/io/rest-assured/rest-assured-common/5.5.0/rest-assured-common-5.5.0.jar:/Users/rohitsharma/.m2/repository/io/rest-assured/xml-path/5.5.0/xml-path-5.5.0.jar:/Users/rohitsharma/.m2/repository/org/apache/commons/commons-lang3/3.11/commons-lang3-3.11.jar:/Users/rohitsharma/.m2/repository/io/rest-assured/rest-assured-all/5.5.0/rest-assured-all-5.5.0.jar:/Users/rohitsharma/.m2/repository/org/seleniumhq/selenium/selenium-java/4.27.0/selenium-java-4.27.0.jar:/Users/rohitsharma/.m2/repository/org/seleniumhq/selenium/selenium-api/4.27.0/selenium-api-4.27.0.jar:/Users/rohitsharma/.m2/repository/org/seleniumhq/selenium/selenium-chrome-driver/4.27.0/selenium-chrome-driver-4.27.0.jar:/Users/rohitsharma/.m2/repository/com/google/auto/service/auto-service-annotations/1.1.1/auto-service-annotations-1.1.1.jar:/Users/rohitsharma/.m2/repository/org/seleniumhq/selenium/selenium-chromium-driver/4.27.0/selenium-chromium-driver-4.27.0.jar:/Users/rohitsharma/.m2/repository/org/seleniumhq/selenium/selenium-json/4.27.0/selenium-json-4.27.0.jar:/Users/rohitsharma/.m2/repository/org/seleniumhq/selenium/selenium-manager/4.27.0/selenium-manager-4.27.0.jar:/Users/rohitsharma/.m2/repository/org/seleniumhq/selenium/selenium-devtools-v129/4.27.0/selenium-devtools-v129-4.27.0.jar:/Users/rohitsharma/.m2/repository/org/seleniumhq/selenium/selenium-devtools-v130/4.27.0/selenium-devtools-v130-4.27.0.jar:/Users/rohitsharma/.m2/repository/org/seleniumhq/selenium/selenium-devtools-v131/4.27.0/selenium-devtools-v131-4.27.0.jar:/Users/rohitsharma/.m2/repository/org/seleniumhq/selenium/selenium-devtools-v85/4.27.0/selenium-devtools-v85-4.27.0.jar:/Users/rohitsharma/.m2/repository/org/seleniumhq/selenium/selenium-edge-driver/4.27.0/selenium-edge-driver-4.27.0.jar:/Users/rohitsharma/.m2/repository/org/seleniumhq/selenium/selenium-firefox-driver/4.27.0/selenium-firefox-driver-4.27.0.jar:/Users/rohitsharma/.m2/repository/org/seleniumhq/selenium/selenium-http/4.27.0/selenium-http-4.27.0.jar:/Users/rohitsharma/.m2/repository/dev/failsafe/failsafe/3.3.2/failsafe-3.3.2.jar:/Users/rohitsharma/.m2/repository/org/seleniumhq/selenium/selenium-ie-driver/4.27.0/selenium-ie-driver-4.27.0.jar:/Users/rohitsharma/.m2/repository/org/seleniumhq/selenium/selenium-remote-driver/4.27.0/selenium-remote-driver-4.27.0.jar:/Users/rohitsharma/.m2/repository/com/google/guava/guava/33.3.1-jre/guava-33.3.1-jre.jar:/Users/rohitsharma/.m2/repository/com/google/guava/failureaccess/1.0.2/failureaccess-1.0.2.jar:/Users/rohitsharma/.m2/repository/com/google/guava/listenablefuture/9999.0-empty-to-avoid-conflict-with-guava/listenablefuture-9999.0-empty-to-avoid-conflict-with-guava.jar:/Users/rohitsharma/.m2/repository/com/google/code/findbugs/jsr305/3.0.2/jsr305-3.0.2.jar:/Users/rohitsharma/.m2/repository/org/checkerframework/checker-qual/3.43.0/checker-qual-3.43.0.jar:/Users/rohitsharma/.m2/repository/com/google/errorprone/error_prone_annotations/2.28.0/error_prone_annotations-2.28.0.jar:/Users/rohitsharma/.m2/repository/com/google/j2objc/j2objc-annotations/3.0.0/j2objc-annotations-3.0.0.jar:/Users/rohitsharma/.m2/repository/io/opentelemetry/semconv/opentelemetry-semconv/1.25.0-alpha/opentelemetry-semconv-1.25.0-alpha.jar:/Users/rohitsharma/.m2/repository/io/opentelemetry/opentelemetry-api/1.44.1/opentelemetry-api-1.44.1.jar:/Users/rohitsharma/.m2/repository/io/opentelemetry/opentelemetry-context/1.44.1/opentelemetry-context-1.44.1.jar:/Users/rohitsharma/.m2/repository/io/opentelemetry/opentelemetry-exporter-logging/1.44.1/opentelemetry-exporter-logging-1.44.1.jar:/Users/rohitsharma/.m2/repository/io/opentelemetry/opentelemetry-sdk-common/1.44.1/opentelemetry-sdk-common-1.44.1.jar:/Users/rohitsharma/.m2/repository/io/opentelemetry/opentelemetry-sdk-extension-autoconfigure-spi/1.44.1/opentelemetry-sdk-extension-autoconfigure-spi-1.44.1.jar:/Users/rohitsharma/.m2/repository/io/opentelemetry/opentelemetry-sdk-extension-autoconfigure/1.44.1/opentelemetry-sdk-extension-autoconfigure-1.44.1.jar:/Users/rohitsharma/.m2/repository/io/opentelemetry/opentelemetry-api-incubator/1.44.1-alpha/opentelemetry-api-incubator-1.44.1-alpha.jar:/Users/rohitsharma/.m2/repository/io/opentelemetry/opentelemetry-sdk-trace/1.44.1/opentelemetry-sdk-trace-1.44.1.jar:/Users/rohitsharma/.m2/repository/io/opentelemetry/opentelemetry-sdk/1.44.1/opentelemetry-sdk-1.44.1.jar:/Users/rohitsharma/.m2/repository/io/opentelemetry/opentelemetry-sdk-metrics/1.44.1/opentelemetry-sdk-metrics-1.44.1.jar:/Users/rohitsharma/.m2/repository/io/opentelemetry/opentelemetry-sdk-logs/1.44.1/opentelemetry-sdk-logs-1.44.1.jar:/Users/rohitsharma/.m2/repository/net/bytebuddy/byte-buddy/1.15.10/byte-buddy-1.15.10.jar:/Users/rohitsharma/.m2/repository/org/seleniumhq/selenium/selenium-os/4.27.0/selenium-os-4.27.0.jar:/Users/rohitsharma/.m2/repository/org/apache/commons/commons-exec/1.4.0/commons-exec-1.4.0.jar:/Users/rohitsharma/.m2/repository/org/seleniumhq/selenium/selenium-safari-driver/4.27.0/selenium-safari-driver-4.27.0.jar:/Users/rohitsharma/.m2/repository/org/seleniumhq/selenium/selenium-support/4.27.0/selenium-support-4.27.0.jar:/Users/rohitsharma/.m2/repository/io/cucumber/cucumber-picocontainer/4.2.6/cucumber-picocontainer-4.2.6.jar:/Users/rohitsharma/.m2/repository/org/picocontainer/picocontainer/2.15/picocontainer-2.15.jar:"/>
    <property name="sun.cpu.endian" value="little"/>
    <property name="user.home" value="/Users/rohitsharma"/>
    <property name="user.language" value="en"/>
    <property name="java.specification.vendor" value="Oracle Corporation"/>
    <property name="java.version.date" value="2024-10-15"/>
    <property name="java.home" value="/opt/homebrew/Cellar/openjdk/23.0.1/libexec/openjdk.jdk/Contents/Home"/>
    <property name="file.separator" value="/"/>
    <property name="basedir" value="/Users/rohitsharma/eclipse-workspace/MyAutomationProject"/>
    <property name="style.color" value="always"/>
    <property name="java.vm.compressedOopsMode" value="Zero based"/>
    <property name="line.separator" value="&#10;"/>
    <property name="java.vm.specification.vendor" value="Oracle Corporation"/>
    <property name="java.specification.name" value="Java Platform API Specification"/>
    <property name="apple.awt.application.name" value="ForkedBooter"/>
    <property name="surefire.real.class.path" value="/Users/rohitsharma/eclipse-workspace/MyAutomationProject/target/surefire/surefirebooter-20250826172221619_3.jar"/>
    <property name="sun.management.compiler" value="HotSpot 64-Bit Tiered Compilers"/>
    <property name="ftp.nonProxyHosts" value="local|*.local|169.254/16|*.169.254/16"/>
    <property name="java.runtime.version" value="23.0.1"/>
    <property name="user.name" value="rohitsharma"/>
    <property name="stdout.encoding" value="UTF-8"/>
    <property name="path.separator" value=":"/>
    <property name="otel.metrics.exporter" value="none"/>
    <property name="os.version" value="15.6.1"/>
    <property name="java.runtime.name" value="OpenJDK Runtime Environment"/>
    <property name="otel.traces.exporter" value="none"/>
    <property name="file.encoding" value="UTF-8"/>
    <property name="java.vm.name" value="OpenJDK 64-Bit Server VM"/>
    <property name="java.vendor.version" value="Homebrew"/>
    <property name="localRepository" value="/Users/rohitsharma/.m2/repository"/>
    <property name="java.vendor.url.bug" value="https://github.com/Homebrew/homebrew-core/issues"/>
    <property name="otel.logs.exporter" value="none"/>
    <property name="java.io.tmpdir" value="/var/folders/mw/6crxb4g55cg4gvf9b81gtsf00000gn/T/"/>
    <property name="java.version" value="23.0.1"/>
    <property name="user.dir" value="/Users/rohitsharma/eclipse-workspace/MyAutomationProject"/>
    <property name="os.arch" value="aarch64"/>
    <property name="java.vm.specification.name" value="Java Virtual Machine Specification"/>
    <property name="native.encoding" value="UTF-8"/>
    <property name="java.library.path" value="/Users/rohitsharma/Library/Java/Extensions:/Library/Java/Extensions:/Network/Library/Java/Extensions:/System/Library/Java/Extensions:/usr/lib/java:."/>
    <property name="java.vm.info" value="mixed mode, sharing"/>
    <property name="stderr.encoding" value="UTF-8"/>
    <property name="java.vendor" value="Homebrew"/>
    <property name="java.vm.version" value="23.0.1"/>
    <property name="sun.io.unicode.encoding" value="UnicodeBig"/>
    <property name="socksNonProxyHosts" value="local|*.local|169.254/16|*.169.254/16"/>
    <property name="java.class.version" value="67.0"/>
  </properties>
  <testcase name="runScenario[&quot;Login with &quot;rohit&quot; and &quot;rohit&quot;&quot;, &quot;Login&quot;](1)" classname="Selenium.Cucumber.RunCucumberTest" time="5.3">
    <failure message="Could not start a new session. Possible causes are invalid address of the remote server or browser start-up failure. &#10;Host info: host: &apos;Rohits-MacBook-Air.local&apos;, ip: &apos;2401:4900:8fe0:26d2:38af:29dd:680e:1871%en0&apos;&#10;Build info: version: &apos;4.27.0&apos;, revision: &apos;d6e718d134&apos;&#10;System info: os.name: &apos;Mac OS X&apos;, os.arch: &apos;aarch64&apos;, os.version: &apos;15.6.1&apos;, java.version: &apos;23.0.1&apos;&#10;Driver info: org.openqa.selenium.remote.RemoteWebDriver&#10;Command: [null, newSession {capabilities=[Capabilities {acceptInsecureCerts: true, browserName: chrome, goog:chromeOptions: {args: [--headless=new, --disable-gpu, --no-sandbox], extensions: []}, unhandledPromptBehavior: ignore}]}]&#10;Capabilities {acceptInsecureCerts: true, browserName: chrome, goog:chromeOptions: {args: [--headless=new, --disable-gpu, --no-sandbox], extensions: []}, unhandledPromptBehavior: ignore}" type="org.openqa.selenium.SessionNotCreatedException"><![CDATA[org.openqa.selenium.SessionNotCreatedException: 
Could not start a new session. Possible causes are invalid address of the remote server or browser start-up failure. 
Host info: host: 'Rohits-MacBook-Air.local', ip: '2401:4900:8fe0:26d2:38af:29dd:680e:1871%en0'
Build info: version: '4.27.0', revision: 'd6e718d134'
System info: os.name: 'Mac OS X', os.arch: 'aarch64', os.version: '15.6.1', java.version: '23.0.1'
Driver info: org.openqa.selenium.remote.RemoteWebDriver
Command: [null, newSession {capabilities=[Capabilities {acceptInsecureCerts: true, browserName: chrome, goog:chromeOptions: {args: [--headless=new, --disable-gpu, --no-sandbox], extensions: []}, unhandledPromptBehavior: ignore}]}]
Capabilities {acceptInsecureCerts: true, browserName: chrome, goog:chromeOptions: {args: [--headless=new, --disable-gpu, --no-sandbox], extensions: []}, unhandledPromptBehavior: ignore}
	at org.openqa.selenium.remote.RemoteWebDriver.execute(RemoteWebDriver.java:563)
	at org.openqa.selenium.remote.RemoteWebDriver.startSession(RemoteWebDriver.java:245)
	at org.openqa.selenium.remote.RemoteWebDriver.<init>(RemoteWebDriver.java:174)
	at org.openqa.selenium.remote.RemoteWebDriver.<init>(RemoteWebDriver.java:152)
	at Listeners.ParallelEventListenerCucumber.handleTestCaseStarted(ParallelEventListenerCucumber.java:155)
	at io.cucumber.core.eventbus.AbstractEventPublisher.send(AbstractEventPublisher.java:51)
	at io.cucumber.core.eventbus.AbstractEventBus.send(AbstractEventBus.java:12)
	at io.cucumber.core.runtime.SynchronizedEventBus.send(SynchronizedEventBus.java:47)
	at io.cucumber.core.runtime.ThreadLocalRunnerSupplier$LocalEventBus.send(ThreadLocalRunnerSupplier.java:62)
	at io.cucumber.core.runner.TestCase.emitTestCaseStarted(TestCase.java:206)
	at io.cucumber.core.runner.TestCase.run(TestCase.java:72)
	at io.cucumber.core.runner.Runner.runPickle(Runner.java:75)
	at io.cucumber.testng.TestNGCucumberRunner.lambda$runScenario$1(TestNGCucumberRunner.java:135)
	at io.cucumber.core.runtime.CucumberExecutionContext.lambda$runTestCase$5(CucumberExecutionContext.java:136)
	at io.cucumber.core.runtime.RethrowingThrowableCollector.executeAndThrow(RethrowingThrowableCollector.java:23)
	at io.cucumber.core.runtime.CucumberExecutionContext.runTestCase(CucumberExecutionContext.java:136)
	at io.cucumber.testng.TestNGCucumberRunner.runScenario(TestNGCucumberRunner.java:132)
	at io.cucumber.testng.AbstractTestNGCucumberTests.runScenario(AbstractTestNGCucumberTests.java:35)
	at java.base/jdk.internal.reflect.DirectMethodHandleAccessor.invoke(DirectMethodHandleAccessor.java:103)
	at java.base/java.lang.reflect.Method.invoke(Method.java:580)
	at org.testng.internal.invokers.MethodInvocationHelper.invokeMethod(MethodInvocationHelper.java:141)
	at org.testng.internal.invokers.TestInvoker.invokeMethod(TestInvoker.java:686)
	at org.testng.internal.invokers.TestInvoker.invokeTestMethod(TestInvoker.java:230)
	at org.testng.internal.invokers.TestMethodWithDataProviderMethodWorker.call(TestMethodWithDataProviderMethodWorker.java:81)
	at org.testng.internal.thread.Async$AsyncTask.run(Async.java:34)
	at java.base/java.util.concurrent.ThreadPoolExecutor.runWorker(ThreadPoolExecutor.java:1144)
	at java.base/java.util.concurrent.ThreadPoolExecutor$Worker.run(ThreadPoolExecutor.java:642)
	at java.base/java.lang.Thread.run(Thread.java:1575)
Caused by: java.io.UncheckedIOException: java.net.ConnectException
	at org.openqa.selenium.remote.http.jdk.JdkHttpClient.execute0(JdkHttpClient.java:496)
	at org.openqa.selenium.remote.http.AddSeleniumUserAgent.lambda$apply$0(AddSeleniumUserAgent.java:42)
	at org.openqa.selenium.remote.http.Filter.lambda$andFinally$1(Filter.java:55)
	at org.openqa.selenium.remote.http.jdk.JdkHttpClient.lambda$executeAsync$1(JdkHttpClient.java:383)
	at java.base/java.util.concurrent.Executors$RunnableAdapter.call(Executors.java:572)
	at java.base/java.util.concurrent.FutureTask.run(FutureTask.java:317)
	... 3 more
Caused by: java.net.ConnectException
	at java.net.http/jdk.internal.net.http.HttpClientImpl.send(HttpClientImpl.java:956)
	at java.net.http/jdk.internal.net.http.HttpClientFacade.send(HttpClientFacade.java:133)
	at org.openqa.selenium.remote.http.jdk.JdkHttpClient.execute0(JdkHttpClient.java:455)
	... 8 more
Caused by: java.net.ConnectException
	at java.net.http/jdk.internal.net.http.common.Utils.toConnectException(Utils.java:1082)
	at java.net.http/jdk.internal.net.http.PlainHttpConnection.connectAsync(PlainHttpConnection.java:227)
	at java.net.http/jdk.internal.net.http.PlainHttpConnection.checkRetryConnect(PlainHttpConnection.java:280)
	at java.net.http/jdk.internal.net.http.PlainHttpConnection.lambda$connectAsync$2(PlainHttpConnection.java:238)
	at java.base/java.util.concurrent.CompletableFuture.uniHandle(CompletableFuture.java:978)
	at java.base/java.util.concurrent.CompletableFuture$UniHandle.tryFire(CompletableFuture.java:955)
	at java.base/java.util.concurrent.CompletableFuture.postComplete(CompletableFuture.java:554)
	at java.base/java.util.concurrent.CompletableFuture$AsyncSupply.run(CompletableFuture.java:1817)
	... 3 more
Caused by: java.nio.channels.ClosedChannelException
	at java.base/sun.nio.ch.SocketChannelImpl.ensureOpen(SocketChannelImpl.java:204)
	at java.base/sun.nio.ch.SocketChannelImpl.connect(SocketChannelImpl.java:958)
	at java.net.http/jdk.internal.net.http.PlainHttpConnection.lambda$connectAsync$1(PlainHttpConnection.java:210)
	at java.base/java.security.AccessController.doPrivileged(AccessController.java:571)
	at java.net.http/jdk.internal.net.http.PlainHttpConnection.connectAsync(PlainHttpConnection.java:212)
	... 9 more
]]></failure>
    <system-out><![CDATA[WARN Appium Appium encountered 1 warning while validating drivers found in manifest /Users/rohitsharma/.appium/node_modules/.cache/appium/extensions.yaml
WARN Appium Driver "uiautomator2" has 1 potential problem: 
WARN Appium   - Driver "uiautomator2" (package `appium-uiautomator2-driver`) may be incompatible with the current version of Appium (v2.15.0) due to its peer dependency on Appium ^3.0.0-rc.2. Please install a compatible version of the driver.
&amp#27;[38;5;112m[Appium]&amp#27;[0m Welcome to Appium v2.15.0
&amp#27;[38;5;112m[Appium]&amp#27;[0m Non-default server args:
&amp#27;[38;5;112m[Appium]&amp#27;[0m { port: &amp#27;[33m4725&amp#27;[39m }
&amp#27;[38;5;112m[Appium]&amp#27;[0m The autodetected Appium home path: /Users/rohitsharma/.appium
&amp#27;[38;5;112m[Appium]&amp#27;[0m Attempting to load driver uiautomator2...
&amp#27;[38;5;112m[Appium]&amp#27;[0m Requiring driver at /Users/rohitsharma/.appium/node_modules/appium-uiautomator2-driver/build/index.js
&amp#27;[38;5;112m[Appium]&amp#27;[0m AndroidUiautomator2Driver has been successfully loaded in 0.472s
&amp#27;[38;5;112m[Appium]&amp#27;[0m Appium REST http interface listener started on http://0.0.0.0:4725
&amp#27;[38;5;112m[Appium]&amp#27;[0m You can provide the following URLs in your client code to connect to this server:
	http://127.0.0.1:4725/ (only accessible from the same host)
	http://192.168.1.7:4725/
&amp#27;[38;5;112m[Appium]&amp#27;[0m Available drivers:
&amp#27;[38;5;112m[Appium]&amp#27;[0m   - uiautomator2@5.0.0 (automationName 'UiAutomator2')
&amp#27;[38;5;112m[Appium]&amp#27;[0m No plugins have been installed. Use the "appium plugin" command to install the one(s) you want to use.
&amp#27;[38;5;86m[HTTP]&amp#27;[0m &amp#27;[37m-->&amp#27;[39m &amp#27;[37mGET&amp#27;[39m &amp#27;[37m/status&amp#27;[39m {}
&amp#27;[38;5;55m[AppiumDriver@7770]&amp#27;[0m Calling AppiumDriver.getStatus() with args: []
&amp#27;[38;5;55m[AppiumDriver@7770]&amp#27;[0m Responding to client with driver.getStatus() result: {"ready":true,"message":"The server is ready to accept new connections","build":{"version":"2.15.0"}}
&amp#27;[38;5;86m[HTTP]&amp#27;[0m <-- GET /status 200 5 ms - 111 
Appium Service started at port 4725
3total 
[START] Login with "rohit" and "rohit" on Thread 36
[START] Verify Dashboard page on Thread 34
]]></system-out>
    <system-err><![CDATA[SLF4J: Failed to load class "org.slf4j.impl.StaticLoggerBinder".
SLF4J: Defaulting to no-operation (NOP) logger implementation
SLF4J: See http://www.slf4j.org/codes.html#StaticLoggerBinder for further details.
Aug 26, 2025 5:22:29 PM org.openqa.selenium.remote.tracing.opentelemetry.OpenTelemetryTracer createTracer
INFO: Using OpenTelemetry for tracing
]]></system-err>
  </testcase>
  <testcase name="runScenario[&quot;Verify Dashboard page&quot;, &quot;Dashboard&quot;](2)" classname="Selenium.Cucumber.RunCucumberTest" time="5.307">
    <failure message="Could not start a new session. Possible causes are invalid address of the remote server or browser start-up failure. &#10;Host info: host: &apos;Rohits-MacBook-Air.local&apos;, ip: &apos;2401:4900:8fe0:26d2:38af:29dd:680e:1871%en0&apos;&#10;Build info: version: &apos;4.27.0&apos;, revision: &apos;d6e718d134&apos;&#10;System info: os.name: &apos;Mac OS X&apos;, os.arch: &apos;aarch64&apos;, os.version: &apos;15.6.1&apos;, java.version: &apos;23.0.1&apos;&#10;Driver info: org.openqa.selenium.remote.RemoteWebDriver&#10;Command: [null, newSession {capabilities=[Capabilities {acceptInsecureCerts: true, browserName: chrome, goog:chromeOptions: {args: [--headless=new, --disable-gpu, --no-sandbox], extensions: []}, unhandledPromptBehavior: ignore}]}]&#10;Capabilities {acceptInsecureCerts: true, browserName: chrome, goog:chromeOptions: {args: [--headless=new, --disable-gpu, --no-sandbox], extensions: []}, unhandledPromptBehavior: ignore}" type="org.openqa.selenium.SessionNotCreatedException"><![CDATA[org.openqa.selenium.SessionNotCreatedException: 
Could not start a new session. Possible causes are invalid address of the remote server or browser start-up failure. 
Host info: host: 'Rohits-MacBook-Air.local', ip: '2401:4900:8fe0:26d2:38af:29dd:680e:1871%en0'
Build info: version: '4.27.0', revision: 'd6e718d134'
System info: os.name: 'Mac OS X', os.arch: 'aarch64', os.version: '15.6.1', java.version: '23.0.1'
Driver info: org.openqa.selenium.remote.RemoteWebDriver
Command: [null, newSession {capabilities=[Capabilities {acceptInsecureCerts: true, browserName: chrome, goog:chromeOptions: {args: [--headless=new, --disable-gpu, --no-sandbox], extensions: []}, unhandledPromptBehavior: ignore}]}]
Capabilities {acceptInsecureCerts: true, browserName: chrome, goog:chromeOptions: {args: [--headless=new, --disable-gpu, --no-sandbox], extensions: []}, unhandledPromptBehavior: ignore}
	at org.openqa.selenium.remote.RemoteWebDriver.execute(RemoteWebDriver.java:563)
	at org.openqa.selenium.remote.RemoteWebDriver.startSession(RemoteWebDriver.java:245)
	at org.openqa.selenium.remote.RemoteWebDriver.<init>(RemoteWebDriver.java:174)
	at org.openqa.selenium.remote.RemoteWebDriver.<init>(RemoteWebDriver.java:152)
	at Listeners.ParallelEventListenerCucumber.handleTestCaseStarted(ParallelEventListenerCucumber.java:155)
	at io.cucumber.core.eventbus.AbstractEventPublisher.send(AbstractEventPublisher.java:51)
	at io.cucumber.core.eventbus.AbstractEventBus.send(AbstractEventBus.java:12)
	at io.cucumber.core.runtime.SynchronizedEventBus.send(SynchronizedEventBus.java:47)
	at io.cucumber.core.runtime.ThreadLocalRunnerSupplier$LocalEventBus.send(ThreadLocalRunnerSupplier.java:62)
	at io.cucumber.core.runner.TestCase.emitTestCaseStarted(TestCase.java:206)
	at io.cucumber.core.runner.TestCase.run(TestCase.java:72)
	at io.cucumber.core.runner.Runner.runPickle(Runner.java:75)
	at io.cucumber.testng.TestNGCucumberRunner.lambda$runScenario$1(TestNGCucumberRunner.java:135)
	at io.cucumber.core.runtime.CucumberExecutionContext.lambda$runTestCase$5(CucumberExecutionContext.java:136)
	at io.cucumber.core.runtime.RethrowingThrowableCollector.executeAndThrow(RethrowingThrowableCollector.java:23)
	at io.cucumber.core.runtime.CucumberExecutionContext.runTestCase(CucumberExecutionContext.java:136)
	at io.cucumber.testng.TestNGCucumberRunner.runScenario(TestNGCucumberRunner.java:132)
	at io.cucumber.testng.AbstractTestNGCucumberTests.runScenario(AbstractTestNGCucumberTests.java:35)
	at java.base/jdk.internal.reflect.DirectMethodHandleAccessor.invoke(DirectMethodHandleAccessor.java:103)
	at java.base/java.lang.reflect.Method.invoke(Method.java:580)
	at org.testng.internal.invokers.MethodInvocationHelper.invokeMethod(MethodInvocationHelper.java:141)
	at org.testng.internal.invokers.TestInvoker.invokeMethod(TestInvoker.java:686)
	at org.testng.internal.invokers.TestInvoker.invokeTestMethod(TestInvoker.java:230)
	at org.testng.internal.invokers.TestMethodWithDataProviderMethodWorker.call(TestMethodWithDataProviderMethodWorker.java:81)
	at org.testng.internal.thread.Async$AsyncTask.run(Async.java:34)
	at java.base/java.util.concurrent.ThreadPoolExecutor.runWorker(ThreadPoolExecutor.java:1144)
	at java.base/java.util.concurrent.ThreadPoolExecutor$Worker.run(ThreadPoolExecutor.java:642)
	at java.base/java.lang.Thread.run(Thread.java:1575)
Caused by: java.io.UncheckedIOException: java.net.ConnectException
	at org.openqa.selenium.remote.http.jdk.JdkHttpClient.execute0(JdkHttpClient.java:496)
	at org.openqa.selenium.remote.http.AddSeleniumUserAgent.lambda$apply$0(AddSeleniumUserAgent.java:42)
	at org.openqa.selenium.remote.http.Filter.lambda$andFinally$1(Filter.java:55)
	at org.openqa.selenium.remote.http.jdk.JdkHttpClient.lambda$executeAsync$1(JdkHttpClient.java:383)
	at java.base/java.util.concurrent.Executors$RunnableAdapter.call(Executors.java:572)
	at java.base/java.util.concurrent.FutureTask.run(FutureTask.java:317)
	... 3 more
Caused by: java.net.ConnectException
	at java.net.http/jdk.internal.net.http.HttpClientImpl.send(HttpClientImpl.java:956)
	at java.net.http/jdk.internal.net.http.HttpClientFacade.send(HttpClientFacade.java:133)
	at org.openqa.selenium.remote.http.jdk.JdkHttpClient.execute0(JdkHttpClient.java:455)
	... 8 more
Caused by: java.net.ConnectException
	at java.net.http/jdk.internal.net.http.common.Utils.toConnectException(Utils.java:1082)
	at java.net.http/jdk.internal.net.http.PlainHttpConnection.connectAsync(PlainHttpConnection.java:227)
	at java.net.http/jdk.internal.net.http.PlainHttpConnection.checkRetryConnect(PlainHttpConnection.java:280)
	at java.net.http/jdk.internal.net.http.PlainHttpConnection.lambda$connectAsync$2(PlainHttpConnection.java:238)
	at java.base/java.util.concurrent.CompletableFuture.uniHandle(CompletableFuture.java:978)
	at java.base/java.util.concurrent.CompletableFuture$UniHandle.tryFire(CompletableFuture.java:955)
	at java.base/java.util.concurrent.CompletableFuture.postComplete(CompletableFuture.java:554)
	at java.base/java.util.concurrent.CompletableFuture$AsyncSupply.run(CompletableFuture.java:1817)
	... 3 more
Caused by: java.nio.channels.ClosedChannelException
	at java.base/sun.nio.ch.SocketChannelImpl.ensureOpen(SocketChannelImpl.java:204)
	at java.base/sun.nio.ch.SocketChannelImpl.connect(SocketChannelImpl.java:958)
	at java.net.http/jdk.internal.net.http.PlainHttpConnection.lambda$connectAsync$1(PlainHttpConnection.java:210)
	at java.base/java.security.AccessController.doPrivileged(AccessController.java:571)
	at java.net.http/jdk.internal.net.http.PlainHttpConnection.connectAsync(PlainHttpConnection.java:212)
	... 9 more
]]></failure>
    <system-out><![CDATA[[START] Verify Dashboard page on Thread 35
]]></system-out>
  </testcase>
  <testcase name="runScenario[&quot;Verify Dashboard page&quot;, &quot;Dashboard&quot;](3)" classname="Selenium.Cucumber.RunCucumberTest" time="5.31">
    <failure message="Could not start a new session. Possible causes are invalid address of the remote server or browser start-up failure. &#10;Host info: host: &apos;Rohits-MacBook-Air.local&apos;, ip: &apos;2401:4900:8fe0:26d2:38af:29dd:680e:1871%en0&apos;&#10;Build info: version: &apos;4.27.0&apos;, revision: &apos;d6e718d134&apos;&#10;System info: os.name: &apos;Mac OS X&apos;, os.arch: &apos;aarch64&apos;, os.version: &apos;15.6.1&apos;, java.version: &apos;23.0.1&apos;&#10;Driver info: org.openqa.selenium.remote.RemoteWebDriver&#10;Command: [null, newSession {capabilities=[Capabilities {acceptInsecureCerts: true, browserName: chrome, goog:chromeOptions: {args: [--headless=new, --disable-gpu, --no-sandbox], extensions: []}, unhandledPromptBehavior: ignore}]}]&#10;Capabilities {acceptInsecureCerts: true, browserName: chrome, goog:chromeOptions: {args: [--headless=new, --disable-gpu, --no-sandbox], extensions: []}, unhandledPromptBehavior: ignore}" type="org.openqa.selenium.SessionNotCreatedException"><![CDATA[org.openqa.selenium.SessionNotCreatedException: 
Could not start a new session. Possible causes are invalid address of the remote server or browser start-up failure. 
Host info: host: 'Rohits-MacBook-Air.local', ip: '2401:4900:8fe0:26d2:38af:29dd:680e:1871%en0'
Build info: version: '4.27.0', revision: 'd6e718d134'
System info: os.name: 'Mac OS X', os.arch: 'aarch64', os.version: '15.6.1', java.version: '23.0.1'
Driver info: org.openqa.selenium.remote.RemoteWebDriver
Command: [null, newSession {capabilities=[Capabilities {acceptInsecureCerts: true, browserName: chrome, goog:chromeOptions: {args: [--headless=new, --disable-gpu, --no-sandbox], extensions: []}, unhandledPromptBehavior: ignore}]}]
Capabilities {acceptInsecureCerts: true, browserName: chrome, goog:chromeOptions: {args: [--headless=new, --disable-gpu, --no-sandbox], extensions: []}, unhandledPromptBehavior: ignore}
	at org.openqa.selenium.remote.RemoteWebDriver.execute(RemoteWebDriver.java:563)
	at org.openqa.selenium.remote.RemoteWebDriver.startSession(RemoteWebDriver.java:245)
	at org.openqa.selenium.remote.RemoteWebDriver.<init>(RemoteWebDriver.java:174)
	at org.openqa.selenium.remote.RemoteWebDriver.<init>(RemoteWebDriver.java:152)
	at Listeners.ParallelEventListenerCucumber.handleTestCaseStarted(ParallelEventListenerCucumber.java:155)
	at io.cucumber.core.eventbus.AbstractEventPublisher.send(AbstractEventPublisher.java:51)
	at io.cucumber.core.eventbus.AbstractEventBus.send(AbstractEventBus.java:12)
	at io.cucumber.core.runtime.SynchronizedEventBus.send(SynchronizedEventBus.java:47)
	at io.cucumber.core.runtime.ThreadLocalRunnerSupplier$LocalEventBus.send(ThreadLocalRunnerSupplier.java:62)
	at io.cucumber.core.runner.TestCase.emitTestCaseStarted(TestCase.java:206)
	at io.cucumber.core.runner.TestCase.run(TestCase.java:72)
	at io.cucumber.core.runner.Runner.runPickle(Runner.java:75)
	at io.cucumber.testng.TestNGCucumberRunner.lambda$runScenario$1(TestNGCucumberRunner.java:135)
	at io.cucumber.core.runtime.CucumberExecutionContext.lambda$runTestCase$5(CucumberExecutionContext.java:136)
	at io.cucumber.core.runtime.RethrowingThrowableCollector.executeAndThrow(RethrowingThrowableCollector.java:23)
	at io.cucumber.core.runtime.CucumberExecutionContext.runTestCase(CucumberExecutionContext.java:136)
	at io.cucumber.testng.TestNGCucumberRunner.runScenario(TestNGCucumberRunner.java:132)
	at io.cucumber.testng.AbstractTestNGCucumberTests.runScenario(AbstractTestNGCucumberTests.java:35)
	at java.base/jdk.internal.reflect.DirectMethodHandleAccessor.invoke(DirectMethodHandleAccessor.java:103)
	at java.base/java.lang.reflect.Method.invoke(Method.java:580)
	at org.testng.internal.invokers.MethodInvocationHelper.invokeMethod(MethodInvocationHelper.java:141)
	at org.testng.internal.invokers.TestInvoker.invokeMethod(TestInvoker.java:686)
	at org.testng.internal.invokers.TestInvoker.invokeTestMethod(TestInvoker.java:230)
	at org.testng.internal.invokers.TestMethodWithDataProviderMethodWorker.call(TestMethodWithDataProviderMethodWorker.java:81)
	at org.testng.internal.thread.Async$AsyncTask.run(Async.java:34)
	at java.base/java.util.concurrent.ThreadPoolExecutor.runWorker(ThreadPoolExecutor.java:1144)
	at java.base/java.util.concurrent.ThreadPoolExecutor$Worker.run(ThreadPoolExecutor.java:642)
	at java.base/java.lang.Thread.run(Thread.java:1575)
Caused by: java.io.UncheckedIOException: java.net.ConnectException
	at org.openqa.selenium.remote.http.jdk.JdkHttpClient.execute0(JdkHttpClient.java:496)
	at org.openqa.selenium.remote.http.AddSeleniumUserAgent.lambda$apply$0(AddSeleniumUserAgent.java:42)
	at org.openqa.selenium.remote.http.Filter.lambda$andFinally$1(Filter.java:55)
	at org.openqa.selenium.remote.http.jdk.JdkHttpClient.lambda$executeAsync$1(JdkHttpClient.java:383)
	at java.base/java.util.concurrent.Executors$RunnableAdapter.call(Executors.java:572)
	at java.base/java.util.concurrent.FutureTask.run(FutureTask.java:317)
	... 3 more
Caused by: java.net.ConnectException
	at java.net.http/jdk.internal.net.http.HttpClientImpl.send(HttpClientImpl.java:956)
	at java.net.http/jdk.internal.net.http.HttpClientFacade.send(HttpClientFacade.java:133)
	at org.openqa.selenium.remote.http.jdk.JdkHttpClient.execute0(JdkHttpClient.java:455)
	... 8 more
Caused by: java.net.ConnectException
	at java.net.http/jdk.internal.net.http.common.Utils.toConnectException(Utils.java:1082)
	at java.net.http/jdk.internal.net.http.PlainHttpConnection.connectAsync(PlainHttpConnection.java:227)
	at java.net.http/jdk.internal.net.http.PlainHttpConnection.checkRetryConnect(PlainHttpConnection.java:280)
	at java.net.http/jdk.internal.net.http.PlainHttpConnection.lambda$connectAsync$2(PlainHttpConnection.java:238)
	at java.base/java.util.concurrent.CompletableFuture.uniHandle(CompletableFuture.java:978)
	at java.base/java.util.concurrent.CompletableFuture$UniHandle.tryFire(CompletableFuture.java:955)
	at java.base/java.util.concurrent.CompletableFuture.postComplete(CompletableFuture.java:554)
	at java.base/java.util.concurrent.CompletableFuture$AsyncSupply.run(CompletableFuture.java:1817)
	... 3 more
Caused by: java.nio.channels.ClosedChannelException
	at java.base/sun.nio.ch.SocketChannelImpl.ensureOpen(SocketChannelImpl.java:204)
	at java.base/sun.nio.ch.SocketChannelImpl.connect(SocketChannelImpl.java:958)
	at java.net.http/jdk.internal.net.http.PlainHttpConnection.lambda$connectAsync$1(PlainHttpConnection.java:210)
	at java.base/java.security.AccessController.doPrivileged(AccessController.java:571)
	at java.net.http/jdk.internal.net.http.PlainHttpConnection.connectAsync(PlainHttpConnection.java:212)
	... 9 more
]]></failure>
  </testcase>
</testsuite>