<?xml version="1.0" encoding="UTF-8"?>
<testsuite xmlns:xsi="http://www.w3.org/2001/XMLSchema-instance" xsi:noNamespaceSchemaLocation="https://maven.apache.org/surefire/maven-surefire-plugin/xsd/surefire-test-report.xsd" version="3.0.2" name="Selenium.Cucumber.RunCucumberTest" time="142.913" tests="4" errors="0" skipped="0" failures="0">
  <properties>
    <property name="java.specification.version" value="23"/>
    <property name="sun.jnu.encoding" value="UTF-8"/>
    <property name="java.class.path" value="/Users/rohitsharma/eclipse-workspace/MyAutomationProject/target/test-classes:/Users/rohitsharma/eclipse-workspace/MyAutomationProject/target/classes:/Users/rohitsharma/.m2/repository/io/qameta/allure/allure-cucumber7-jvm/2.29.0/allure-cucumber7-jvm-2.29.0.jar:/Users/rohitsharma/.m2/repository/io/qameta/allure/allure-java-commons/2.29.0/allure-java-commons-2.29.0.jar:/Users/rohitsharma/.m2/repository/io/qameta/allure/allure-model/2.29.0/allure-model-2.29.0.jar:/Users/rohitsharma/.m2/repository/io/qameta/allure/allure-testng/2.29.0/allure-testng-2.29.0.jar:/Users/rohitsharma/.m2/repository/io/qameta/allure/allure-test-filter/2.29.0/allure-test-filter-2.29.0.jar:/Users/rohitsharma/.m2/repository/io/cucumber/cucumber-testng/7.20.1/cucumber-testng-7.20.1.jar:/Users/rohitsharma/.m2/repository/org/apiguardian/apiguardian-api/1.1.2/apiguardian-api-1.1.2.jar:/Users/rohitsharma/.m2/repository/io/cucumber/cucumber-java/7.20.1/cucumber-java-7.20.1.jar:/Users/rohitsharma/.m2/repository/io/cucumber/cucumber-core/7.20.1/cucumber-core-7.20.1.jar:/Users/rohitsharma/.m2/repository/io/cucumber/cucumber-gherkin-messages/7.20.1/cucumber-gherkin-messages-7.20.1.jar:/Users/rohitsharma/.m2/repository/io/cucumber/gherkin/28.0.0/gherkin-28.0.0.jar:/Users/rohitsharma/.m2/repository/io/cucumber/messages/24.1.0/messages-24.1.0.jar:/Users/rohitsharma/.m2/repository/io/cucumber/testng-xml-formatter/0.2.0/testng-xml-formatter-0.2.0.jar:/Users/rohitsharma/.m2/repository/io/cucumber/query/12.2.0/query-12.2.0.jar:/Users/rohitsharma/.m2/repository/io/cucumber/tag-expressions/6.1.0/tag-expressions-6.1.0.jar:/Users/rohitsharma/.m2/repository/io/cucumber/docstring/7.20.1/docstring-7.20.1.jar:/Users/rohitsharma/.m2/repository/io/cucumber/html-formatter/21.7.0/html-formatter-21.7.0.jar:/Users/rohitsharma/.m2/repository/io/cucumber/junit-xml-formatter/0.5.0/junit-xml-formatter-0.5.0.jar:/Users/rohitsharma/.m2/repository/io/cucumber/ci-environment/10.0.1/ci-environment-10.0.1.jar:/Users/rohitsharma/.m2/repository/io/cucumber/cucumber-plugin/7.20.1/cucumber-plugin-7.20.1.jar:/Users/rohitsharma/.m2/repository/io/cucumber/cucumber-gherkin/7.20.1/cucumber-gherkin-7.20.1.jar:/Users/rohitsharma/.m2/repository/com/aventstack/extentreports/5.1.2/extentreports-5.1.2.jar:/Users/rohitsharma/.m2/repository/io/reactivex/rxjava3/rxjava/3.1.6/rxjava-3.1.6.jar:/Users/rohitsharma/.m2/repository/org/reactivestreams/reactive-streams/1.0.4/reactive-streams-1.0.4.jar:/Users/rohitsharma/.m2/repository/org/freemarker/freemarker/2.3.32/freemarker-2.3.32.jar:/Users/rohitsharma/.m2/repository/org/projectlombok/lombok/1.18.26/lombok-1.18.26.jar:/Users/rohitsharma/.m2/repository/com/google/code/gson/gson/2.10.1/gson-2.10.1.jar:/Users/rohitsharma/.m2/repository/tech/grasshopper/extentreports-cucumber6-adapter/2.18.0/extentreports-cucumber6-adapter-2.18.0.jar:/Users/rohitsharma/.m2/repository/tech/grasshopper/extent-pdf-report/2.12.0/extent-pdf-report-2.12.0.jar:/Users/rohitsharma/.m2/repository/tech/grasshopper/cucumber-pdf-report/2.14.0/cucumber-pdf-report-2.14.0.jar:/Users/rohitsharma/.m2/repository/org/apache/pdfbox/pdfbox/2.0.26/pdfbox-2.0.26.jar:/Users/rohitsharma/.m2/repository/org/apache/pdfbox/fontbox/2.0.26/fontbox-2.0.26.jar:/Users/rohitsharma/.m2/repository/org/knowm/xchart/xchart/3.8.0/xchart-3.8.0.jar:/Users/rohitsharma/.m2/repository/de/erichseifert/vectorgraphics2d/VectorGraphics2D/0.13/VectorGraphics2D-0.13.jar:/Users/rohitsharma/.m2/repository/de/rototor/pdfbox/graphics2d/0.30/graphics2d-0.30.jar:/Users/rohitsharma/.m2/repository/com/madgag/animated-gif-lib/1.4/animated-gif-lib-1.4.jar:/Users/rohitsharma/.m2/repository/org/yaml/snakeyaml/2.0/snakeyaml-2.0.jar:/Users/rohitsharma/.m2/repository/tech/grasshopper/table-layout/1.5.1/table-layout-1.5.1.jar:/Users/rohitsharma/.m2/repository/tech/grasshopper/rest-assured-cucumber-pdf-report/1.5.0/rest-assured-cucumber-pdf-report-1.5.0.jar:/Users/rohitsharma/.m2/repository/org/jsoup/jsoup/1.15.3/jsoup-1.15.3.jar:/Users/rohitsharma/.m2/repository/com/aventstack/klov-reporter/5.0.9/klov-reporter-5.0.9.jar:/Users/rohitsharma/.m2/repository/org/mongodb/bson/3.6.4/bson-3.6.4.jar:/Users/rohitsharma/.m2/repository/tech/grasshopper/htmlextentreporter/1.1.0/htmlextentreporter-1.1.0.jar:/Users/rohitsharma/.m2/repository/tech/grasshopper/extent-excel-report/1.4.0/extent-excel-report-1.4.0.jar:/Users/rohitsharma/.m2/repository/org/apache/poi/poi/5.2.3/poi-5.2.3.jar:/Users/rohitsharma/.m2/repository/org/apache/commons/commons-collections4/4.4/commons-collections4-4.4.jar:/Users/rohitsharma/.m2/repository/org/apache/commons/commons-math3/3.6.1/commons-math3-3.6.1.jar:/Users/rohitsharma/.m2/repository/commons-io/commons-io/2.11.0/commons-io-2.11.0.jar:/Users/rohitsharma/.m2/repository/com/zaxxer/SparseBitSet/1.2/SparseBitSet-1.2.jar:/Users/rohitsharma/.m2/repository/org/apache/logging/log4j/log4j-api/2.18.0/log4j-api-2.18.0.jar:/Users/rohitsharma/.m2/repository/org/apache/poi/poi-ooxml/5.2.3/poi-ooxml-5.2.3.jar:/Users/rohitsharma/.m2/repository/org/apache/poi/poi-ooxml-lite/5.2.3/poi-ooxml-lite-5.2.3.jar:/Users/rohitsharma/.m2/repository/org/apache/xmlbeans/xmlbeans/5.1.1/xmlbeans-5.1.1.jar:/Users/rohitsharma/.m2/repository/org/apache/commons/commons-compress/1.21/commons-compress-1.21.jar:/Users/rohitsharma/.m2/repository/com/github/virtuald/curvesapi/1.07/curvesapi-1.07.jar:/Users/rohitsharma/.m2/repository/org/mongodb/mongodb-driver/3.3.0/mongodb-driver-3.3.0.jar:/Users/rohitsharma/.m2/repository/org/mongodb/mongodb-driver-core/3.3.0/mongodb-driver-core-3.3.0.jar:/Users/rohitsharma/.m2/repository/io/cucumber/datatable/7.20.1/datatable-7.20.1.jar:/Users/rohitsharma/.m2/repository/io/cucumber/cucumber-expressions/18.0.1/cucumber-expressions-18.0.1.jar:/Users/rohitsharma/.m2/repository/org/testng/testng/7.10.2/testng-7.10.2.jar:/Users/rohitsharma/.m2/repository/org/slf4j/slf4j-api/1.7.36/slf4j-api-1.7.36.jar:/Users/rohitsharma/.m2/repository/com/beust/jcommander/1.82/jcommander-1.82.jar:/Users/rohitsharma/.m2/repository/org/webjars/jquery/3.7.1/jquery-3.7.1.jar:/Users/rohitsharma/.m2/repository/org/apache/commons/commons-email/1.6.0/commons-email-1.6.0.jar:/Users/rohitsharma/.m2/repository/com/sun/mail/jakarta.mail/1.6.7/jakarta.mail-1.6.7.jar:/Users/rohitsharma/.m2/repository/com/sun/activation/jakarta.activation/1.2.1/jakarta.activation-1.2.1.jar:/Users/rohitsharma/.m2/repository/com/fasterxml/jackson/core/jackson-core/2.18.2/jackson-core-2.18.2.jar:/Users/rohitsharma/.m2/repository/com/fasterxml/jackson/core/jackson-databind/2.18.2/jackson-databind-2.18.2.jar:/Users/rohitsharma/.m2/repository/io/appium/java-client/10.0.0/java-client-10.0.0.jar:/Users/rohitsharma/.m2/repository/org/jspecify/jspecify/1.0.0/jspecify-1.0.0.jar:/Users/rohitsharma/.m2/repository/com/fasterxml/jackson/core/jackson-annotations/2.18.2/jackson-annotations-2.18.2.jar:/Users/rohitsharma/.m2/repository/io/rest-assured/rest-assured/5.5.0/rest-assured-5.5.0.jar:/Users/rohitsharma/.m2/repository/org/apache/groovy/groovy/4.0.22/groovy-4.0.22.jar:/Users/rohitsharma/.m2/repository/org/apache/groovy/groovy-xml/4.0.22/groovy-xml-4.0.22.jar:/Users/rohitsharma/.m2/repository/org/apache/httpcomponents/httpclient/4.5.13/httpclient-4.5.13.jar:/Users/rohitsharma/.m2/repository/org/apache/httpcomponents/httpcore/4.4.13/httpcore-4.4.13.jar:/Users/rohitsharma/.m2/repository/commons-logging/commons-logging/1.2/commons-logging-1.2.jar:/Users/rohitsharma/.m2/repository/commons-codec/commons-codec/1.11/commons-codec-1.11.jar:/Users/rohitsharma/.m2/repository/org/apache/httpcomponents/httpmime/4.5.13/httpmime-4.5.13.jar:/Users/rohitsharma/.m2/repository/org/hamcrest/hamcrest/2.2/hamcrest-2.2.jar:/Users/rohitsharma/.m2/repository/org/ccil/cowan/tagsoup/tagsoup/1.2.1/tagsoup-1.2.1.jar:/Users/rohitsharma/.m2/repository/io/rest-assured/json-path/5.5.0/json-path-5.5.0.jar:/Users/rohitsharma/.m2/repository/org/apache/groovy/groovy-json/4.0.22/groovy-json-4.0.22.jar:/Users/rohitsharma/.m2/repository/io/rest-assured/rest-assured-common/5.5.0/rest-assured-common-5.5.0.jar:/Users/rohitsharma/.m2/repository/io/rest-assured/xml-path/5.5.0/xml-path-5.5.0.jar:/Users/rohitsharma/.m2/repository/org/apache/commons/commons-lang3/3.11/commons-lang3-3.11.jar:/Users/rohitsharma/.m2/repository/io/rest-assured/rest-assured-all/5.5.0/rest-assured-all-5.5.0.jar:/Users/rohitsharma/.m2/repository/org/seleniumhq/selenium/selenium-java/4.27.0/selenium-java-4.27.0.jar:/Users/rohitsharma/.m2/repository/org/seleniumhq/selenium/selenium-api/4.27.0/selenium-api-4.27.0.jar:/Users/rohitsharma/.m2/repository/org/seleniumhq/selenium/selenium-chrome-driver/4.27.0/selenium-chrome-driver-4.27.0.jar:/Users/rohitsharma/.m2/repository/com/google/auto/service/auto-service-annotations/1.1.1/auto-service-annotations-1.1.1.jar:/Users/rohitsharma/.m2/repository/org/seleniumhq/selenium/selenium-chromium-driver/4.27.0/selenium-chromium-driver-4.27.0.jar:/Users/rohitsharma/.m2/repository/org/seleniumhq/selenium/selenium-json/4.27.0/selenium-json-4.27.0.jar:/Users/rohitsharma/.m2/repository/org/seleniumhq/selenium/selenium-manager/4.27.0/selenium-manager-4.27.0.jar:/Users/rohitsharma/.m2/repository/org/seleniumhq/selenium/selenium-devtools-v129/4.27.0/selenium-devtools-v129-4.27.0.jar:/Users/rohitsharma/.m2/repository/org/seleniumhq/selenium/selenium-devtools-v130/4.27.0/selenium-devtools-v130-4.27.0.jar:/Users/rohitsharma/.m2/repository/org/seleniumhq/selenium/selenium-devtools-v131/4.27.0/selenium-devtools-v131-4.27.0.jar:/Users/rohitsharma/.m2/repository/org/seleniumhq/selenium/selenium-devtools-v85/4.27.0/selenium-devtools-v85-4.27.0.jar:/Users/rohitsharma/.m2/repository/org/seleniumhq/selenium/selenium-edge-driver/4.27.0/selenium-edge-driver-4.27.0.jar:/Users/rohitsharma/.m2/repository/org/seleniumhq/selenium/selenium-firefox-driver/4.27.0/selenium-firefox-driver-4.27.0.jar:/Users/rohitsharma/.m2/repository/org/seleniumhq/selenium/selenium-http/4.27.0/selenium-http-4.27.0.jar:/Users/rohitsharma/.m2/repository/dev/failsafe/failsafe/3.3.2/failsafe-3.3.2.jar:/Users/rohitsharma/.m2/repository/org/seleniumhq/selenium/selenium-ie-driver/4.27.0/selenium-ie-driver-4.27.0.jar:/Users/rohitsharma/.m2/repository/org/seleniumhq/selenium/selenium-remote-driver/4.27.0/selenium-remote-driver-4.27.0.jar:/Users/rohitsharma/.m2/repository/com/google/guava/guava/33.3.1-jre/guava-33.3.1-jre.jar:/Users/rohitsharma/.m2/repository/com/google/guava/failureaccess/1.0.2/failureaccess-1.0.2.jar:/Users/rohitsharma/.m2/repository/com/google/guava/listenablefuture/9999.0-empty-to-avoid-conflict-with-guava/listenablefuture-9999.0-empty-to-avoid-conflict-with-guava.jar:/Users/rohitsharma/.m2/repository/com/google/code/findbugs/jsr305/3.0.2/jsr305-3.0.2.jar:/Users/rohitsharma/.m2/repository/org/checkerframework/checker-qual/3.43.0/checker-qual-3.43.0.jar:/Users/rohitsharma/.m2/repository/com/google/errorprone/error_prone_annotations/2.28.0/error_prone_annotations-2.28.0.jar:/Users/rohitsharma/.m2/repository/com/google/j2objc/j2objc-annotations/3.0.0/j2objc-annotations-3.0.0.jar:/Users/rohitsharma/.m2/repository/io/opentelemetry/semconv/opentelemetry-semconv/1.25.0-alpha/opentelemetry-semconv-1.25.0-alpha.jar:/Users/rohitsharma/.m2/repository/io/opentelemetry/opentelemetry-api/1.44.1/opentelemetry-api-1.44.1.jar:/Users/rohitsharma/.m2/repository/io/opentelemetry/opentelemetry-context/1.44.1/opentelemetry-context-1.44.1.jar:/Users/rohitsharma/.m2/repository/io/opentelemetry/opentelemetry-exporter-logging/1.44.1/opentelemetry-exporter-logging-1.44.1.jar:/Users/rohitsharma/.m2/repository/io/opentelemetry/opentelemetry-sdk-common/1.44.1/opentelemetry-sdk-common-1.44.1.jar:/Users/rohitsharma/.m2/repository/io/opentelemetry/opentelemetry-sdk-extension-autoconfigure-spi/1.44.1/opentelemetry-sdk-extension-autoconfigure-spi-1.44.1.jar:/Users/rohitsharma/.m2/repository/io/opentelemetry/opentelemetry-sdk-extension-autoconfigure/1.44.1/opentelemetry-sdk-extension-autoconfigure-1.44.1.jar:/Users/rohitsharma/.m2/repository/io/opentelemetry/opentelemetry-api-incubator/1.44.1-alpha/opentelemetry-api-incubator-1.44.1-alpha.jar:/Users/rohitsharma/.m2/repository/io/opentelemetry/opentelemetry-sdk-trace/1.44.1/opentelemetry-sdk-trace-1.44.1.jar:/Users/rohitsharma/.m2/repository/io/opentelemetry/opentelemetry-sdk/1.44.1/opentelemetry-sdk-1.44.1.jar:/Users/rohitsharma/.m2/repository/io/opentelemetry/opentelemetry-sdk-metrics/1.44.1/opentelemetry-sdk-metrics-1.44.1.jar:/Users/rohitsharma/.m2/repository/io/opentelemetry/opentelemetry-sdk-logs/1.44.1/opentelemetry-sdk-logs-1.44.1.jar:/Users/rohitsharma/.m2/repository/net/bytebuddy/byte-buddy/1.15.10/byte-buddy-1.15.10.jar:/Users/rohitsharma/.m2/repository/org/seleniumhq/selenium/selenium-os/4.27.0/selenium-os-4.27.0.jar:/Users/rohitsharma/.m2/repository/org/apache/commons/commons-exec/1.4.0/commons-exec-1.4.0.jar:/Users/rohitsharma/.m2/repository/org/seleniumhq/selenium/selenium-safari-driver/4.27.0/selenium-safari-driver-4.27.0.jar:/Users/rohitsharma/.m2/repository/org/seleniumhq/selenium/selenium-support/4.27.0/selenium-support-4.27.0.jar:/Users/rohitsharma/.m2/repository/io/cucumber/cucumber-picocontainer/4.2.6/cucumber-picocontainer-4.2.6.jar:/Users/rohitsharma/.m2/repository/org/picocontainer/picocontainer/2.15/picocontainer-2.15.jar:"/>
    <property name="java.vm.vendor" value="Homebrew"/>
    <property name="sun.arch.data.model" value="64"/>
    <property name="java.vendor.url" value="https://github.com/Homebrew/homebrew-core/issues"/>
    <property name="user.timezone" value="Asia/Kolkata"/>
    <property name="os.name" value="Mac OS X"/>
    <property name="java.vm.specification.version" value="23"/>
    <property name="sun.java.launcher" value="SUN_STANDARD"/>
    <property name="user.country" value="IN"/>
    <property name="sun.boot.library.path" value="/opt/homebrew/Cellar/openjdk/23.0.1/libexec/openjdk.jdk/Contents/Home/lib"/>
    <property name="sun.java.command" value="/Users/rohitsharma/eclipse-workspace/MyAutomationProject/target/surefire/surefirebooter-20250825153017182_3.jar /Users/rohitsharma/eclipse-workspace/MyAutomationProject/target/surefire 2025-08-25T15-30-17_127-jvmRun1 surefire-20250825153017182_1tmp surefire_0-20250825153017182_2tmp"/>
    <property name="http.nonProxyHosts" value="local|*.local|169.254/16|*.169.254/16"/>
    <property name="jdk.debug" value="release"/>
    <property name="surefire.test.class.path" value="/Users/rohitsharma/eclipse-workspace/MyAutomationProject/target/test-classes:/Users/rohitsharma/eclipse-workspace/MyAutomationProject/target/classes:/Users/rohitsharma/.m2/repository/io/qameta/allure/allure-cucumber7-jvm/2.29.0/allure-cucumber7-jvm-2.29.0.jar:/Users/rohitsharma/.m2/repository/io/qameta/allure/allure-java-commons/2.29.0/allure-java-commons-2.29.0.jar:/Users/rohitsharma/.m2/repository/io/qameta/allure/allure-model/2.29.0/allure-model-2.29.0.jar:/Users/rohitsharma/.m2/repository/io/qameta/allure/allure-testng/2.29.0/allure-testng-2.29.0.jar:/Users/rohitsharma/.m2/repository/io/qameta/allure/allure-test-filter/2.29.0/allure-test-filter-2.29.0.jar:/Users/rohitsharma/.m2/repository/io/cucumber/cucumber-testng/7.20.1/cucumber-testng-7.20.1.jar:/Users/rohitsharma/.m2/repository/org/apiguardian/apiguardian-api/1.1.2/apiguardian-api-1.1.2.jar:/Users/rohitsharma/.m2/repository/io/cucumber/cucumber-java/7.20.1/cucumber-java-7.20.1.jar:/Users/rohitsharma/.m2/repository/io/cucumber/cucumber-core/7.20.1/cucumber-core-7.20.1.jar:/Users/rohitsharma/.m2/repository/io/cucumber/cucumber-gherkin-messages/7.20.1/cucumber-gherkin-messages-7.20.1.jar:/Users/rohitsharma/.m2/repository/io/cucumber/gherkin/28.0.0/gherkin-28.0.0.jar:/Users/rohitsharma/.m2/repository/io/cucumber/messages/24.1.0/messages-24.1.0.jar:/Users/rohitsharma/.m2/repository/io/cucumber/testng-xml-formatter/0.2.0/testng-xml-formatter-0.2.0.jar:/Users/rohitsharma/.m2/repository/io/cucumber/query/12.2.0/query-12.2.0.jar:/Users/rohitsharma/.m2/repository/io/cucumber/tag-expressions/6.1.0/tag-expressions-6.1.0.jar:/Users/rohitsharma/.m2/repository/io/cucumber/docstring/7.20.1/docstring-7.20.1.jar:/Users/rohitsharma/.m2/repository/io/cucumber/html-formatter/21.7.0/html-formatter-21.7.0.jar:/Users/rohitsharma/.m2/repository/io/cucumber/junit-xml-formatter/0.5.0/junit-xml-formatter-0.5.0.jar:/Users/rohitsharma/.m2/repository/io/cucumber/ci-environment/10.0.1/ci-environment-10.0.1.jar:/Users/rohitsharma/.m2/repository/io/cucumber/cucumber-plugin/7.20.1/cucumber-plugin-7.20.1.jar:/Users/rohitsharma/.m2/repository/io/cucumber/cucumber-gherkin/7.20.1/cucumber-gherkin-7.20.1.jar:/Users/rohitsharma/.m2/repository/com/aventstack/extentreports/5.1.2/extentreports-5.1.2.jar:/Users/rohitsharma/.m2/repository/io/reactivex/rxjava3/rxjava/3.1.6/rxjava-3.1.6.jar:/Users/rohitsharma/.m2/repository/org/reactivestreams/reactive-streams/1.0.4/reactive-streams-1.0.4.jar:/Users/rohitsharma/.m2/repository/org/freemarker/freemarker/2.3.32/freemarker-2.3.32.jar:/Users/rohitsharma/.m2/repository/org/projectlombok/lombok/1.18.26/lombok-1.18.26.jar:/Users/rohitsharma/.m2/repository/com/google/code/gson/gson/2.10.1/gson-2.10.1.jar:/Users/rohitsharma/.m2/repository/tech/grasshopper/extentreports-cucumber6-adapter/2.18.0/extentreports-cucumber6-adapter-2.18.0.jar:/Users/rohitsharma/.m2/repository/tech/grasshopper/extent-pdf-report/2.12.0/extent-pdf-report-2.12.0.jar:/Users/rohitsharma/.m2/repository/tech/grasshopper/cucumber-pdf-report/2.14.0/cucumber-pdf-report-2.14.0.jar:/Users/rohitsharma/.m2/repository/org/apache/pdfbox/pdfbox/2.0.26/pdfbox-2.0.26.jar:/Users/rohitsharma/.m2/repository/org/apache/pdfbox/fontbox/2.0.26/fontbox-2.0.26.jar:/Users/rohitsharma/.m2/repository/org/knowm/xchart/xchart/3.8.0/xchart-3.8.0.jar:/Users/rohitsharma/.m2/repository/de/erichseifert/vectorgraphics2d/VectorGraphics2D/0.13/VectorGraphics2D-0.13.jar:/Users/rohitsharma/.m2/repository/de/rototor/pdfbox/graphics2d/0.30/graphics2d-0.30.jar:/Users/rohitsharma/.m2/repository/com/madgag/animated-gif-lib/1.4/animated-gif-lib-1.4.jar:/Users/rohitsharma/.m2/repository/org/yaml/snakeyaml/2.0/snakeyaml-2.0.jar:/Users/rohitsharma/.m2/repository/tech/grasshopper/table-layout/1.5.1/table-layout-1.5.1.jar:/Users/rohitsharma/.m2/repository/tech/grasshopper/rest-assured-cucumber-pdf-report/1.5.0/rest-assured-cucumber-pdf-report-1.5.0.jar:/Users/rohitsharma/.m2/repository/org/jsoup/jsoup/1.15.3/jsoup-1.15.3.jar:/Users/rohitsharma/.m2/repository/com/aventstack/klov-reporter/5.0.9/klov-reporter-5.0.9.jar:/Users/rohitsharma/.m2/repository/org/mongodb/bson/3.6.4/bson-3.6.4.jar:/Users/rohitsharma/.m2/repository/tech/grasshopper/htmlextentreporter/1.1.0/htmlextentreporter-1.1.0.jar:/Users/rohitsharma/.m2/repository/tech/grasshopper/extent-excel-report/1.4.0/extent-excel-report-1.4.0.jar:/Users/rohitsharma/.m2/repository/org/apache/poi/poi/5.2.3/poi-5.2.3.jar:/Users/rohitsharma/.m2/repository/org/apache/commons/commons-collections4/4.4/commons-collections4-4.4.jar:/Users/rohitsharma/.m2/repository/org/apache/commons/commons-math3/3.6.1/commons-math3-3.6.1.jar:/Users/rohitsharma/.m2/repository/commons-io/commons-io/2.11.0/commons-io-2.11.0.jar:/Users/rohitsharma/.m2/repository/com/zaxxer/SparseBitSet/1.2/SparseBitSet-1.2.jar:/Users/rohitsharma/.m2/repository/org/apache/logging/log4j/log4j-api/2.18.0/log4j-api-2.18.0.jar:/Users/rohitsharma/.m2/repository/org/apache/poi/poi-ooxml/5.2.3/poi-ooxml-5.2.3.jar:/Users/rohitsharma/.m2/repository/org/apache/poi/poi-ooxml-lite/5.2.3/poi-ooxml-lite-5.2.3.jar:/Users/rohitsharma/.m2/repository/org/apache/xmlbeans/xmlbeans/5.1.1/xmlbeans-5.1.1.jar:/Users/rohitsharma/.m2/repository/org/apache/commons/commons-compress/1.21/commons-compress-1.21.jar:/Users/rohitsharma/.m2/repository/com/github/virtuald/curvesapi/1.07/curvesapi-1.07.jar:/Users/rohitsharma/.m2/repository/org/mongodb/mongodb-driver/3.3.0/mongodb-driver-3.3.0.jar:/Users/rohitsharma/.m2/repository/org/mongodb/mongodb-driver-core/3.3.0/mongodb-driver-core-3.3.0.jar:/Users/rohitsharma/.m2/repository/io/cucumber/datatable/7.20.1/datatable-7.20.1.jar:/Users/rohitsharma/.m2/repository/io/cucumber/cucumber-expressions/18.0.1/cucumber-expressions-18.0.1.jar:/Users/rohitsharma/.m2/repository/org/testng/testng/7.10.2/testng-7.10.2.jar:/Users/rohitsharma/.m2/repository/org/slf4j/slf4j-api/1.7.36/slf4j-api-1.7.36.jar:/Users/rohitsharma/.m2/repository/com/beust/jcommander/1.82/jcommander-1.82.jar:/Users/rohitsharma/.m2/repository/org/webjars/jquery/3.7.1/jquery-3.7.1.jar:/Users/rohitsharma/.m2/repository/org/apache/commons/commons-email/1.6.0/commons-email-1.6.0.jar:/Users/rohitsharma/.m2/repository/com/sun/mail/jakarta.mail/1.6.7/jakarta.mail-1.6.7.jar:/Users/rohitsharma/.m2/repository/com/sun/activation/jakarta.activation/1.2.1/jakarta.activation-1.2.1.jar:/Users/rohitsharma/.m2/repository/com/fasterxml/jackson/core/jackson-core/2.18.2/jackson-core-2.18.2.jar:/Users/rohitsharma/.m2/repository/com/fasterxml/jackson/core/jackson-databind/2.18.2/jackson-databind-2.18.2.jar:/Users/rohitsharma/.m2/repository/io/appium/java-client/10.0.0/java-client-10.0.0.jar:/Users/rohitsharma/.m2/repository/org/jspecify/jspecify/1.0.0/jspecify-1.0.0.jar:/Users/rohitsharma/.m2/repository/com/fasterxml/jackson/core/jackson-annotations/2.18.2/jackson-annotations-2.18.2.jar:/Users/rohitsharma/.m2/repository/io/rest-assured/rest-assured/5.5.0/rest-assured-5.5.0.jar:/Users/rohitsharma/.m2/repository/org/apache/groovy/groovy/4.0.22/groovy-4.0.22.jar:/Users/rohitsharma/.m2/repository/org/apache/groovy/groovy-xml/4.0.22/groovy-xml-4.0.22.jar:/Users/rohitsharma/.m2/repository/org/apache/httpcomponents/httpclient/4.5.13/httpclient-4.5.13.jar:/Users/rohitsharma/.m2/repository/org/apache/httpcomponents/httpcore/4.4.13/httpcore-4.4.13.jar:/Users/rohitsharma/.m2/repository/commons-logging/commons-logging/1.2/commons-logging-1.2.jar:/Users/rohitsharma/.m2/repository/commons-codec/commons-codec/1.11/commons-codec-1.11.jar:/Users/rohitsharma/.m2/repository/org/apache/httpcomponents/httpmime/4.5.13/httpmime-4.5.13.jar:/Users/rohitsharma/.m2/repository/org/hamcrest/hamcrest/2.2/hamcrest-2.2.jar:/Users/rohitsharma/.m2/repository/org/ccil/cowan/tagsoup/tagsoup/1.2.1/tagsoup-1.2.1.jar:/Users/rohitsharma/.m2/repository/io/rest-assured/json-path/5.5.0/json-path-5.5.0.jar:/Users/rohitsharma/.m2/repository/org/apache/groovy/groovy-json/4.0.22/groovy-json-4.0.22.jar:/Users/rohitsharma/.m2/repository/io/rest-assured/rest-assured-common/5.5.0/rest-assured-common-5.5.0.jar:/Users/rohitsharma/.m2/repository/io/rest-assured/xml-path/5.5.0/xml-path-5.5.0.jar:/Users/rohitsharma/.m2/repository/org/apache/commons/commons-lang3/3.11/commons-lang3-3.11.jar:/Users/rohitsharma/.m2/repository/io/rest-assured/rest-assured-all/5.5.0/rest-assured-all-5.5.0.jar:/Users/rohitsharma/.m2/repository/org/seleniumhq/selenium/selenium-java/4.27.0/selenium-java-4.27.0.jar:/Users/rohitsharma/.m2/repository/org/seleniumhq/selenium/selenium-api/4.27.0/selenium-api-4.27.0.jar:/Users/rohitsharma/.m2/repository/org/seleniumhq/selenium/selenium-chrome-driver/4.27.0/selenium-chrome-driver-4.27.0.jar:/Users/rohitsharma/.m2/repository/com/google/auto/service/auto-service-annotations/1.1.1/auto-service-annotations-1.1.1.jar:/Users/rohitsharma/.m2/repository/org/seleniumhq/selenium/selenium-chromium-driver/4.27.0/selenium-chromium-driver-4.27.0.jar:/Users/rohitsharma/.m2/repository/org/seleniumhq/selenium/selenium-json/4.27.0/selenium-json-4.27.0.jar:/Users/rohitsharma/.m2/repository/org/seleniumhq/selenium/selenium-manager/4.27.0/selenium-manager-4.27.0.jar:/Users/rohitsharma/.m2/repository/org/seleniumhq/selenium/selenium-devtools-v129/4.27.0/selenium-devtools-v129-4.27.0.jar:/Users/rohitsharma/.m2/repository/org/seleniumhq/selenium/selenium-devtools-v130/4.27.0/selenium-devtools-v130-4.27.0.jar:/Users/rohitsharma/.m2/repository/org/seleniumhq/selenium/selenium-devtools-v131/4.27.0/selenium-devtools-v131-4.27.0.jar:/Users/rohitsharma/.m2/repository/org/seleniumhq/selenium/selenium-devtools-v85/4.27.0/selenium-devtools-v85-4.27.0.jar:/Users/rohitsharma/.m2/repository/org/seleniumhq/selenium/selenium-edge-driver/4.27.0/selenium-edge-driver-4.27.0.jar:/Users/rohitsharma/.m2/repository/org/seleniumhq/selenium/selenium-firefox-driver/4.27.0/selenium-firefox-driver-4.27.0.jar:/Users/rohitsharma/.m2/repository/org/seleniumhq/selenium/selenium-http/4.27.0/selenium-http-4.27.0.jar:/Users/rohitsharma/.m2/repository/dev/failsafe/failsafe/3.3.2/failsafe-3.3.2.jar:/Users/rohitsharma/.m2/repository/org/seleniumhq/selenium/selenium-ie-driver/4.27.0/selenium-ie-driver-4.27.0.jar:/Users/rohitsharma/.m2/repository/org/seleniumhq/selenium/selenium-remote-driver/4.27.0/selenium-remote-driver-4.27.0.jar:/Users/rohitsharma/.m2/repository/com/google/guava/guava/33.3.1-jre/guava-33.3.1-jre.jar:/Users/rohitsharma/.m2/repository/com/google/guava/failureaccess/1.0.2/failureaccess-1.0.2.jar:/Users/rohitsharma/.m2/repository/com/google/guava/listenablefuture/9999.0-empty-to-avoid-conflict-with-guava/listenablefuture-9999.0-empty-to-avoid-conflict-with-guava.jar:/Users/rohitsharma/.m2/repository/com/google/code/findbugs/jsr305/3.0.2/jsr305-3.0.2.jar:/Users/rohitsharma/.m2/repository/org/checkerframework/checker-qual/3.43.0/checker-qual-3.43.0.jar:/Users/rohitsharma/.m2/repository/com/google/errorprone/error_prone_annotations/2.28.0/error_prone_annotations-2.28.0.jar:/Users/rohitsharma/.m2/repository/com/google/j2objc/j2objc-annotations/3.0.0/j2objc-annotations-3.0.0.jar:/Users/rohitsharma/.m2/repository/io/opentelemetry/semconv/opentelemetry-semconv/1.25.0-alpha/opentelemetry-semconv-1.25.0-alpha.jar:/Users/rohitsharma/.m2/repository/io/opentelemetry/opentelemetry-api/1.44.1/opentelemetry-api-1.44.1.jar:/Users/rohitsharma/.m2/repository/io/opentelemetry/opentelemetry-context/1.44.1/opentelemetry-context-1.44.1.jar:/Users/rohitsharma/.m2/repository/io/opentelemetry/opentelemetry-exporter-logging/1.44.1/opentelemetry-exporter-logging-1.44.1.jar:/Users/rohitsharma/.m2/repository/io/opentelemetry/opentelemetry-sdk-common/1.44.1/opentelemetry-sdk-common-1.44.1.jar:/Users/rohitsharma/.m2/repository/io/opentelemetry/opentelemetry-sdk-extension-autoconfigure-spi/1.44.1/opentelemetry-sdk-extension-autoconfigure-spi-1.44.1.jar:/Users/rohitsharma/.m2/repository/io/opentelemetry/opentelemetry-sdk-extension-autoconfigure/1.44.1/opentelemetry-sdk-extension-autoconfigure-1.44.1.jar:/Users/rohitsharma/.m2/repository/io/opentelemetry/opentelemetry-api-incubator/1.44.1-alpha/opentelemetry-api-incubator-1.44.1-alpha.jar:/Users/rohitsharma/.m2/repository/io/opentelemetry/opentelemetry-sdk-trace/1.44.1/opentelemetry-sdk-trace-1.44.1.jar:/Users/rohitsharma/.m2/repository/io/opentelemetry/opentelemetry-sdk/1.44.1/opentelemetry-sdk-1.44.1.jar:/Users/rohitsharma/.m2/repository/io/opentelemetry/opentelemetry-sdk-metrics/1.44.1/opentelemetry-sdk-metrics-1.44.1.jar:/Users/rohitsharma/.m2/repository/io/opentelemetry/opentelemetry-sdk-logs/1.44.1/opentelemetry-sdk-logs-1.44.1.jar:/Users/rohitsharma/.m2/repository/net/bytebuddy/byte-buddy/1.15.10/byte-buddy-1.15.10.jar:/Users/rohitsharma/.m2/repository/org/seleniumhq/selenium/selenium-os/4.27.0/selenium-os-4.27.0.jar:/Users/rohitsharma/.m2/repository/org/apache/commons/commons-exec/1.4.0/commons-exec-1.4.0.jar:/Users/rohitsharma/.m2/repository/org/seleniumhq/selenium/selenium-safari-driver/4.27.0/selenium-safari-driver-4.27.0.jar:/Users/rohitsharma/.m2/repository/org/seleniumhq/selenium/selenium-support/4.27.0/selenium-support-4.27.0.jar:/Users/rohitsharma/.m2/repository/io/cucumber/cucumber-picocontainer/4.2.6/cucumber-picocontainer-4.2.6.jar:/Users/rohitsharma/.m2/repository/org/picocontainer/picocontainer/2.15/picocontainer-2.15.jar:"/>
    <property name="sun.cpu.endian" value="little"/>
    <property name="user.home" value="/Users/rohitsharma"/>
    <property name="user.language" value="en"/>
    <property name="java.specification.vendor" value="Oracle Corporation"/>
    <property name="java.version.date" value="2024-10-15"/>
    <property name="java.home" value="/opt/homebrew/Cellar/openjdk/23.0.1/libexec/openjdk.jdk/Contents/Home"/>
    <property name="file.separator" value="/"/>
    <property name="basedir" value="/Users/rohitsharma/eclipse-workspace/MyAutomationProject"/>
    <property name="style.color" value="always"/>
    <property name="java.vm.compressedOopsMode" value="Zero based"/>
    <property name="line.separator" value="&#10;"/>
    <property name="java.vm.specification.vendor" value="Oracle Corporation"/>
    <property name="java.specification.name" value="Java Platform API Specification"/>
    <property name="apple.awt.application.name" value="ForkedBooter"/>
    <property name="surefire.real.class.path" value="/Users/rohitsharma/eclipse-workspace/MyAutomationProject/target/surefire/surefirebooter-20250825153017182_3.jar"/>
    <property name="sun.management.compiler" value="HotSpot 64-Bit Tiered Compilers"/>
    <property name="ftp.nonProxyHosts" value="local|*.local|169.254/16|*.169.254/16"/>
    <property name="java.runtime.version" value="23.0.1"/>
    <property name="user.name" value="rohitsharma"/>
    <property name="stdout.encoding" value="UTF-8"/>
    <property name="path.separator" value=":"/>
    <property name="otel.metrics.exporter" value="none"/>
    <property name="os.version" value="15.6.1"/>
    <property name="java.runtime.name" value="OpenJDK Runtime Environment"/>
    <property name="otel.traces.exporter" value="none"/>
    <property name="file.encoding" value="UTF-8"/>
    <property name="java.vm.name" value="OpenJDK 64-Bit Server VM"/>
    <property name="java.vendor.version" value="Homebrew"/>
    <property name="localRepository" value="/Users/rohitsharma/.m2/repository"/>
    <property name="java.vendor.url.bug" value="https://github.com/Homebrew/homebrew-core/issues"/>
    <property name="otel.logs.exporter" value="none"/>
    <property name="java.io.tmpdir" value="/var/folders/mw/6crxb4g55cg4gvf9b81gtsf00000gn/T/"/>
    <property name="java.version" value="23.0.1"/>
    <property name="user.dir" value="/Users/rohitsharma/eclipse-workspace/MyAutomationProject"/>
    <property name="os.arch" value="aarch64"/>
    <property name="java.vm.specification.name" value="Java Virtual Machine Specification"/>
    <property name="native.encoding" value="UTF-8"/>
    <property name="java.library.path" value="/Users/rohitsharma/Library/Java/Extensions:/Library/Java/Extensions:/Network/Library/Java/Extensions:/System/Library/Java/Extensions:/usr/lib/java:."/>
    <property name="java.vm.info" value="mixed mode, sharing"/>
    <property name="stderr.encoding" value="UTF-8"/>
    <property name="java.vendor" value="Homebrew"/>
    <property name="java.vm.version" value="23.0.1"/>
    <property name="sun.io.unicode.encoding" value="UnicodeBig"/>
    <property name="socksNonProxyHosts" value="local|*.local|169.254/16|*.169.254/16"/>
    <property name="java.class.version" value="67.0"/>
  </properties>
  <testcase name="runScenario[&quot;Basic Mobile automation feature&quot;, &quot;Login&quot;](1)" classname="Selenium.Cucumber.RunCucumberTest" time="111.17">
    <system-out><![CDATA[WARN Appium Appium encountered 1 warning while validating drivers found in manifest /Users/rohitsharma/.appium/node_modules/.cache/appium/extensions.yaml
WARN Appium Driver "uiautomator2" has 1 potential problem: 
WARN Appium   - Driver "uiautomator2" (package `appium-uiautomator2-driver`) may be incompatible with the current version of Appium (v2.15.0) due to its peer dependency on Appium ^3.0.0-rc.2. Please install a compatible version of the driver.
&amp#27;[38;5;112m[Appium]&amp#27;[0m Welcome to Appium v2.15.0
&amp#27;[38;5;112m[Appium]&amp#27;[0m Non-default server args:
&amp#27;[38;5;112m[Appium]&amp#27;[0m { port: &amp#27;[33m4725&amp#27;[39m }
&amp#27;[38;5;112m[Appium]&amp#27;[0m The autodetected Appium home path: /Users/rohitsharma/.appium
&amp#27;[38;5;112m[Appium]&amp#27;[0m Attempting to load driver uiautomator2...
&amp#27;[38;5;112m[Appium]&amp#27;[0m Requiring driver at /Users/rohitsharma/.appium/node_modules/appium-uiautomator2-driver/build/index.js
&amp#27;[38;5;112m[Appium]&amp#27;[0m AndroidUiautomator2Driver has been successfully loaded in 0.733s
&amp#27;[38;5;112m[Appium]&amp#27;[0m Appium REST http interface listener started on http://0.0.0.0:4725
&amp#27;[38;5;112m[Appium]&amp#27;[0m You can provide the following URLs in your client code to connect to this server:
	http://127.0.0.1:4725/ (only accessible from the same host)
	http://192.168.1.7:4725/
&amp#27;[38;5;112m[Appium]&amp#27;[0m Available drivers:
&amp#27;[38;5;112m[Appium]&amp#27;[0m   - uiautomator2@5.0.0 (automationName 'UiAutomator2')
&amp#27;[38;5;112m[Appium]&amp#27;[0m No plugins have been installed. Use the "appium plugin" command to install the one(s) you want to use.
&amp#27;[38;5;86m[HTTP]&amp#27;[0m &amp#27;[37m-->&amp#27;[39m &amp#27;[37mGET&amp#27;[39m &amp#27;[37m/status&amp#27;[39m {}
&amp#27;[38;5;157m[AppiumDriver@17cd]&amp#27;[0m Calling AppiumDriver.getStatus() with args: []
&amp#27;[38;5;157m[AppiumDriver@17cd]&amp#27;[0m Responding to client with driver.getStatus() result: {"ready":true,"message":"The server is ready to accept new connections","build":{"version":"2.15.0"}}
&amp#27;[38;5;86m[HTTP]&amp#27;[0m <-- GET /status 200 3 ms - 111 
Appium Service started at port 4725
4total 
[START] Login with "rohit" and "rohit" on Thread 37
[START] Basic Mobile automation feature on Thread 34
&amp#27;[38;5;86m[HTTP]&amp#27;[0m Request idempotency key: 943d7052-cc15-44ea-b59f-3a1625dccbcc
&amp#27;[38;5;86m[HTTP]&amp#27;[0m &amp#27;[37m-->&amp#27;[39m &amp#27;[37mPOST&amp#27;[39m &amp#27;[37m/session&amp#27;[39m {"capabilities":{"firstMatch":[{"appium:deviceName":"pixel7","platformName":"ANDROID","appium:automationName":"UIAutomator2","appium:app":"/Users/rohitsharma/eclipse-workspace/Appium/ApiDemos-debug.apk"}]}}
&amp#27;[38;5;157m[AppiumDriver@17cd]&amp#27;[0m Calling AppiumDriver.createSession() with args: [null,null,{"firstMatch":[{"appium:deviceName":"pixel7","platformName":"ANDROID","appium:automationName":"UIAutomator2","appium:app":"/Users/rohitsharma/eclipse-workspace/Appium/ApiDemos-debug.apk"}]}]
&amp#27;[38;5;157m[AppiumDriver@17cd]&amp#27;[0m Event 'newSessionRequested' logged at 1756116045750 (15:30:45 GMT+0530 (India Standard Time))
&amp#27;[38;5;112m[Appium]&amp#27;[0m Attempting to find matching driver for automationName 'UIAutomator2' and platformName 'ANDROID'
&amp#27;[38;5;112m[Appium]&amp#27;[0m The 'uiautomator2' driver was installed and matched caps.
&amp#27;[38;5;112m[Appium]&amp#27;[0m Will require it at /Users/rohitsharma/.appium/node_modules/appium-uiautomator2-driver
&amp#27;[38;5;112m[Appium]&amp#27;[0m Requiring driver at /Users/rohitsharma/.appium/node_modules/appium-uiautomator2-driver/build/index.js
&amp#27;[38;5;157m[AppiumDriver@17cd]&amp#27;[0m Appium v2.15.0 creating new AndroidUiautomator2Driver (v5.0.0) session
&amp#27;[38;5;157m[AppiumDriver@17cd]&amp#27;[0m Checking BaseDriver versions for Appium and AndroidUiautomator2Driver
&amp#27;[38;5;157m[AppiumDriver@17cd]&amp#27;[0m Appium's BaseDriver version is 9.15.0
&amp#27;[38;5;157m[AppiumDriver@17cd]&amp#27;[0m AndroidUiautomator2Driver's BaseDriver version is 9.15.0
&amp#27;[38;5;-164m[AndroidUiautomator2Driver@8430]&amp#27;[0m 
&amp#27;[38;5;-164m[AndroidUiautomator2Driver@8430]&amp#27;[0m Creating session with W3C capabilities: {
  "alwaysMatch": {
    "platformName": "ANDROID",
    "appium:deviceName": "pixel7",
    "appium:automationName": "UIAutomator2",
    "appium:app": "/Users/rohitsharma/eclipse-workspace/Appium/ApiDemos-debug.apk"
  },
  "firstMatch": [
    {}
  ]
}
&amp#27;[38;5;206m[0b2d18cb]&amp#27;[0m&amp#27;[38;5;-164m[AndroidUiautomator2Driver@8430]&amp#27;[0m Session created with session id: 0b2d18cb-5d57-4b4d-9338-66f6cf8e3e90
&amp#27;[38;5;206m[0b2d18cb]&amp#27;[0m&amp#27;[38;5;229m[ADB]&amp#27;[0m Found 2 'build-tools' folders under '/Users/rohitsharma/Library/Android/sdk' (newest first):
&amp#27;[38;5;206m[0b2d18cb]&amp#27;[0m&amp#27;[38;5;229m[ADB]&amp#27;[0m     /Users/rohitsharma/Library/Android/sdk/build-tools/35.0.0
&amp#27;[38;5;206m[0b2d18cb]&amp#27;[0m&amp#27;[38;5;229m[ADB]&amp#27;[0m     /Users/rohitsharma/Library/Android/sdk/build-tools/34.0.0
&amp#27;[38;5;206m[0b2d18cb]&amp#27;[0m&amp#27;[38;5;229m[ADB]&amp#27;[0m Using 'adb' from '/Users/rohitsharma/Library/Android/sdk/platform-tools/adb'
&amp#27;[38;5;206m[0b2d18cb]&amp#27;[0m&amp#27;[38;5;229m[ADB]&amp#27;[0m Running '/Users/rohitsharma/Library/Android/sdk/platform-tools/adb -P 5037 start-server'
&amp#27;[38;5;206m[0b2d18cb]&amp#27;[0m&amp#27;[38;5;-164m[AndroidUiautomator2Driver@8430]&amp#27;[0m Retrieving device list
&amp#27;[38;5;206m[0b2d18cb]&amp#27;[0m&amp#27;[38;5;229m[ADB]&amp#27;[0m Trying to find connected Android devices
&amp#27;[38;5;206m[0b2d18cb]&amp#27;[0m&amp#27;[38;5;229m[ADB]&amp#27;[0m Getting connected devices
&amp#27;[38;5;206m[0b2d18cb]&amp#27;[0m&amp#27;[38;5;229m[ADB]&amp#27;[0m Connected devices: [{"udid":"emulator-5554","state":"device"}]
&amp#27;[38;5;206m[0b2d18cb]&amp#27;[0m&amp#27;[38;5;-164m[AndroidUiautomator2Driver@8430]&amp#27;[0m Using device: emulator-5554
&amp#27;[38;5;206m[0b2d18cb]&amp#27;[0m&amp#27;[38;5;229m[ADB]&amp#27;[0m Using 'adb' from '/Users/rohitsharma/Library/Android/sdk/platform-tools/adb'
&amp#27;[38;5;206m[0b2d18cb]&amp#27;[0m&amp#27;[38;5;229m[ADB]&amp#27;[0m Running '/Users/rohitsharma/Library/Android/sdk/platform-tools/adb -P 5037 start-server'
&amp#27;[38;5;206m[0b2d18cb]&amp#27;[0m&amp#27;[38;5;229m[ADB]&amp#27;[0m Setting device id to emulator-5554
&amp#27;[38;5;206m[0b2d18cb]&amp#27;[0m&amp#27;[38;5;123m[BaseDriver]&amp#27;[0m Using local app '/Users/rohitsharma/eclipse-workspace/Appium/ApiDemos-debug.apk'
&amp#27;[38;5;206m[0b2d18cb]&amp#27;[0m&amp#27;[38;5;-164m[AndroidUiautomator2Driver@8430]&amp#27;[0m Checking whether app is actually present
&amp#27;[38;5;206m[0b2d18cb]&amp#27;[0m&amp#27;[38;5;229m[ADB]&amp#27;[0m Running '/Users/rohitsharma/Library/Android/sdk/platform-tools/adb -P 5037 -s emulator-5554 shell getprop ro.build.version.sdk'
&amp#27;[38;5;206m[0b2d18cb]&amp#27;[0m&amp#27;[38;5;229m[ADB]&amp#27;[0m Current device property 'ro.build.version.sdk': 36
&amp#27;[38;5;206m[0b2d18cb]&amp#27;[0m&amp#27;[38;5;229m[ADB]&amp#27;[0m Getting device platform version
&amp#27;[38;5;206m[0b2d18cb]&amp#27;[0m&amp#27;[38;5;229m[ADB]&amp#27;[0m Running '/Users/rohitsharma/Library/Android/sdk/platform-tools/adb -P 5037 -s emulator-5554 shell getprop ro.build.version.release'
&amp#27;[38;5;206m[0b2d18cb]&amp#27;[0m&amp#27;[38;5;229m[ADB]&amp#27;[0m Current device property 'ro.build.version.release': 16
&amp#27;[38;5;206m[0b2d18cb]&amp#27;[0m&amp#27;[38;5;229m[ADB]&amp#27;[0m Device API level: 36
&amp#27;[38;5;206m[0b2d18cb]&amp#27;[0m&amp#27;[38;5;-164m[AndroidUiautomator2Driver@8430]&amp#27;[0m Relaxing hidden api policy
&amp#27;[38;5;206m[0b2d18cb]&amp#27;[0m&amp#27;[38;5;229m[ADB]&amp#27;[0m Running '/Users/rohitsharma/Library/Android/sdk/platform-tools/adb -P 5037 -s emulator-5554 shell 'settings put global hidden_api_policy_pre_p_apps 1;settings put global hidden_api_policy_p_apps 1;settings put global hidden_api_policy 1''
&amp#27;[38;5;206m[0b2d18cb]&amp#27;[0m&amp#27;[38;5;-164m[AndroidUiautomator2Driver@8430]&amp#27;[0m Parsing package and activity from the 'ApiDemos-debug.apk' file manifest
&amp#27;[38;5;206m[0b2d18cb]&amp#27;[0m&amp#27;[38;5;229m[ADB]&amp#27;[0m Running '/Users/rohitsharma/Library/Android/sdk/platform-tools/adb -P 5037 -s emulator-5554 wait-for-device'
&amp#27;[38;5;206m[0b2d18cb]&amp#27;[0m&amp#27;[38;5;229m[ADB]&amp#27;[0m Using 'aapt2' from '/Users/rohitsharma/Library/Android/sdk/build-tools/35.0.0/aapt2'
&amp#27;[38;5;206m[0b2d18cb]&amp#27;[0m&amp#27;[38;5;229m[ADB]&amp#27;[0m Reading package manifest: '/Users/rohitsharma/Library/Android/sdk/build-tools/35.0.0/aapt2 dump badging /Users/rohitsharma/eclipse-workspace/Appium/ApiDemos-debug.apk'
&amp#27;[38;5;206m[0b2d18cb]&amp#27;[0m&amp#27;[38;5;229m[ADB]&amp#27;[0m Running '/Users/rohitsharma/Library/Android/sdk/platform-tools/adb -P 5037 -s emulator-5554 shell echo ping'
&amp#27;[38;5;206m[0b2d18cb]&amp#27;[0m&amp#27;[38;5;229m[ADB]&amp#27;[0m Package name: 'io.appium.android.apis'
&amp#27;[38;5;206m[0b2d18cb]&amp#27;[0m&amp#27;[38;5;229m[ADB]&amp#27;[0m Main activity name: 'io.appium.android.apis.ApiDemos'
&amp#27;[38;5;206m[0b2d18cb]&amp#27;[0m&amp#27;[38;5;-164m[AndroidUiautomator2Driver@8430]&amp#27;[0m Resolved launch package -> activity: io.appium.android.apis -> io.appium.android.apis.ApiDemos
&amp#27;[38;5;206m[0b2d18cb]&amp#27;[0m&amp#27;[38;5;-164m[AndroidUiautomator2Driver@8430]&amp#27;[0m Resolved wait package -> activity: io.appium.android.apis -> io.appium.android.apis.ApiDemos
&amp#27;[38;5;206m[0b2d18cb]&amp#27;[0m&amp#27;[38;5;-164m[AndroidUiautomator2Driver@8430]&amp#27;[0m Pushing settings apk to the device...
&amp#27;[38;5;206m[0b2d18cb]&amp#27;[0m&amp#27;[38;5;229m[ADB]&amp#27;[0m Getting package info for 'io.appium.settings'
&amp#27;[38;5;206m[0b2d18cb]&amp#27;[0m&amp#27;[38;5;229m[ADB]&amp#27;[0m Running '/Users/rohitsharma/Library/Android/sdk/platform-tools/adb -P 5037 -s emulator-5554 shell dumpsys package io.appium.settings'
&amp#27;[38;5;206m[0b2d18cb]&amp#27;[0m&amp#27;[38;5;229m[ADB]&amp#27;[0m Reading package manifest: '/Users/rohitsharma/Library/Android/sdk/build-tools/35.0.0/aapt2 dump badging /Users/rohitsharma/.appium/node_modules/appium-uiautomator2-driver/node_modules/io.appium.settings/apks/settings_apk-debug.apk'
&amp#27;[38;5;206m[0b2d18cb]&amp#27;[0m&amp#27;[38;5;229m[ADB]&amp#27;[0m The version name of the installed 'io.appium.settings' is greater or equal to the application version name ('6.0.0' >= '6.0.0')
&amp#27;[38;5;206m[0b2d18cb]&amp#27;[0m&amp#27;[38;5;229m[ADB]&amp#27;[0m There is no need to install/upgrade '/Users/rohitsharma/.appium/node_modules/appium-uiautomator2-driver/node_modules/io.appium.settings/apks/settings_apk-debug.apk'
&amp#27;[38;5;206m[0b2d18cb]&amp#27;[0m&amp#27;[38;5;229m[ADB]&amp#27;[0m Running '/Users/rohitsharma/Library/Android/sdk/platform-tools/adb -P 5037 -s emulator-5554 shell dumpsys activity services io.appium.settings'
&amp#27;[38;5;206m[0b2d18cb]&amp#27;[0m&amp#27;[38;5;-164m[AndroidUiautomator2Driver@8430]&amp#27;[0m io.appium.settings is already running. There is no need to reset its permissions.
&amp#27;[38;5;206m[0b2d18cb]&amp#27;[0m&amp#27;[38;5;160m[Logcat]&amp#27;[0m Starting logs capture with command: /Users/rohitsharma/Library/Android/sdk/platform-tools/adb -P 5037 -s emulator-5554 logcat -v threadtime
&amp#27;[38;5;206m[0b2d18cb]&amp#27;[0m&amp#27;[38;5;-164m[AndroidUiautomator2Driver@8430]&amp#27;[0m Forwarding UiAutomator2 Server port 6790 to local port 8200
&amp#27;[38;5;206m[0b2d18cb]&amp#27;[0m&amp#27;[38;5;229m[ADB]&amp#27;[0m Forwarding system: 8200 to device: 6790
&amp#27;[38;5;206m[0b2d18cb]&amp#27;[0m&amp#27;[38;5;229m[ADB]&amp#27;[0m Running '/Users/rohitsharma/Library/Android/sdk/platform-tools/adb -P 5037 -s emulator-5554 forward tcp:8200 tcp:6790'
&amp#27;[38;5;206m[0b2d18cb]&amp#27;[0m&amp#27;[38;5;229m[ADB]&amp#27;[0m Getting package info for 'io.appium.uiautomator2.server'
&amp#27;[38;5;206m[0b2d18cb]&amp#27;[0m&amp#27;[38;5;229m[ADB]&amp#27;[0m Running '/Users/rohitsharma/Library/Android/sdk/platform-tools/adb -P 5037 -s emulator-5554 shell dumpsys package io.appium.uiautomator2.server'
&amp#27;[38;5;206m[0b2d18cb]&amp#27;[0m&amp#27;[38;5;229m[ADB]&amp#27;[0m Getting install status for io.appium.uiautomator2.server.test
&amp#27;[38;5;206m[0b2d18cb]&amp#27;[0m&amp#27;[38;5;229m[ADB]&amp#27;[0m Checking app cert for /Users/rohitsharma/eclipse-workspace/Appium/ApiDemos-debug.apk
&amp#27;[38;5;206m[0b2d18cb]&amp#27;[0m&amp#27;[38;5;229m[ADB]&amp#27;[0m Running '/Users/rohitsharma/Library/Android/sdk/platform-tools/adb -P 5037 -s emulator-5554 shell cmd package list packages'
&amp#27;[38;5;206m[0b2d18cb]&amp#27;[0m&amp#27;[38;5;229m[ADB]&amp#27;[0m Using 'apksigner.jar' from '/Users/rohitsharma/Library/Android/sdk/build-tools/35.0.0/lib/apksigner.jar'
&amp#27;[38;5;206m[0b2d18cb]&amp#27;[0m&amp#27;[38;5;229m[ADB]&amp#27;[0m Starting apksigner: /usr/bin/java -Xmx1024M -Xss1m -jar /Users/rohitsharma/Library/Android/sdk/build-tools/35.0.0/lib/apksigner.jar verify --print-certs /Users/rohitsharma/eclipse-workspace/Appium/ApiDemos-debug.apk
&amp#27;[38;5;206m[0b2d18cb]&amp#27;[0m&amp#27;[38;5;229m[ADB]&amp#27;[0m Reading package manifest: '/Users/rohitsharma/Library/Android/sdk/build-tools/35.0.0/aapt2 dump badging /Users/rohitsharma/.appium/node_modules/appium-uiautomator2-driver/node_modules/appium-uiautomator2-server/apks/appium-uiautomator2-server-v8.0.0.apk'
&amp#27;[38;5;206m[0b2d18cb]&amp#27;[0m&amp#27;[38;5;229m[ADB]&amp#27;[0m 'io.appium.uiautomator2.server.test' is installed
&amp#27;[38;5;206m[0b2d18cb]&amp#27;[0m&amp#27;[38;5;229m[ADB]&amp#27;[0m The version name of the installed 'io.appium.uiautomator2.server' is greater or equal to the application version name ('8.0.0' >= '8.0.0')
&amp#27;[38;5;206m[0b2d18cb]&amp#27;[0m&amp#27;[38;5;-164m[AndroidUiautomator2Driver@8430]&amp#27;[0m Server packages status: [{"installState":"sameVersionInstalled","appPath":"/Users/rohitsharma/.appium/node_modules/appium-uiautomator2-driver/node_modules/appium-uiautomator2-server/apks/appium-uiautomator2-server-v8.0.0.apk","appId":"io.appium.uiautomator2.server"},{"installState":"sameVersionInstalled","appPath":"/Users/rohitsharma/.appium/node_modules/appium-uiautomator2-driver/node_modules/appium-uiautomator2-server/apks/appium-uiautomator2-server-debug-androidTest.apk","appId":"io.appium.uiautomator2.server.test"}]
&amp#27;[38;5;206m[0b2d18cb]&amp#27;[0m&amp#27;[38;5;-164m[AndroidUiautomator2Driver@8430]&amp#27;[0m Server packages are not going to be (re)installed
&amp#27;[38;5;206m[0b2d18cb]&amp#27;[0m&amp#27;[38;5;-164m[AndroidUiautomator2Driver@8430]&amp#27;[0m Waiting up to 30000ms for services to be available
&amp#27;[38;5;206m[0b2d18cb]&amp#27;[0m&amp#27;[38;5;229m[ADB]&amp#27;[0m Running '/Users/rohitsharma/Library/Android/sdk/platform-tools/adb -P 5037 -s emulator-5554 shell pm list instrumentation'
&amp#27;[38;5;206m[0b2d18cb]&amp#27;[0m&amp#27;[38;5;-164m[AndroidUiautomator2Driver@8430]&amp#27;[0m Instrumentation target 'io.appium.uiautomator2.server.test/androidx.test.runner.AndroidJUnitRunner' is available
&amp#27;[38;5;206m[0b2d18cb]&amp#27;[0m&amp#27;[38;5;229m[ADB]&amp#27;[0m Adding packages ["io.appium.settings","io.appium.uiautomator2.server","io.appium.uiautomator2.server.test"] to Doze whitelist
&amp#27;[38;5;206m[0b2d18cb]&amp#27;[0m&amp#27;[38;5;229m[ADB]&amp#27;[0m Got the following command chunks to execute: [["dumpsys","deviceidle","whitelist","+io.appium.settings",";","dumpsys","deviceidle","whitelist","+io.appium.uiautomator2.server",";","dumpsys","deviceidle","whitelist","+io.appium.uiautomator2.server.test",";"]]
&amp#27;[38;5;206m[0b2d18cb]&amp#27;[0m&amp#27;[38;5;229m[ADB]&amp#27;[0m Running '/Users/rohitsharma/Library/Android/sdk/platform-tools/adb -P 5037 -s emulator-5554 shell dumpsys deviceidle whitelist +io.appium.settings ; dumpsys deviceidle whitelist +io.appium.uiautomator2.server ; dumpsys deviceidle whitelist +io.appium.uiautomator2.server.test ;'
&amp#27;[38;5;206m[0b2d18cb]&amp#27;[0m&amp#27;[38;5;229m[ADB]&amp#27;[0m apksigner stdout: Signer #1 certificate DN: C=US, O=Android, CN=Android Debug
Signer #1 certificate SHA-256 digest: 65d222b742c05e2bb5b7ba2c5d8da5006fdc97f549f8748f386b58686f9068ca
Signer #1 certificate SHA-1 digest: 36f3328b5c0cc5e90620656b2d6a53efeed0912d
Signer #1 certificate MD5 digest: f8000c7af83f8f028c1e15f72abeef3e

&amp#27;[38;5;206m[0b2d18cb]&amp#27;[0m&amp#27;[38;5;229m[ADB]&amp#27;[0m apksigner stderr: WARNING: A restricted method in java.lang.System has been called
WARNING: java.lang.System::loadLibrary has been called by org.conscrypt.NativeLibraryUtil in an unnamed module (file:/Users/rohitsharma/Library/Android/sdk/build-tools/35.0.0/lib/apksigner.jar)
WARNING: Use --enable-native-access=ALL-UNNAMED to avoid a warning for callers in this module
WARNING: Restricted methods will be blocked in a future release unless native access is enabled


&amp#27;[38;5;206m[0b2d18cb]&amp#27;[0m&amp#27;[38;5;229m[ADB]&amp#27;[0m '/Users/rohitsharma/eclipse-workspace/Appium/ApiDemos-debug.apk' is signed with a non-default certificate
&amp#27;[38;5;206m[0b2d18cb]&amp#27;[0m&amp#27;[38;5;229m[ADB]&amp#27;[0m Getting package info for 'io.appium.android.apis'
&amp#27;[38;5;206m[0b2d18cb]&amp#27;[0m&amp#27;[38;5;229m[ADB]&amp#27;[0m Running '/Users/rohitsharma/Library/Android/sdk/platform-tools/adb -P 5037 -s emulator-5554 shell dumpsys package io.appium.android.apis'
&amp#27;[38;5;206m[0b2d18cb]&amp#27;[0m&amp#27;[38;5;229m[ADB]&amp#27;[0m Reading package manifest: '/Users/rohitsharma/Library/Android/sdk/build-tools/35.0.0/aapt2 dump badging /Users/rohitsharma/eclipse-workspace/Appium/ApiDemos-debug.apk'
&amp#27;[38;5;206m[0b2d18cb]&amp#27;[0m&amp#27;[38;5;229m[ADB]&amp#27;[0m The version name of the installed 'io.appium.android.apis' is greater or equal to the application version name ('4.0.0' >= '4.0.0')
&amp#27;[38;5;206m[0b2d18cb]&amp#27;[0m&amp#27;[38;5;229m[ADB]&amp#27;[0m There is no need to install/upgrade '/Users/rohitsharma/eclipse-workspace/Appium/ApiDemos-debug.apk'
&amp#27;[38;5;206m[0b2d18cb]&amp#27;[0m&amp#27;[38;5;-164m[AndroidUiautomator2Driver@8430]&amp#27;[0m Performing fast reset on 'io.appium.android.apis'
&amp#27;[38;5;206m[0b2d18cb]&amp#27;[0m&amp#27;[38;5;229m[ADB]&amp#27;[0m Getting install status for io.appium.android.apis
&amp#27;[38;5;206m[0b2d18cb]&amp#27;[0m&amp#27;[38;5;229m[ADB]&amp#27;[0m Running '/Users/rohitsharma/Library/Android/sdk/platform-tools/adb -P 5037 -s emulator-5554 shell cmd package list packages'
&amp#27;[38;5;206m[0b2d18cb]&amp#27;[0m&amp#27;[38;5;229m[ADB]&amp#27;[0m 'io.appium.android.apis' is installed
&amp#27;[38;5;206m[0b2d18cb]&amp#27;[0m&amp#27;[38;5;229m[ADB]&amp#27;[0m Running '/Users/rohitsharma/Library/Android/sdk/platform-tools/adb -P 5037 -s emulator-5554 shell am force-stop io.appium.android.apis'
&amp#27;[38;5;206m[0b2d18cb]&amp#27;[0m&amp#27;[38;5;229m[ADB]&amp#27;[0m Running '/Users/rohitsharma/Library/Android/sdk/platform-tools/adb -P 5037 -s emulator-5554 shell pm clear io.appium.android.apis'
&amp#27;[38;5;206m[0b2d18cb]&amp#27;[0m&amp#27;[38;5;-164m[AndroidUiautomator2Driver@8430]&amp#27;[0m Performed fast reset on the installed 'io.appium.android.apis' application (stop and clear)
&amp#27;[38;5;206m[0b2d18cb]&amp#27;[0m&amp#27;[38;5;-164m[AndroidUiautomator2Driver@8430]&amp#27;[0m Performing shallow cleanup of automation leftovers
&amp#27;[38;5;206m[0b2d18cb]&amp#27;[0m&amp#27;[38;5;-164m[AndroidUiautomator2Driver@8430]&amp#27;[0m No obsolete sessions have been detected (socket hang up)
&amp#27;[38;5;206m[0b2d18cb]&amp#27;[0m&amp#27;[38;5;229m[ADB]&amp#27;[0m Running '/Users/rohitsharma/Library/Android/sdk/platform-tools/adb -P 5037 -s emulator-5554 shell am force-stop io.appium.uiautomator2.server'
&amp#27;[38;5;206m[0b2d18cb]&amp#27;[0m&amp#27;[38;5;229m[ADB]&amp#27;[0m Running '/Users/rohitsharma/Library/Android/sdk/platform-tools/adb -P 5037 -s emulator-5554 shell am force-stop io.appium.uiautomator2.server.test'
&amp#27;[38;5;206m[0b2d18cb]&amp#27;[0m&amp#27;[38;5;-164m[AndroidUiautomator2Driver@8430]&amp#27;[0m Starting UIAutomator2 server 8.0.0
&amp#27;[38;5;206m[0b2d18cb]&amp#27;[0m&amp#27;[38;5;-164m[AndroidUiautomator2Driver@8430]&amp#27;[0m Using UIAutomator2 server from '/Users/rohitsharma/.appium/node_modules/appium-uiautomator2-driver/node_modules/appium-uiautomator2-server/apks/appium-uiautomator2-server-v8.0.0.apk' and test from '/Users/rohitsharma/.appium/node_modules/appium-uiautomator2-driver/node_modules/appium-uiautomator2-server/apks/appium-uiautomator2-server-debug-androidTest.apk'
&amp#27;[38;5;206m[0b2d18cb]&amp#27;[0m&amp#27;[38;5;-164m[AndroidUiautomator2Driver@8430]&amp#27;[0m Waiting up to 30000ms for UiAutomator2 to be online...
&amp#27;[38;5;206m[0b2d18cb]&amp#27;[0m&amp#27;[38;5;229m[ADB]&amp#27;[0m Creating ADB subprocess with args: ["-P","5037","-s","emulator-5554","shell","am","instrument","-w","-e","disableAnalytics","true","io.appium.uiautomator2.server.test/androidx.test.runner.AndroidJUnitRunner"]
&amp#27;[38;5;206m[0b2d18cb]&amp#27;[0m&amp#27;[38;5;-164m[AndroidUiautomator2Driver@8430]&amp#27;[0m Matched '/status' to command name 'getStatus'
&amp#27;[38;5;206m[0b2d18cb]&amp#27;[0m&amp#27;[38;5;-164m[AndroidUiautomator2Driver@8430]&amp#27;[0m Proxying [GET /status] to [GET http://127.0.0.1:8200/status] with no body
&amp#27;[38;5;206m[0b2d18cb]&amp#27;[0m&amp#27;[38;5;-164m[AndroidUiautomator2Driver@8430]&amp#27;[0m socket hang up
&amp#27;[38;5;206m[0b2d18cb]&amp#27;[0m&amp#27;[38;5;-164m[AndroidUiautomator2Driver@8430]&amp#27;[0m Matched '/status' to command name 'getStatus'
&amp#27;[38;5;206m[0b2d18cb]&amp#27;[0m&amp#27;[38;5;-164m[AndroidUiautomator2Driver@8430]&amp#27;[0m Proxying [GET /status] to [GET http://127.0.0.1:8200/status] with no body
&amp#27;[38;5;206m[0b2d18cb]&amp#27;[0m&amp#27;[38;5;-164m[AndroidUiautomator2Driver@8430]&amp#27;[0m socket hang up
&amp#27;[38;5;206m[0b2d18cb]&amp#27;[0m&amp#27;[38;5;-164m[AndroidUiautomator2Driver@8430]&amp#27;[0m Matched '/status' to command name 'getStatus'
&amp#27;[38;5;206m[0b2d18cb]&amp#27;[0m&amp#27;[38;5;-164m[AndroidUiautomator2Driver@8430]&amp#27;[0m Proxying [GET /status] to [GET http://127.0.0.1:8200/status] with no body
&amp#27;[38;5;206m[0b2d18cb]&amp#27;[0m&amp#27;[38;5;-164m[AndroidUiautomator2Driver@8430]&amp#27;[0m socket hang up
&amp#27;[38;5;206m[0b2d18cb]&amp#27;[0m&amp#27;[38;5;-164m[AndroidUiautomator2Driver@8430]&amp#27;[0m Matched '/status' to command name 'getStatus'
&amp#27;[38;5;206m[0b2d18cb]&amp#27;[0m&amp#27;[38;5;-164m[AndroidUiautomator2Driver@8430]&amp#27;[0m Proxying [GET /status] to [GET http://127.0.0.1:8200/status] with no body
&amp#27;[38;5;206m[0b2d18cb]&amp#27;[0m&amp#27;[38;5;-164m[AndroidUiautomator2Driver@8430]&amp#27;[0m socket hang up
&amp#27;[38;5;206m[0b2d18cb]&amp#27;[0m&amp#27;[38;5;-164m[AndroidUiautomator2Driver@8430]&amp#27;[0m [Instrumentation] 
&amp#27;[38;5;206m[0b2d18cb]&amp#27;[0m&amp#27;[38;5;-164m[AndroidUiautomator2Driver@8430]&amp#27;[0m Matched '/status' to command name 'getStatus'
&amp#27;[38;5;206m[0b2d18cb]&amp#27;[0m&amp#27;[38;5;-164m[AndroidUiautomator2Driver@8430]&amp#27;[0m Proxying [GET /status] to [GET http://127.0.0.1:8200/status] with no body
&amp#27;[38;5;206m[0b2d18cb]&amp#27;[0m&amp#27;[38;5;-164m[AndroidUiautomator2Driver@8430]&amp#27;[0m socket hang up
&amp#27;[38;5;206m[0b2d18cb]&amp#27;[0m&amp#27;[38;5;-164m[AndroidUiautomator2Driver@8430]&amp#27;[0m Matched '/status' to command name 'getStatus'
&amp#27;[38;5;206m[0b2d18cb]&amp#27;[0m&amp#27;[38;5;-164m[AndroidUiautomator2Driver@8430]&amp#27;[0m Proxying [GET /status] to [GET http://127.0.0.1:8200/status] with no body
&amp#27;[38;5;206m[0b2d18cb]&amp#27;[0m&amp#27;[38;5;-164m[AndroidUiautomator2Driver@8430]&amp#27;[0m Got response with status 200: {"sessionId":"None","value":{"build":{"version":"8.0.0","versionCode":221},"message":"UiAutomator2 Server is ready to accept commands","ready":true}}
&amp#27;[38;5;206m[0b2d18cb]&amp#27;[0m&amp#27;[38;5;-164m[AndroidUiautomator2Driver@8430]&amp#27;[0m The initialization of the instrumentation process took 5343ms
&amp#27;[38;5;206m[0b2d18cb]&amp#27;[0m&amp#27;[38;5;-164m[AndroidUiautomator2Driver@8430]&amp#27;[0m Matched '/session' to command name 'createSession'
&amp#27;[38;5;206m[0b2d18cb]&amp#27;[0m&amp#27;[38;5;-164m[AndroidUiautomator2Driver@8430]&amp#27;[0m Proxying [POST /session] to [POST http://127.0.0.1:8200/session] with body: {"capabilities":{"firstMatch":[{"platformName":"ANDROID","deviceName":"emulator-5554","automationName":"UIAutomator2","app":"/Users/rohitsharma/eclipse-workspace/Appium/ApiDemos-debug.apk","platform":"LINUX","webStorageEnabled":false,"takesScreenshot":true,"javascriptEnabled":true,"databaseEnabled":false,"networkConnectionEnabled":true,"locationContextEnabled":false,"warnings":{},"desired":{"platformName":"ANDROID","deviceName":"pixel7","automationName":"UIAutomator2","app":"/Users/rohitsharma/eclipse-workspace/Appium/ApiDemos-debug.apk"},"deviceUDID":"emulator-5554","appPackage":"io.appium.android.apis","appActivity":"io.appium.android.apis.ApiDemos"}],"alwaysMatch":{}}}
&amp#27;[38;5;206m[0b2d18cb]&amp#27;[0m&amp#27;[38;5;-164m[AndroidUiautomator2Driver@8430]&amp#27;[0m Got response with status 200: {"sessionId":"8d931a96-d062-4e71-88df-fba9f87cc6c5","value":{"capabilities":{"firstMatch":[{"platformName":"ANDROID","deviceName":"emulator-5554","automationName":"UIAutomator2","app":"/Users/rohitsharma/eclipse-workspace/Appium/ApiDemos-debug.apk","platform":"LINUX","webStorageEnabled":false,"takesScreenshot":true,"javascriptEnabled":true,"databaseEnabled":false,"networkConnectionEnabled":true,"locationContextEnabled":false,"warnings":{},"desired":{"platformName":"ANDROID","deviceName":"pixel7","automationName":"UIAutomator2","app":"/Users/rohitsharma/eclipse-workspace/Appium/ApiDemos-debug.apk"},"deviceUDID":"emulator-5554","appPackage":"io.appium.android.apis","appActivity":"io.appium.android.apis.ApiDemos"}],"alwaysMatch":{}},"sessionId":"8d931a96-d062-4e71-88df-fba9f87cc6c5"}}
&amp#27;[38;5;206m[0b2d18cb]&amp#27;[0m&amp#27;[38;5;-164m[AndroidUiautomator2Driver@8430]&amp#27;[0m Determined the downstream protocol as 'W3C'
&amp#27;[38;5;206m[0b2d18cb]&amp#27;[0m&amp#27;[38;5;-164m[AndroidUiautomator2Driver@8430]&amp#27;[0m Proxying [GET /appium/device/pixel_ratio] to [GET http://127.0.0.1:8200/session/8d931a96-d062-4e71-88df-fba9f87cc6c5/appium/device/pixel_ratio] with no body
&amp#27;[38;5;206m[0b2d18cb]&amp#27;[0m&amp#27;[38;5;-164m[AndroidUiautomator2Driver@8430]&amp#27;[0m Matched '/appium/device/system_bars' to command name 'getSystemBars'
&amp#27;[38;5;206m[0b2d18cb]&amp#27;[0m&amp#27;[38;5;-164m[AndroidUiautomator2Driver@8430]&amp#27;[0m Proxying [GET /appium/device/system_bars] to [GET http://127.0.0.1:8200/session/8d931a96-d062-4e71-88df-fba9f87cc6c5/appium/device/system_bars] with no body
&amp#27;[38;5;206m[0b2d18cb]&amp#27;[0m&amp#27;[38;5;-164m[AndroidUiautomator2Driver@8430]&amp#27;[0m Matched '/window/current/size' to command name 'getWindowSize'
&amp#27;[38;5;206m[0b2d18cb]&amp#27;[0m&amp#27;[38;5;-164m[AndroidUiautomator2Driver@8430]&amp#27;[0m Proxying [GET /window/current/size] to [GET http://127.0.0.1:8200/session/8d931a96-d062-4e71-88df-fba9f87cc6c5/window/current/size] with no body
&amp#27;[38;5;206m[0b2d18cb]&amp#27;[0m&amp#27;[38;5;-164m[AndroidUiautomator2Driver@8430]&amp#27;[0m Proxying [GET /appium/device/info] to [GET http://127.0.0.1:8200/session/8d931a96-d062-4e71-88df-fba9f87cc6c5/appium/device/info] with no body
&amp#27;[38;5;206m[0b2d18cb]&amp#27;[0m&amp#27;[38;5;229m[ADB]&amp#27;[0m Running '/Users/rohitsharma/Library/Android/sdk/platform-tools/adb -P 5037 -s emulator-5554 shell dumpsys window'
&amp#27;[38;5;206m[0b2d18cb]&amp#27;[0m&amp#27;[38;5;229m[ADB]&amp#27;[0m Running '/Users/rohitsharma/Library/Android/sdk/platform-tools/adb -P 5037 -s emulator-5554 shell dumpsys power'
&amp#27;[38;5;206m[0b2d18cb]&amp#27;[0m&amp#27;[38;5;-164m[AndroidUiautomator2Driver@8430]&amp#27;[0m Got response with status 200: {"sessionId":"8d931a96-d062-4e71-88df-fba9f87cc6c5","value":3.5}
&amp#27;[38;5;206m[0b2d18cb]&amp#27;[0m&amp#27;[38;5;-164m[AndroidUiautomator2Driver@8430]&amp#27;[0m Got response with status 200: {"sessionId":"8d931a96-d062-4e71-88df-fba9f87cc6c5","value":{"height":3120,"width":1440}}
&amp#27;[38;5;206m[0b2d18cb]&amp#27;[0m&amp#27;[38;5;-164m[AndroidUiautomator2Driver@8430]&amp#27;[0m Got response with status 200: {"sessionId":"8d931a96-d062-4e71-88df-fba9f87cc6c5","value":{"statusBar":144}}
&amp#27;[38;5;206m[0b2d18cb]&amp#27;[0m&amp#27;[38;5;-164m[AndroidUiautomator2Driver@8430]&amp#27;[0m Got response with status 200: {"sessionId":"8d931a96-d062-4e71-88df-fba9f87cc6c5","value":{"androidId":"44c195ff630c8cf4","apiVersion":"36","bluetooth":{"state":"ON"},"brand":"google","carrierName":"T-Mobile","displayDensity":560,"locale":"en_US","manufacturer":"Google","model":"sdk_gphone64_arm64","networks":[{"capabilities":{"SSID":null,"linkDownBandwidthKbps":30000,"linkUpstreamBandwidthKbps":12000,"networkCapabilities":"NET_CAPABILITY_NOT_METERED,NET_CAPABILITY_INTERNET,NET_CAPABILITY_NOT_RESTRICTED,NET_CAPABILITY_TRUSTED,NET_CAPABILITY_NOT_VPN,NET_CAPABILITY_VALIDATED,NET_CAPABILITY_NOT_ROAMING,NET_CAPABILITY_FOREGROUND,NET_CAPABILITY_NOT_CONGESTED,NET_CAPABILITY_NOT_SUSPENDED","signalStrength":-50,"transportTypes":"TRANSPORT_WIFI"},"detailedState":"CONNECTED","extraInfo":"","isAvailable":true,"isConnected":true,"isFailover":false,"isRoaming":false,"state":"CONNECTED","subtype":-1,"subtypeName":"","type":1,"typeName":"WIFI"},{"capabilities":{"SSID":null,"linkDownBandwidthKbps":145000,"linkUpstreamBandwidthKbps":60000,"networkCapab...
&amp#27;[38;5;206m[0b2d18cb]&amp#27;[0m&amp#27;[38;5;-164m[AndroidUiautomator2Driver@8430]&amp#27;[0m Screen already unlocked, doing nothing
&amp#27;[38;5;206m[0b2d18cb]&amp#27;[0m&amp#27;[38;5;-164m[AndroidUiautomator2Driver@8430]&amp#27;[0m Starting 'io.appium.android.apis/io.appium.android.apis.ApiDemos' and waiting for 'io.appium.android.apis/io.appium.android.apis.ApiDemos'
&amp#27;[38;5;206m[0b2d18cb]&amp#27;[0m&amp#27;[38;5;229m[ADB]&amp#27;[0m Running '/Users/rohitsharma/Library/Android/sdk/platform-tools/adb -P 5037 -s emulator-5554 shell am start-activity -W -n io.appium.android.apis/io.appium.android.apis.ApiDemos -S -a android.intent.action.MAIN -c android.intent.category.LAUNCHER -f 0x10200000'
&amp#27;[38;5;206m[0b2d18cb]&amp#27;[0m&amp#27;[38;5;229m[ADB]&amp#27;[0m Expected package names to be focused within 20000ms: 'io.appium.android.apis'
&amp#27;[38;5;206m[0b2d18cb]&amp#27;[0m&amp#27;[38;5;229m[ADB]&amp#27;[0m Expected activity name patterns to be focused within 20000ms: '/^io\.appium\.android\.apis\.ApiDemos$/'
&amp#27;[38;5;206m[0b2d18cb]&amp#27;[0m&amp#27;[38;5;229m[ADB]&amp#27;[0m Getting focused package and activity
&amp#27;[38;5;206m[0b2d18cb]&amp#27;[0m&amp#27;[38;5;229m[ADB]&amp#27;[0m Running '/Users/rohitsharma/Library/Android/sdk/platform-tools/adb -P 5037 -s emulator-5554 shell dumpsys window displays'
&amp#27;[38;5;206m[0b2d18cb]&amp#27;[0m&amp#27;[38;5;229m[ADB]&amp#27;[0m Focused package: io.appium.android.apis
&amp#27;[38;5;206m[0b2d18cb]&amp#27;[0m&amp#27;[38;5;229m[ADB]&amp#27;[0m Focused fully qualified activity name: io.appium.android.apis.ApiDemos
&amp#27;[38;5;206m[0b2d18cb]&amp#27;[0m&amp#27;[38;5;157m[AppiumDriver@17cd]&amp#27;[0m New AndroidUiautomator2Driver session created successfully, session 0b2d18cb-5d57-4b4d-9338-66f6cf8e3e90 added to master session list
&amp#27;[38;5;206m[0b2d18cb]&amp#27;[0m&amp#27;[38;5;157m[AppiumDriver@17cd]&amp#27;[0m Event 'newSessionStarted' logged at 1756116056257 (15:30:56 GMT+0530 (India Standard Time))
&amp#27;[38;5;206m[0b2d18cb]&amp#27;[0m&amp#27;[38;5;-164m[AndroidUiautomator2Driver@8430]&amp#27;[0m Cached the protocol value 'W3C' for the new session 0b2d18cb-5d57-4b4d-9338-66f6cf8e3e90
&amp#27;[38;5;206m[0b2d18cb]&amp#27;[0m&amp#27;[38;5;-164m[AndroidUiautomator2Driver@8430]&amp#27;[0m Responding to client with driver.createSession() result: {"capabilities":{"platformName":"ANDROID","deviceName":"emulator-5554","automationName":"UIAutomator2","app":"/Users/rohitsharma/eclipse-workspace/Appium/ApiDemos-debug.apk","platform":"LINUX","webStorageEnabled":false,"takesScreenshot":true,"javascriptEnabled":true,"databaseEnabled":false,"networkConnectionEnabled":true,"locationContextEnabled":false,"warnings":{},"desired":{"platformName":"ANDROID","deviceName":"pixel7","automationName":"UIAutomator2","app":"/Users/rohitsharma/eclipse-workspace/Appium/ApiDemos-debug.apk"},"deviceUDID":"emulator-5554","appPackage":"io.appium.android.apis","appActivity":"io.appium.android.apis.ApiDemos","pixelRatio":"3.5","statBarHeight":144,"viewportRect":{"left":0,"top":144,"width":1440,"height":2976},"deviceApiLevel":36,"platformVersion":"16","deviceManufacturer":"Google","deviceModel":"sdk_gphone64_arm64","deviceScreenSize":"1440x3120","deviceScreenDensity":560}}
&amp#27;[38;5;206m[0b2d18cb]&amp#27;[0m&amp#27;[38;5;86m[HTTP]&amp#27;[0m <-- POST /session 200 10511 ms - 974 
&amp#27;[38;5;206m[0b2d18cb]&amp#27;[0m&amp#27;[38;5;86m[HTTP]&amp#27;[0m &amp#27;[37m-->&amp#27;[39m &amp#27;[37mPOST&amp#27;[39m &amp#27;[37m/session/0b2d18cb-5d57-4b4d-9338-66f6cf8e3e90/timeouts&amp#27;[39m {"implicit":10000}
&amp#27;[38;5;206m[0b2d18cb]&amp#27;[0m&amp#27;[38;5;-164m[AndroidUiautomator2Driver@8430]&amp#27;[0m Calling AppiumDriver.timeouts() with args: [null,null,null,null,10000,"0b2d18cb-5d57-4b4d-9338-66f6cf8e3e90"]
&amp#27;[38;5;206m[0b2d18cb]&amp#27;[0m&amp#27;[38;5;-164m[AndroidUiautomator2Driver@8430]&amp#27;[0m W3C timeout argument: {"implicit":10000}}
&amp#27;[38;5;206m[0b2d18cb]&amp#27;[0m&amp#27;[38;5;-164m[AndroidUiautomator2Driver@8430]&amp#27;[0m Set implicit wait to 10000ms
&amp#27;[38;5;206m[0b2d18cb]&amp#27;[0m&amp#27;[38;5;-164m[AndroidUiautomator2Driver@8430]&amp#27;[0m Responding to client with driver.timeouts() result: null
&amp#27;[38;5;206m[0b2d18cb]&amp#27;[0m&amp#27;[38;5;86m[HTTP]&amp#27;[0m <-- POST /session/0b2d18cb-5d57-4b4d-9338-66f6cf8e3e90/timeouts 200 3 ms - 14 
[START] Verify Dashboard page on Thread 35
[START] Verify Dashboard page on Thread 36
Test Step started I am on Login page
Test Step started I am on Login page
Test Step started I am on Login page
Test Step started I am on Mobile Dashboard page for app
Test Step started I enter "rohit" in "loginusername" web field
Test Step started I click on mobile "preference"
Test Step started I enter "deepak" in "loginusername" web field
Test Step started I enter "rohit" in "loginusername" web field
accessibilityId@@@Preferencevalue of whole locator
locator is loginusername
locator is loginusername
locator is loginusername
&amp#27;[38;5;206m[0b2d18cb]&amp#27;[0m&amp#27;[38;5;86m[HTTP]&amp#27;[0m &amp#27;[37m-->&amp#27;[39m &amp#27;[37mPOST&amp#27;[39m &amp#27;[37m/session/0b2d18cb-5d57-4b4d-9338-66f6cf8e3e90/element&amp#27;[39m {"using":"accessibility id","value":"Preference"}
&amp#27;[38;5;206m[0b2d18cb]&amp#27;[0m&amp#27;[38;5;-164m[AndroidUiautomator2Driver@8430]&amp#27;[0m Calling AppiumDriver.findElement() with args: ["accessibility id","Preference","0b2d18cb-5d57-4b4d-9338-66f6cf8e3e90"]
&amp#27;[38;5;206m[0b2d18cb]&amp#27;[0m&amp#27;[38;5;-164m[AndroidUiautomator2Driver@8430]&amp#27;[0m Valid locator strategies for this request: xpath, id, class name, accessibility id, css selector, -android uiautomator
&amp#27;[38;5;206m[0b2d18cb]&amp#27;[0m&amp#27;[38;5;-164m[AndroidUiautomator2Driver@8430]&amp#27;[0m Waiting up to 10000 ms for condition
&amp#27;[38;5;206m[0b2d18cb]&amp#27;[0m&amp#27;[38;5;-164m[AndroidUiautomator2Driver@8430]&amp#27;[0m Matched '/element' to command name 'findElement'
&amp#27;[38;5;206m[0b2d18cb]&amp#27;[0m&amp#27;[38;5;-164m[AndroidUiautomator2Driver@8430]&amp#27;[0m Proxying [POST /element] to [POST http://127.0.0.1:8200/session/8d931a96-d062-4e71-88df-fba9f87cc6c5/element] with body: {"strategy":"accessibility id","selector":"Preference","context":"","multiple":false}
https://demo.applitools.com/36
locator value are //input[@id="username"]
&amp#27;[38;5;206m[0b2d18cb]&amp#27;[0m&amp#27;[38;5;-164m[AndroidUiautomator2Driver@8430]&amp#27;[0m Got response with status 200: {"sessionId":"8d931a96-d062-4e71-88df-fba9f87cc6c5","value":{"ELEMENT":"00000000-0000-0024-ffff-ffff00000012","element-6066-11e4-a52e-4f735466cecf":"00000000-0000-0024-ffff-ffff00000012"}}
&amp#27;[38;5;206m[0b2d18cb]&amp#27;[0m&amp#27;[38;5;-164m[AndroidUiautomator2Driver@8430]&amp#27;[0m Responding to client with driver.findElement() result: {"element-6066-11e4-a52e-4f735466cecf":"00000000-0000-0024-ffff-ffff00000012","ELEMENT":"00000000-0000-0024-ffff-ffff00000012"}
&amp#27;[38;5;206m[0b2d18cb]&amp#27;[0m&amp#27;[38;5;86m[HTTP]&amp#27;[0m <-- POST /session/0b2d18cb-5d57-4b4d-9338-66f6cf8e3e90/element 200 501 ms - 137 
&amp#27;[38;5;206m[0b2d18cb]&amp#27;[0m&amp#27;[38;5;86m[HTTP]&amp#27;[0m &amp#27;[37m-->&amp#27;[39m &amp#27;[37mPOST&amp#27;[39m &amp#27;[37m/session/0b2d18cb-5d57-4b4d-9338-66f6cf8e3e90/element/00000000-0000-0024-ffff-ffff00000012/click&amp#27;[39m {"id":"00000000-0000-0024-ffff-ffff00000012"}
&amp#27;[38;5;206m[0b2d18cb]&amp#27;[0m&amp#27;[38;5;-164m[AndroidUiautomator2Driver@8430]&amp#27;[0m Calling AppiumDriver.click() with args: ["00000000-0000-0024-ffff-ffff00000012","0b2d18cb-5d57-4b4d-9338-66f6cf8e3e90"]
&amp#27;[38;5;206m[0b2d18cb]&amp#27;[0m&amp#27;[38;5;-164m[AndroidUiautomator2Driver@8430]&amp#27;[0m Matched '/element/00000000-0000-0024-ffff-ffff00000012/click' to command name 'click'
&amp#27;[38;5;206m[0b2d18cb]&amp#27;[0m&amp#27;[38;5;-164m[AndroidUiautomator2Driver@8430]&amp#27;[0m Proxying [POST /element/00000000-0000-0024-ffff-ffff00000012/click] to [POST http://127.0.0.1:8200/session/8d931a96-d062-4e71-88df-fba9f87cc6c5/element/00000000-0000-0024-ffff-ffff00000012/click] with body: {"element":"00000000-0000-0024-ffff-ffff00000012"}
https://demo.applitools.com/35
locator value are //input[@id="username"]
https://demo.applitools.com/37
locator value are //input[@id="username"]
&amp#27;[38;5;206m[0b2d18cb]&amp#27;[0m&amp#27;[38;5;-164m[AndroidUiautomator2Driver@8430]&amp#27;[0m Got response with status 200: {"sessionId":"8d931a96-d062-4e71-88df-fba9f87cc6c5","value":null}
&amp#27;[38;5;206m[0b2d18cb]&amp#27;[0m&amp#27;[38;5;-164m[AndroidUiautomator2Driver@8430]&amp#27;[0m Responding to client with driver.click() result: null
&amp#27;[38;5;206m[0b2d18cb]&amp#27;[0m&amp#27;[38;5;86m[HTTP]&amp#27;[0m <-- POST /session/0b2d18cb-5d57-4b4d-9338-66f6cf8e3e90/element/00000000-0000-0024-ffff-ffff00000012/click 200 1091 ms - 14 
Test Step started I click on mobile "preference_dependencies"
accessibilityId@@@3. Preference dependenciesvalue of whole locator
&amp#27;[38;5;206m[0b2d18cb]&amp#27;[0m&amp#27;[38;5;86m[HTTP]&amp#27;[0m &amp#27;[37m-->&amp#27;[39m &amp#27;[37mPOST&amp#27;[39m &amp#27;[37m/session/0b2d18cb-5d57-4b4d-9338-66f6cf8e3e90/element&amp#27;[39m {"using":"accessibility id","value":"3. Preference dependencies"}
&amp#27;[38;5;206m[0b2d18cb]&amp#27;[0m&amp#27;[38;5;-164m[AndroidUiautomator2Driver@8430]&amp#27;[0m Calling AppiumDriver.findElement() with args: ["accessibility id","3. Preference dependencies","0b2d18cb-5d57-4b4d-9338-66f6cf8e3e90"]
&amp#27;[38;5;206m[0b2d18cb]&amp#27;[0m&amp#27;[38;5;-164m[AndroidUiautomator2Driver@8430]&amp#27;[0m Valid locator strategies for this request: xpath, id, class name, accessibility id, css selector, -android uiautomator
&amp#27;[38;5;206m[0b2d18cb]&amp#27;[0m&amp#27;[38;5;-164m[AndroidUiautomator2Driver@8430]&amp#27;[0m Waiting up to 10000 ms for condition
&amp#27;[38;5;206m[0b2d18cb]&amp#27;[0m&amp#27;[38;5;-164m[AndroidUiautomator2Driver@8430]&amp#27;[0m Matched '/element' to command name 'findElement'
&amp#27;[38;5;206m[0b2d18cb]&amp#27;[0m&amp#27;[38;5;-164m[AndroidUiautomator2Driver@8430]&amp#27;[0m Proxying [POST /element] to [POST http://127.0.0.1:8200/session/8d931a96-d062-4e71-88df-fba9f87cc6c5/element] with body: {"strategy":"accessibility id","selector":"3. Preference dependencies","context":"","multiple":false}
&amp#27;[38;5;206m[0b2d18cb]&amp#27;[0m&amp#27;[38;5;-164m[AndroidUiautomator2Driver@8430]&amp#27;[0m Got response with status 404: {"sessionId":"8d931a96-d062-4e71-88df-fba9f87cc6c5","value":{"error":"no such element","message":"An element could not be located on the page using the given search parameters","stacktrace":"io.appium.uiautomator2.common.exceptions.ElementNotFoundException: An element could not be located on the page using the given search parameters\n\tat io.appium.uiautomator2.handler.FindElement.safeHandle(FindElement.java:63)\n\tat io.appium.uiautomator2.handler.request.SafeRequestHandler.handle(SafeRequestHandler.java:59)\n\tat io.appium.uiautomator2.server.AppiumServlet.handleRequest(AppiumServlet.java:259)\n\tat io.appium.uiautomator2.server.AppiumServlet.handleHttpRequest(AppiumServlet.java:253)\n\tat io.appium.uiautomator2.http.ServerHandler.channelRead(ServerHandler.java:77)\n\tat io.netty.channel.AbstractChannelHandlerContext.invokeChannelRead(AbstractChannelHandlerContext.java:374)\n\tat io.netty.channel.AbstractChannelHandlerContext.invokeChannelRead(AbstractChannelHandlerContext.java:360)\n\tat io.netty.chann...
&amp#27;[38;5;206m[0b2d18cb]&amp#27;[0m&amp#27;[38;5;123m[W3C]&amp#27;[0m Matched W3C error code 'no such element' to NoSuchElementError
&amp#27;[38;5;206m[0b2d18cb]&amp#27;[0m&amp#27;[38;5;-164m[AndroidUiautomator2Driver@8430]&amp#27;[0m Waited for 1248 ms so far
Test Step started I enter "deepak" in "loginpassword" web field
locator is loginpassword
&amp#27;[38;5;206m[0b2d18cb]&amp#27;[0m&amp#27;[38;5;-164m[AndroidUiautomator2Driver@8430]&amp#27;[0m Matched '/element' to command name 'findElement'
&amp#27;[38;5;206m[0b2d18cb]&amp#27;[0m&amp#27;[38;5;-164m[AndroidUiautomator2Driver@8430]&amp#27;[0m Proxying [POST /element] to [POST http://127.0.0.1:8200/session/8d931a96-d062-4e71-88df-fba9f87cc6c5/element] with body: {"strategy":"accessibility id","selector":"3. Preference dependencies","context":"","multiple":false}
https://demo.applitools.com/36
locator value are //input[@id="password"]
&amp#27;[38;5;206m[0b2d18cb]&amp#27;[0m&amp#27;[38;5;-164m[AndroidUiautomator2Driver@8430]&amp#27;[0m Got response with status 200: {"sessionId":"8d931a96-d062-4e71-88df-fba9f87cc6c5","value":{"ELEMENT":"00000000-0000-0025-ffff-ffff00000021","element-6066-11e4-a52e-4f735466cecf":"00000000-0000-0025-ffff-ffff00000021"}}
&amp#27;[38;5;206m[0b2d18cb]&amp#27;[0m&amp#27;[38;5;-164m[AndroidUiautomator2Driver@8430]&amp#27;[0m Responding to client with driver.findElement() result: {"element-6066-11e4-a52e-4f735466cecf":"00000000-0000-0025-ffff-ffff00000021","ELEMENT":"00000000-0000-0025-ffff-ffff00000021"}
&amp#27;[38;5;206m[0b2d18cb]&amp#27;[0m&amp#27;[38;5;86m[HTTP]&amp#27;[0m <-- POST /session/0b2d18cb-5d57-4b4d-9338-66f6cf8e3e90/element 200 2232 ms - 137 
&amp#27;[38;5;206m[0b2d18cb]&amp#27;[0m&amp#27;[38;5;86m[HTTP]&amp#27;[0m &amp#27;[37m-->&amp#27;[39m &amp#27;[37mPOST&amp#27;[39m &amp#27;[37m/session/0b2d18cb-5d57-4b4d-9338-66f6cf8e3e90/element/00000000-0000-0025-ffff-ffff00000021/click&amp#27;[39m {"id":"00000000-0000-0025-ffff-ffff00000021"}
&amp#27;[38;5;206m[0b2d18cb]&amp#27;[0m&amp#27;[38;5;-164m[AndroidUiautomator2Driver@8430]&amp#27;[0m Calling AppiumDriver.click() with args: ["00000000-0000-0025-ffff-ffff00000021","0b2d18cb-5d57-4b4d-9338-66f6cf8e3e90"]
&amp#27;[38;5;206m[0b2d18cb]&amp#27;[0m&amp#27;[38;5;-164m[AndroidUiautomator2Driver@8430]&amp#27;[0m Matched '/element/00000000-0000-0025-ffff-ffff00000021/click' to command name 'click'
&amp#27;[38;5;206m[0b2d18cb]&amp#27;[0m&amp#27;[38;5;-164m[AndroidUiautomator2Driver@8430]&amp#27;[0m Proxying [POST /element/00000000-0000-0025-ffff-ffff00000021/click] to [POST http://127.0.0.1:8200/session/8d931a96-d062-4e71-88df-fba9f87cc6c5/element/00000000-0000-0025-ffff-ffff00000021/click] with body: {"element":"00000000-0000-0025-ffff-ffff00000021"}
&amp#27;[38;5;206m[0b2d18cb]&amp#27;[0m&amp#27;[38;5;-164m[AndroidUiautomator2Driver@8430]&amp#27;[0m Got response with status 200: {"sessionId":"8d931a96-d062-4e71-88df-fba9f87cc6c5","value":null}
&amp#27;[38;5;206m[0b2d18cb]&amp#27;[0m&amp#27;[38;5;-164m[AndroidUiautomator2Driver@8430]&amp#27;[0m Responding to client with driver.click() result: null
&amp#27;[38;5;206m[0b2d18cb]&amp#27;[0m&amp#27;[38;5;86m[HTTP]&amp#27;[0m <-- POST /session/0b2d18cb-5d57-4b4d-9338-66f6cf8e3e90/element/00000000-0000-0025-ffff-ffff00000021/click 200 358 ms - 14 
Test Step started I click on mobile "wificheckbox"
id@@@android:id/checkboxvalue of whole locator
&amp#27;[38;5;206m[0b2d18cb]&amp#27;[0m&amp#27;[38;5;86m[HTTP]&amp#27;[0m &amp#27;[37m-->&amp#27;[39m &amp#27;[37mPOST&amp#27;[39m &amp#27;[37m/session/0b2d18cb-5d57-4b4d-9338-66f6cf8e3e90/element&amp#27;[39m {"using":"id","value":"android:id/checkbox"}
&amp#27;[38;5;206m[0b2d18cb]&amp#27;[0m&amp#27;[38;5;-164m[AndroidUiautomator2Driver@8430]&amp#27;[0m Calling AppiumDriver.findElement() with args: ["id","android:id/checkbox","0b2d18cb-5d57-4b4d-9338-66f6cf8e3e90"]
&amp#27;[38;5;206m[0b2d18cb]&amp#27;[0m&amp#27;[38;5;-164m[AndroidUiautomator2Driver@8430]&amp#27;[0m Valid locator strategies for this request: xpath, id, class name, accessibility id, css selector, -android uiautomator
&amp#27;[38;5;206m[0b2d18cb]&amp#27;[0m&amp#27;[38;5;-164m[AndroidUiautomator2Driver@8430]&amp#27;[0m Waiting up to 10000 ms for condition
&amp#27;[38;5;206m[0b2d18cb]&amp#27;[0m&amp#27;[38;5;-164m[AndroidUiautomator2Driver@8430]&amp#27;[0m Matched '/element' to command name 'findElement'
&amp#27;[38;5;206m[0b2d18cb]&amp#27;[0m&amp#27;[38;5;-164m[AndroidUiautomator2Driver@8430]&amp#27;[0m Proxying [POST /element] to [POST http://127.0.0.1:8200/session/8d931a96-d062-4e71-88df-fba9f87cc6c5/element] with body: {"strategy":"id","selector":"android:id/checkbox","context":"","multiple":false}
&amp#27;[38;5;206m[0b2d18cb]&amp#27;[0m&amp#27;[38;5;-164m[AndroidUiautomator2Driver@8430]&amp#27;[0m Got response with status 404: {"sessionId":"8d931a96-d062-4e71-88df-fba9f87cc6c5","value":{"error":"no such element","message":"An element could not be located on the page using the given search parameters","stacktrace":"io.appium.uiautomator2.common.exceptions.ElementNotFoundException: An element could not be located on the page using the given search parameters\n\tat io.appium.uiautomator2.handler.FindElement.safeHandle(FindElement.java:63)\n\tat io.appium.uiautomator2.handler.request.SafeRequestHandler.handle(SafeRequestHandler.java:59)\n\tat io.appium.uiautomator2.server.AppiumServlet.handleRequest(AppiumServlet.java:259)\n\tat io.appium.uiautomator2.server.AppiumServlet.handleHttpRequest(AppiumServlet.java:253)\n\tat io.appium.uiautomator2.http.ServerHandler.channelRead(ServerHandler.java:77)\n\tat io.netty.channel.AbstractChannelHandlerContext.invokeChannelRead(AbstractChannelHandlerContext.java:374)\n\tat io.netty.channel.AbstractChannelHandlerContext.invokeChannelRead(AbstractChannelHandlerContext.java:360)\n\tat io.netty.chann...
&amp#27;[38;5;206m[0b2d18cb]&amp#27;[0m&amp#27;[38;5;123m[W3C]&amp#27;[0m Matched W3C error code 'no such element' to NoSuchElementError
&amp#27;[38;5;206m[0b2d18cb]&amp#27;[0m&amp#27;[38;5;-164m[AndroidUiautomator2Driver@8430]&amp#27;[0m Waited for 1235 ms so far
Test Step started I enter "rohit" in "loginpassword" web field
locator is loginpassword
&amp#27;[38;5;206m[0b2d18cb]&amp#27;[0m&amp#27;[38;5;-164m[AndroidUiautomator2Driver@8430]&amp#27;[0m Matched '/element' to command name 'findElement'
&amp#27;[38;5;206m[0b2d18cb]&amp#27;[0m&amp#27;[38;5;-164m[AndroidUiautomator2Driver@8430]&amp#27;[0m Proxying [POST /element] to [POST http://127.0.0.1:8200/session/8d931a96-d062-4e71-88df-fba9f87cc6c5/element] with body: {"strategy":"id","selector":"android:id/checkbox","context":"","multiple":false}
&amp#27;[38;5;206m[0b2d18cb]&amp#27;[0m&amp#27;[38;5;-164m[AndroidUiautomator2Driver@8430]&amp#27;[0m Got response with status 200: {"sessionId":"8d931a96-d062-4e71-88df-fba9f87cc6c5","value":{"ELEMENT":"00000000-0000-0026-ffff-ffff00000044","element-6066-11e4-a52e-4f735466cecf":"00000000-0000-0026-ffff-ffff00000044"}}
&amp#27;[38;5;206m[0b2d18cb]&amp#27;[0m&amp#27;[38;5;-164m[AndroidUiautomator2Driver@8430]&amp#27;[0m Responding to client with driver.findElement() result: {"element-6066-11e4-a52e-4f735466cecf":"00000000-0000-0026-ffff-ffff00000044","ELEMENT":"00000000-0000-0026-ffff-ffff00000044"}
&amp#27;[38;5;206m[0b2d18cb]&amp#27;[0m&amp#27;[38;5;86m[HTTP]&amp#27;[0m <-- POST /session/0b2d18cb-5d57-4b4d-9338-66f6cf8e3e90/element 200 3920 ms - 137 
&amp#27;[38;5;206m[0b2d18cb]&amp#27;[0m&amp#27;[38;5;86m[HTTP]&amp#27;[0m &amp#27;[37m-->&amp#27;[39m &amp#27;[37mPOST&amp#27;[39m &amp#27;[37m/session/0b2d18cb-5d57-4b4d-9338-66f6cf8e3e90/element/00000000-0000-0026-ffff-ffff00000044/click&amp#27;[39m {"id":"00000000-0000-0026-ffff-ffff00000044"}
&amp#27;[38;5;206m[0b2d18cb]&amp#27;[0m&amp#27;[38;5;-164m[AndroidUiautomator2Driver@8430]&amp#27;[0m Calling AppiumDriver.click() with args: ["00000000-0000-0026-ffff-ffff00000044","0b2d18cb-5d57-4b4d-9338-66f6cf8e3e90"]
&amp#27;[38;5;206m[0b2d18cb]&amp#27;[0m&amp#27;[38;5;-164m[AndroidUiautomator2Driver@8430]&amp#27;[0m Matched '/element/00000000-0000-0026-ffff-ffff00000044/click' to command name 'click'
&amp#27;[38;5;206m[0b2d18cb]&amp#27;[0m&amp#27;[38;5;-164m[AndroidUiautomator2Driver@8430]&amp#27;[0m Proxying [POST /element/00000000-0000-0026-ffff-ffff00000044/click] to [POST http://127.0.0.1:8200/session/8d931a96-d062-4e71-88df-fba9f87cc6c5/element/00000000-0000-0026-ffff-ffff00000044/click] with body: {"element":"00000000-0000-0026-ffff-ffff00000044"}
&amp#27;[38;5;206m[0b2d18cb]&amp#27;[0m&amp#27;[38;5;-164m[AndroidUiautomator2Driver@8430]&amp#27;[0m Got response with status 200: {"sessionId":"8d931a96-d062-4e71-88df-fba9f87cc6c5","value":null}
&amp#27;[38;5;206m[0b2d18cb]&amp#27;[0m&amp#27;[38;5;-164m[AndroidUiautomator2Driver@8430]&amp#27;[0m Responding to client with driver.click() result: null
&amp#27;[38;5;206m[0b2d18cb]&amp#27;[0m&amp#27;[38;5;86m[HTTP]&amp#27;[0m <-- POST /session/0b2d18cb-5d57-4b4d-9338-66f6cf8e3e90/element/00000000-0000-0026-ffff-ffff00000044/click 200 478 ms - 14 
Test Step started I click on mobile "wifibutton"
androidUIAutomator@@@new UiSelector().className("android.widget.RelativeLayout").instance(1)value of whole locator
&amp#27;[38;5;206m[0b2d18cb]&amp#27;[0m&amp#27;[38;5;86m[HTTP]&amp#27;[0m &amp#27;[37m-->&amp#27;[39m &amp#27;[37mPOST&amp#27;[39m &amp#27;[37m/session/0b2d18cb-5d57-4b4d-9338-66f6cf8e3e90/element&amp#27;[39m {"using":"-android uiautomator","value":"new UiSelector().className(\"android.widget.RelativeLayout\").instance(1)"}
&amp#27;[38;5;206m[0b2d18cb]&amp#27;[0m&amp#27;[38;5;-164m[AndroidUiautomator2Driver@8430]&amp#27;[0m Calling AppiumDriver.findElement() with args: ["-android uiautomator","new UiSelector().className(\"android.widget.RelativeLayout\").instance(1)","0b2d18cb-5d57-4b4d-9338-66f6cf8e3e90"]
&amp#27;[38;5;206m[0b2d18cb]&amp#27;[0m&amp#27;[38;5;-164m[AndroidUiautomator2Driver@8430]&amp#27;[0m Valid locator strategies for this request: xpath, id, class name, accessibility id, css selector, -android uiautomator
&amp#27;[38;5;206m[0b2d18cb]&amp#27;[0m&amp#27;[38;5;-164m[AndroidUiautomator2Driver@8430]&amp#27;[0m Waiting up to 10000 ms for condition
&amp#27;[38;5;206m[0b2d18cb]&amp#27;[0m&amp#27;[38;5;-164m[AndroidUiautomator2Driver@8430]&amp#27;[0m Matched '/element' to command name 'findElement'
&amp#27;[38;5;206m[0b2d18cb]&amp#27;[0m&amp#27;[38;5;-164m[AndroidUiautomator2Driver@8430]&amp#27;[0m Proxying [POST /element] to [POST http://127.0.0.1:8200/session/8d931a96-d062-4e71-88df-fba9f87cc6c5/element] with body: {"strategy":"-android uiautomator","selector":"new UiSelector().className(\"android.widget.RelativeLayout\").instance(1)","context":"","multiple":false}
&amp#27;[38;5;206m[0b2d18cb]&amp#27;[0m&amp#27;[38;5;-164m[AndroidUiautomator2Driver@8430]&amp#27;[0m Got response with status 200: {"sessionId":"8d931a96-d062-4e71-88df-fba9f87cc6c5","value":{"ELEMENT":"00000000-0000-0026-ffff-ffff00000048","element-6066-11e4-a52e-4f735466cecf":"00000000-0000-0026-ffff-ffff00000048"}}
&amp#27;[38;5;206m[0b2d18cb]&amp#27;[0m&amp#27;[38;5;-164m[AndroidUiautomator2Driver@8430]&amp#27;[0m Responding to client with driver.findElement() result: {"element-6066-11e4-a52e-4f735466cecf":"00000000-0000-0026-ffff-ffff00000048","ELEMENT":"00000000-0000-0026-ffff-ffff00000048"}
&amp#27;[38;5;206m[0b2d18cb]&amp#27;[0m&amp#27;[38;5;86m[HTTP]&amp#27;[0m <-- POST /session/0b2d18cb-5d57-4b4d-9338-66f6cf8e3e90/element 200 2037 ms - 137 
&amp#27;[38;5;206m[0b2d18cb]&amp#27;[0m&amp#27;[38;5;86m[HTTP]&amp#27;[0m &amp#27;[37m-->&amp#27;[39m &amp#27;[37mPOST&amp#27;[39m &amp#27;[37m/session/0b2d18cb-5d57-4b4d-9338-66f6cf8e3e90/element/00000000-0000-0026-ffff-ffff00000048/click&amp#27;[39m {"id":"00000000-0000-0026-ffff-ffff00000048"}
&amp#27;[38;5;206m[0b2d18cb]&amp#27;[0m&amp#27;[38;5;-164m[AndroidUiautomator2Driver@8430]&amp#27;[0m Calling AppiumDriver.click() with args: ["00000000-0000-0026-ffff-ffff00000048","0b2d18cb-5d57-4b4d-9338-66f6cf8e3e90"]
&amp#27;[38;5;206m[0b2d18cb]&amp#27;[0m&amp#27;[38;5;-164m[AndroidUiautomator2Driver@8430]&amp#27;[0m Matched '/element/00000000-0000-0026-ffff-ffff00000048/click' to command name 'click'
&amp#27;[38;5;206m[0b2d18cb]&amp#27;[0m&amp#27;[38;5;-164m[AndroidUiautomator2Driver@8430]&amp#27;[0m Proxying [POST /element/00000000-0000-0026-ffff-ffff00000048/click] to [POST http://127.0.0.1:8200/session/8d931a96-d062-4e71-88df-fba9f87cc6c5/element/00000000-0000-0026-ffff-ffff00000048/click] with body: {"element":"00000000-0000-0026-ffff-ffff00000048"}
&amp#27;[38;5;206m[0b2d18cb]&amp#27;[0m&amp#27;[38;5;-164m[AndroidUiautomator2Driver@8430]&amp#27;[0m Got response with status 200: {"sessionId":"8d931a96-d062-4e71-88df-fba9f87cc6c5","value":null}
&amp#27;[38;5;206m[0b2d18cb]&amp#27;[0m&amp#27;[38;5;-164m[AndroidUiautomator2Driver@8430]&amp#27;[0m Responding to client with driver.click() result: null
&amp#27;[38;5;206m[0b2d18cb]&amp#27;[0m&amp#27;[38;5;86m[HTTP]&amp#27;[0m <-- POST /session/0b2d18cb-5d57-4b4d-9338-66f6cf8e3e90/element/00000000-0000-0026-ffff-ffff00000048/click 200 389 ms - 14 
Test Step started I enter "rohit" in "wifiinputtext" mobile field
id@@@android:id/editvalue of whole locator
&amp#27;[38;5;206m[0b2d18cb]&amp#27;[0m&amp#27;[38;5;86m[HTTP]&amp#27;[0m &amp#27;[37m-->&amp#27;[39m &amp#27;[37mPOST&amp#27;[39m &amp#27;[37m/session/0b2d18cb-5d57-4b4d-9338-66f6cf8e3e90/element&amp#27;[39m {"using":"id","value":"android:id/edit"}
&amp#27;[38;5;206m[0b2d18cb]&amp#27;[0m&amp#27;[38;5;-164m[AndroidUiautomator2Driver@8430]&amp#27;[0m Calling AppiumDriver.findElement() with args: ["id","android:id/edit","0b2d18cb-5d57-4b4d-9338-66f6cf8e3e90"]
&amp#27;[38;5;206m[0b2d18cb]&amp#27;[0m&amp#27;[38;5;-164m[AndroidUiautomator2Driver@8430]&amp#27;[0m Valid locator strategies for this request: xpath, id, class name, accessibility id, css selector, -android uiautomator
&amp#27;[38;5;206m[0b2d18cb]&amp#27;[0m&amp#27;[38;5;-164m[AndroidUiautomator2Driver@8430]&amp#27;[0m Waiting up to 10000 ms for condition
&amp#27;[38;5;206m[0b2d18cb]&amp#27;[0m&amp#27;[38;5;-164m[AndroidUiautomator2Driver@8430]&amp#27;[0m Matched '/element' to command name 'findElement'
&amp#27;[38;5;206m[0b2d18cb]&amp#27;[0m&amp#27;[38;5;-164m[AndroidUiautomator2Driver@8430]&amp#27;[0m Proxying [POST /element] to [POST http://127.0.0.1:8200/session/8d931a96-d062-4e71-88df-fba9f87cc6c5/element] with body: {"strategy":"id","selector":"android:id/edit","context":"","multiple":false}
https://demo.applitools.com/35
locator value are //input[@id="password"]
Test Step started data is like
Test Step started I enter "rohit" in "loginpassword" web field
locator is loginpassword
Test Step started I click on web "loginsigninbutton"
locator is loginsigninbutton
&amp#27;[38;5;206m[0b2d18cb]&amp#27;[0m&amp#27;[38;5;-164m[AndroidUiautomator2Driver@8430]&amp#27;[0m Got response with status 404: {"sessionId":"8d931a96-d062-4e71-88df-fba9f87cc6c5","value":{"error":"no such element","message":"An element could not be located on the page using the given search parameters","stacktrace":"io.appium.uiautomator2.common.exceptions.ElementNotFoundException: An element could not be located on the page using the given search parameters\n\tat io.appium.uiautomator2.handler.FindElement.safeHandle(FindElement.java:63)\n\tat io.appium.uiautomator2.handler.request.SafeRequestHandler.handle(SafeRequestHandler.java:59)\n\tat io.appium.uiautomator2.server.AppiumServlet.handleRequest(AppiumServlet.java:259)\n\tat io.appium.uiautomator2.server.AppiumServlet.handleHttpRequest(AppiumServlet.java:253)\n\tat io.appium.uiautomator2.http.ServerHandler.channelRead(ServerHandler.java:77)\n\tat io.netty.channel.AbstractChannelHandlerContext.invokeChannelRead(AbstractChannelHandlerContext.java:374)\n\tat io.netty.channel.AbstractChannelHandlerContext.invokeChannelRead(AbstractChannelHandlerContext.java:360)\n\tat io.netty.chann...
&amp#27;[38;5;206m[0b2d18cb]&amp#27;[0m&amp#27;[38;5;123m[W3C]&amp#27;[0m Matched W3C error code 'no such element' to NoSuchElementError
&amp#27;[38;5;206m[0b2d18cb]&amp#27;[0m&amp#27;[38;5;-164m[AndroidUiautomator2Driver@8430]&amp#27;[0m Waited for 1701 ms so far
&amp#27;[38;5;206m[0b2d18cb]&amp#27;[0m&amp#27;[38;5;-164m[AndroidUiautomator2Driver@8430]&amp#27;[0m Matched '/element' to command name 'findElement'
&amp#27;[38;5;206m[0b2d18cb]&amp#27;[0m&amp#27;[38;5;-164m[AndroidUiautomator2Driver@8430]&amp#27;[0m Proxying [POST /element] to [POST http://127.0.0.1:8200/session/8d931a96-d062-4e71-88df-fba9f87cc6c5/element] with body: {"strategy":"id","selector":"android:id/edit","context":"","multiple":false}
https://demo.applitools.com/36
locator value are //a[@id="log-in"]
https://demo.applitools.com/37
locator value are //input[@id="password"]
&amp#27;[38;5;206m[0b2d18cb]&amp#27;[0m&amp#27;[38;5;-164m[AndroidUiautomator2Driver@8430]&amp#27;[0m Got response with status 200: {"sessionId":"8d931a96-d062-4e71-88df-fba9f87cc6c5","value":{"ELEMENT":"00000000-0000-0027-ffff-ffff0000004c","element-6066-11e4-a52e-4f735466cecf":"00000000-0000-0027-ffff-ffff0000004c"}}
&amp#27;[38;5;206m[0b2d18cb]&amp#27;[0m&amp#27;[38;5;-164m[AndroidUiautomator2Driver@8430]&amp#27;[0m Responding to client with driver.findElement() result: {"element-6066-11e4-a52e-4f735466cecf":"00000000-0000-0027-ffff-ffff0000004c","ELEMENT":"00000000-0000-0027-ffff-ffff0000004c"}
&amp#27;[38;5;206m[0b2d18cb]&amp#27;[0m&amp#27;[38;5;86m[HTTP]&amp#27;[0m <-- POST /session/0b2d18cb-5d57-4b4d-9338-66f6cf8e3e90/element 200 2499 ms - 137 
&amp#27;[38;5;206m[0b2d18cb]&amp#27;[0m&amp#27;[38;5;86m[HTTP]&amp#27;[0m &amp#27;[37m-->&amp#27;[39m &amp#27;[37mPOST&amp#27;[39m &amp#27;[37m/session/0b2d18cb-5d57-4b4d-9338-66f6cf8e3e90/element/00000000-0000-0027-ffff-ffff0000004c/value&amp#27;[39m {"id":"00000000-0000-0027-ffff-ffff0000004c","value":["r","o","h","i","t"],"text":"rohit"}
&amp#27;[38;5;206m[0b2d18cb]&amp#27;[0m&amp#27;[38;5;-164m[AndroidUiautomator2Driver@8430]&amp#27;[0m Calling AppiumDriver.setValue() with args: [["r","o","h","i","t"],"00000000-0000-0027-ffff-ffff0000004c","0b2d18cb-5d57-4b4d-9338-66f6cf8e3e90"]
&amp#27;[38;5;206m[0b2d18cb]&amp#27;[0m&amp#27;[38;5;-164m[AndroidUiautomator2Driver@8430]&amp#27;[0m Matched '/element/00000000-0000-0027-ffff-ffff0000004c/value' to command name 'setValue'
&amp#27;[38;5;206m[0b2d18cb]&amp#27;[0m&amp#27;[38;5;-164m[AndroidUiautomator2Driver@8430]&amp#27;[0m Added 'value' property ["r","o","h","i","t"] to 'setValue' request body
&amp#27;[38;5;206m[0b2d18cb]&amp#27;[0m&amp#27;[38;5;-164m[AndroidUiautomator2Driver@8430]&amp#27;[0m Proxying [POST /element/00000000-0000-0027-ffff-ffff0000004c/value] to [POST http://127.0.0.1:8200/session/8d931a96-d062-4e71-88df-fba9f87cc6c5/element/00000000-0000-0027-ffff-ffff0000004c/value] with body: {"elementId":"00000000-0000-0027-ffff-ffff0000004c","text":"rohit","replace":false,"value":["r","o","h","i","t"]}
&amp#27;[38;5;206m[0b2d18cb]&amp#27;[0m&amp#27;[38;5;-164m[AndroidUiautomator2Driver@8430]&amp#27;[0m Got response with status 200: {"sessionId":"8d931a96-d062-4e71-88df-fba9f87cc6c5","value":null}
&amp#27;[38;5;206m[0b2d18cb]&amp#27;[0m&amp#27;[38;5;-164m[AndroidUiautomator2Driver@8430]&amp#27;[0m Responding to client with driver.setValue() result: null
&amp#27;[38;5;206m[0b2d18cb]&amp#27;[0m&amp#27;[38;5;86m[HTTP]&amp#27;[0m <-- POST /session/0b2d18cb-5d57-4b4d-9338-66f6cf8e3e90/element/00000000-0000-0027-ffff-ffff0000004c/value 200 944 ms - 14 
Test Step started I click on mobile button "Ok"
xpath@@@//android.widget.Buttonvalue of whole locator
&amp#27;[38;5;206m[0b2d18cb]&amp#27;[0m&amp#27;[38;5;86m[HTTP]&amp#27;[0m &amp#27;[37m-->&amp#27;[39m &amp#27;[37mPOST&amp#27;[39m &amp#27;[37m/session/0b2d18cb-5d57-4b4d-9338-66f6cf8e3e90/element&amp#27;[39m {"using":"xpath","value":"//android.widget.Button"}
&amp#27;[38;5;206m[0b2d18cb]&amp#27;[0m&amp#27;[38;5;-164m[AndroidUiautomator2Driver@8430]&amp#27;[0m Calling AppiumDriver.findElement() with args: ["xpath","//android.widget.Button","0b2d18cb-5d57-4b4d-9338-66f6cf8e3e90"]
&amp#27;[38;5;206m[0b2d18cb]&amp#27;[0m&amp#27;[38;5;-164m[AndroidUiautomator2Driver@8430]&amp#27;[0m Valid locator strategies for this request: xpath, id, class name, accessibility id, css selector, -android uiautomator
&amp#27;[38;5;206m[0b2d18cb]&amp#27;[0m&amp#27;[38;5;-164m[AndroidUiautomator2Driver@8430]&amp#27;[0m Waiting up to 10000 ms for condition
&amp#27;[38;5;206m[0b2d18cb]&amp#27;[0m&amp#27;[38;5;-164m[AndroidUiautomator2Driver@8430]&amp#27;[0m Matched '/element' to command name 'findElement'
&amp#27;[38;5;206m[0b2d18cb]&amp#27;[0m&amp#27;[38;5;-164m[AndroidUiautomator2Driver@8430]&amp#27;[0m Proxying [POST /element] to [POST http://127.0.0.1:8200/session/8d931a96-d062-4e71-88df-fba9f87cc6c5/element] with body: {"strategy":"xpath","selector":"//android.widget.Button","context":"","multiple":false}
Test Step started I click on web "loginsigninbutton"
locator is loginsigninbutton
&amp#27;[38;5;206m[0b2d18cb]&amp#27;[0m&amp#27;[38;5;-164m[AndroidUiautomator2Driver@8430]&amp#27;[0m Got response with status 200: {"sessionId":"8d931a96-d062-4e71-88df-fba9f87cc6c5","value":{"ELEMENT":"00000000-0000-0027-ffff-ffff00000064","element-6066-11e4-a52e-4f735466cecf":"00000000-0000-0027-ffff-ffff00000064"}}
&amp#27;[38;5;206m[0b2d18cb]&amp#27;[0m&amp#27;[38;5;-164m[AndroidUiautomator2Driver@8430]&amp#27;[0m Responding to client with driver.findElement() result: {"element-6066-11e4-a52e-4f735466cecf":"00000000-0000-0027-ffff-ffff00000064","ELEMENT":"00000000-0000-0027-ffff-ffff00000064"}
&amp#27;[38;5;206m[0b2d18cb]&amp#27;[0m&amp#27;[38;5;86m[HTTP]&amp#27;[0m <-- POST /session/0b2d18cb-5d57-4b4d-9338-66f6cf8e3e90/element 200 5296 ms - 137 
&amp#27;[38;5;206m[0b2d18cb]&amp#27;[0m&amp#27;[38;5;86m[HTTP]&amp#27;[0m &amp#27;[37m-->&amp#27;[39m &amp#27;[37mPOST&amp#27;[39m &amp#27;[37m/session/0b2d18cb-5d57-4b4d-9338-66f6cf8e3e90/element/00000000-0000-0027-ffff-ffff00000064/click&amp#27;[39m {"id":"00000000-0000-0027-ffff-ffff00000064"}
&amp#27;[38;5;206m[0b2d18cb]&amp#27;[0m&amp#27;[38;5;-164m[AndroidUiautomator2Driver@8430]&amp#27;[0m Calling AppiumDriver.click() with args: ["00000000-0000-0027-ffff-ffff00000064","0b2d18cb-5d57-4b4d-9338-66f6cf8e3e90"]
&amp#27;[38;5;206m[0b2d18cb]&amp#27;[0m&amp#27;[38;5;-164m[AndroidUiautomator2Driver@8430]&amp#27;[0m Matched '/element/00000000-0000-0027-ffff-ffff00000064/click' to command name 'click'
&amp#27;[38;5;206m[0b2d18cb]&amp#27;[0m&amp#27;[38;5;-164m[AndroidUiautomator2Driver@8430]&amp#27;[0m Proxying [POST /element/00000000-0000-0027-ffff-ffff00000064/click] to [POST http://127.0.0.1:8200/session/8d931a96-d062-4e71-88df-fba9f87cc6c5/element/00000000-0000-0027-ffff-ffff00000064/click] with body: {"element":"00000000-0000-0027-ffff-ffff00000064"}
&amp#27;[38;5;206m[0b2d18cb]&amp#27;[0m&amp#27;[38;5;-164m[AndroidUiautomator2Driver@8430]&amp#27;[0m Got response with status 200: {"sessionId":"8d931a96-d062-4e71-88df-fba9f87cc6c5","value":null}
&amp#27;[38;5;206m[0b2d18cb]&amp#27;[0m&amp#27;[38;5;-164m[AndroidUiautomator2Driver@8430]&amp#27;[0m Responding to client with driver.click() result: null
&amp#27;[38;5;206m[0b2d18cb]&amp#27;[0m&amp#27;[38;5;86m[HTTP]&amp#27;[0m <-- POST /session/0b2d18cb-5d57-4b4d-9338-66f6cf8e3e90/element/00000000-0000-0027-ffff-ffff00000064/click 200 606 ms - 14 
Test Step started "wifiinputtext" should be closed
id@@@android:id/editvalue of whole locator
&amp#27;[38;5;206m[0b2d18cb]&amp#27;[0m&amp#27;[38;5;86m[HTTP]&amp#27;[0m &amp#27;[37m-->&amp#27;[39m &amp#27;[37mPOST&amp#27;[39m &amp#27;[37m/session/0b2d18cb-5d57-4b4d-9338-66f6cf8e3e90/element&amp#27;[39m {"using":"id","value":"android:id/edit"}
&amp#27;[38;5;206m[0b2d18cb]&amp#27;[0m&amp#27;[38;5;-164m[AndroidUiautomator2Driver@8430]&amp#27;[0m Calling AppiumDriver.findElement() with args: ["id","android:id/edit","0b2d18cb-5d57-4b4d-9338-66f6cf8e3e90"]
&amp#27;[38;5;206m[0b2d18cb]&amp#27;[0m&amp#27;[38;5;-164m[AndroidUiautomator2Driver@8430]&amp#27;[0m Valid locator strategies for this request: xpath, id, class name, accessibility id, css selector, -android uiautomator
&amp#27;[38;5;206m[0b2d18cb]&amp#27;[0m&amp#27;[38;5;-164m[AndroidUiautomator2Driver@8430]&amp#27;[0m Waiting up to 10000 ms for condition
&amp#27;[38;5;206m[0b2d18cb]&amp#27;[0m&amp#27;[38;5;-164m[AndroidUiautomator2Driver@8430]&amp#27;[0m Matched '/element' to command name 'findElement'
&amp#27;[38;5;206m[0b2d18cb]&amp#27;[0m&amp#27;[38;5;-164m[AndroidUiautomator2Driver@8430]&amp#27;[0m Proxying [POST /element] to [POST http://127.0.0.1:8200/session/8d931a96-d062-4e71-88df-fba9f87cc6c5/element] with body: {"strategy":"id","selector":"android:id/edit","context":"","multiple":false}
&amp#27;[38;5;206m[0b2d18cb]&amp#27;[0m&amp#27;[38;5;-164m[AndroidUiautomator2Driver@8430]&amp#27;[0m Got response with status 404: {"sessionId":"8d931a96-d062-4e71-88df-fba9f87cc6c5","value":{"error":"no such element","message":"An element could not be located on the page using the given search parameters","stacktrace":"io.appium.uiautomator2.common.exceptions.ElementNotFoundException: An element could not be located on the page using the given search parameters\n\tat io.appium.uiautomator2.handler.FindElement.safeHandle(FindElement.java:63)\n\tat io.appium.uiautomator2.handler.request.SafeRequestHandler.handle(SafeRequestHandler.java:59)\n\tat io.appium.uiautomator2.server.AppiumServlet.handleRequest(AppiumServlet.java:259)\n\tat io.appium.uiautomator2.server.AppiumServlet.handleHttpRequest(AppiumServlet.java:253)\n\tat io.appium.uiautomator2.http.ServerHandler.channelRead(ServerHandler.java:77)\n\tat io.netty.channel.AbstractChannelHandlerContext.invokeChannelRead(AbstractChannelHandlerContext.java:374)\n\tat io.netty.channel.AbstractChannelHandlerContext.invokeChannelRead(AbstractChannelHandlerContext.java:360)\n\tat io.netty.chann...
&amp#27;[38;5;206m[0b2d18cb]&amp#27;[0m&amp#27;[38;5;123m[W3C]&amp#27;[0m Matched W3C error code 'no such element' to NoSuchElementError
&amp#27;[38;5;206m[0b2d18cb]&amp#27;[0m&amp#27;[38;5;-164m[AndroidUiautomator2Driver@8430]&amp#27;[0m Waited for 1464 ms so far
&amp#27;[38;5;206m[0b2d18cb]&amp#27;[0m&amp#27;[38;5;-164m[AndroidUiautomator2Driver@8430]&amp#27;[0m Matched '/element' to command name 'findElement'
&amp#27;[38;5;206m[0b2d18cb]&amp#27;[0m&amp#27;[38;5;-164m[AndroidUiautomator2Driver@8430]&amp#27;[0m Proxying [POST /element] to [POST http://127.0.0.1:8200/session/8d931a96-d062-4e71-88df-fba9f87cc6c5/element] with body: {"strategy":"id","selector":"android:id/edit","context":"","multiple":false}
&amp#27;[38;5;206m[0b2d18cb]&amp#27;[0m&amp#27;[38;5;-164m[AndroidUiautomator2Driver@8430]&amp#27;[0m Got response with status 404: {"sessionId":"8d931a96-d062-4e71-88df-fba9f87cc6c5","value":{"error":"no such element","message":"An element could not be located on the page using the given search parameters","stacktrace":"io.appium.uiautomator2.common.exceptions.ElementNotFoundException: An element could not be located on the page using the given search parameters\n\tat io.appium.uiautomator2.handler.FindElement.safeHandle(FindElement.java:63)\n\tat io.appium.uiautomator2.handler.request.SafeRequestHandler.handle(SafeRequestHandler.java:59)\n\tat io.appium.uiautomator2.server.AppiumServlet.handleRequest(AppiumServlet.java:259)\n\tat io.appium.uiautomator2.server.AppiumServlet.handleHttpRequest(AppiumServlet.java:253)\n\tat io.appium.uiautomator2.http.ServerHandler.channelRead(ServerHandler.java:77)\n\tat io.netty.channel.AbstractChannelHandlerContext.invokeChannelRead(AbstractChannelHandlerContext.java:374)\n\tat io.netty.channel.AbstractChannelHandlerContext.invokeChannelRead(AbstractChannelHandlerContext.java:360)\n\tat io.netty.chann...
&amp#27;[38;5;206m[0b2d18cb]&amp#27;[0m&amp#27;[38;5;123m[W3C]&amp#27;[0m Matched W3C error code 'no such element' to NoSuchElementError
&amp#27;[38;5;206m[0b2d18cb]&amp#27;[0m&amp#27;[38;5;-164m[AndroidUiautomator2Driver@8430]&amp#27;[0m Waited for 2457 ms so far
&amp#27;[38;5;206m[0b2d18cb]&amp#27;[0m&amp#27;[38;5;-164m[AndroidUiautomator2Driver@8430]&amp#27;[0m Matched '/element' to command name 'findElement'
&amp#27;[38;5;206m[0b2d18cb]&amp#27;[0m&amp#27;[38;5;-164m[AndroidUiautomator2Driver@8430]&amp#27;[0m Proxying [POST /element] to [POST http://127.0.0.1:8200/session/8d931a96-d062-4e71-88df-fba9f87cc6c5/element] with body: {"strategy":"id","selector":"android:id/edit","context":"","multiple":false}
&amp#27;[38;5;206m[0b2d18cb]&amp#27;[0m&amp#27;[38;5;-164m[AndroidUiautomator2Driver@8430]&amp#27;[0m Got response with status 404: {"sessionId":"8d931a96-d062-4e71-88df-fba9f87cc6c5","value":{"error":"no such element","message":"An element could not be located on the page using the given search parameters","stacktrace":"io.appium.uiautomator2.common.exceptions.ElementNotFoundException: An element could not be located on the page using the given search parameters\n\tat io.appium.uiautomator2.handler.FindElement.safeHandle(FindElement.java:63)\n\tat io.appium.uiautomator2.handler.request.SafeRequestHandler.handle(SafeRequestHandler.java:59)\n\tat io.appium.uiautomator2.server.AppiumServlet.handleRequest(AppiumServlet.java:259)\n\tat io.appium.uiautomator2.server.AppiumServlet.handleHttpRequest(AppiumServlet.java:253)\n\tat io.appium.uiautomator2.http.ServerHandler.channelRead(ServerHandler.java:77)\n\tat io.netty.channel.AbstractChannelHandlerContext.invokeChannelRead(AbstractChannelHandlerContext.java:374)\n\tat io.netty.channel.AbstractChannelHandlerContext.invokeChannelRead(AbstractChannelHandlerContext.java:360)\n\tat io.netty.chann...
&amp#27;[38;5;206m[0b2d18cb]&amp#27;[0m&amp#27;[38;5;123m[W3C]&amp#27;[0m Matched W3C error code 'no such element' to NoSuchElementError
&amp#27;[38;5;206m[0b2d18cb]&amp#27;[0m&amp#27;[38;5;-164m[AndroidUiautomator2Driver@8430]&amp#27;[0m Waited for 3743 ms so far
&amp#27;[38;5;206m[0b2d18cb]&amp#27;[0m&amp#27;[38;5;-164m[AndroidUiautomator2Driver@8430]&amp#27;[0m Matched '/element' to command name 'findElement'
&amp#27;[38;5;206m[0b2d18cb]&amp#27;[0m&amp#27;[38;5;-164m[AndroidUiautomator2Driver@8430]&amp#27;[0m Proxying [POST /element] to [POST http://127.0.0.1:8200/session/8d931a96-d062-4e71-88df-fba9f87cc6c5/element] with body: {"strategy":"id","selector":"android:id/edit","context":"","multiple":false}
&amp#27;[38;5;206m[0b2d18cb]&amp#27;[0m&amp#27;[38;5;-164m[AndroidUiautomator2Driver@8430]&amp#27;[0m Got response with status 404: {"sessionId":"8d931a96-d062-4e71-88df-fba9f87cc6c5","value":{"error":"no such element","message":"An element could not be located on the page using the given search parameters","stacktrace":"io.appium.uiautomator2.common.exceptions.ElementNotFoundException: An element could not be located on the page using the given search parameters\n\tat io.appium.uiautomator2.handler.FindElement.safeHandle(FindElement.java:63)\n\tat io.appium.uiautomator2.handler.request.SafeRequestHandler.handle(SafeRequestHandler.java:59)\n\tat io.appium.uiautomator2.server.AppiumServlet.handleRequest(AppiumServlet.java:259)\n\tat io.appium.uiautomator2.server.AppiumServlet.handleHttpRequest(AppiumServlet.java:253)\n\tat io.appium.uiautomator2.http.ServerHandler.channelRead(ServerHandler.java:77)\n\tat io.netty.channel.AbstractChannelHandlerContext.invokeChannelRead(AbstractChannelHandlerContext.java:374)\n\tat io.netty.channel.AbstractChannelHandlerContext.invokeChannelRead(AbstractChannelHandlerContext.java:360)\n\tat io.netty.chann...
&amp#27;[38;5;206m[0b2d18cb]&amp#27;[0m&amp#27;[38;5;123m[W3C]&amp#27;[0m Matched W3C error code 'no such element' to NoSuchElementError
&amp#27;[38;5;206m[0b2d18cb]&amp#27;[0m&amp#27;[38;5;-164m[AndroidUiautomator2Driver@8430]&amp#27;[0m Waited for 4533 ms so far
&amp#27;[38;5;206m[0b2d18cb]&amp#27;[0m&amp#27;[38;5;-164m[AndroidUiautomator2Driver@8430]&amp#27;[0m Matched '/element' to command name 'findElement'
&amp#27;[38;5;206m[0b2d18cb]&amp#27;[0m&amp#27;[38;5;-164m[AndroidUiautomator2Driver@8430]&amp#27;[0m Proxying [POST /element] to [POST http://127.0.0.1:8200/session/8d931a96-d062-4e71-88df-fba9f87cc6c5/element] with body: {"strategy":"id","selector":"android:id/edit","context":"","multiple":false}
&amp#27;[38;5;206m[0b2d18cb]&amp#27;[0m&amp#27;[38;5;-164m[AndroidUiautomator2Driver@8430]&amp#27;[0m Got response with status 404: {"sessionId":"8d931a96-d062-4e71-88df-fba9f87cc6c5","value":{"error":"no such element","message":"An element could not be located on the page using the given search parameters","stacktrace":"io.appium.uiautomator2.common.exceptions.ElementNotFoundException: An element could not be located on the page using the given search parameters\n\tat io.appium.uiautomator2.handler.FindElement.safeHandle(FindElement.java:63)\n\tat io.appium.uiautomator2.handler.request.SafeRequestHandler.handle(SafeRequestHandler.java:59)\n\tat io.appium.uiautomator2.server.AppiumServlet.handleRequest(AppiumServlet.java:259)\n\tat io.appium.uiautomator2.server.AppiumServlet.handleHttpRequest(AppiumServlet.java:253)\n\tat io.appium.uiautomator2.http.ServerHandler.channelRead(ServerHandler.java:77)\n\tat io.netty.channel.AbstractChannelHandlerContext.invokeChannelRead(AbstractChannelHandlerContext.java:374)\n\tat io.netty.channel.AbstractChannelHandlerContext.invokeChannelRead(AbstractChannelHandlerContext.java:360)\n\tat io.netty.chann...
&amp#27;[38;5;206m[0b2d18cb]&amp#27;[0m&amp#27;[38;5;123m[W3C]&amp#27;[0m Matched W3C error code 'no such element' to NoSuchElementError
&amp#27;[38;5;206m[0b2d18cb]&amp#27;[0m&amp#27;[38;5;-164m[AndroidUiautomator2Driver@8430]&amp#27;[0m Waited for 5237 ms so far
&amp#27;[38;5;206m[0b2d18cb]&amp#27;[0m&amp#27;[38;5;-164m[AndroidUiautomator2Driver@8430]&amp#27;[0m Matched '/element' to command name 'findElement'
&amp#27;[38;5;206m[0b2d18cb]&amp#27;[0m&amp#27;[38;5;-164m[AndroidUiautomator2Driver@8430]&amp#27;[0m Proxying [POST /element] to [POST http://127.0.0.1:8200/session/8d931a96-d062-4e71-88df-fba9f87cc6c5/element] with body: {"strategy":"id","selector":"android:id/edit","context":"","multiple":false}
&amp#27;[38;5;206m[0b2d18cb]&amp#27;[0m&amp#27;[38;5;-164m[AndroidUiautomator2Driver@8430]&amp#27;[0m Got response with status 404: {"sessionId":"8d931a96-d062-4e71-88df-fba9f87cc6c5","value":{"error":"no such element","message":"An element could not be located on the page using the given search parameters","stacktrace":"io.appium.uiautomator2.common.exceptions.ElementNotFoundException: An element could not be located on the page using the given search parameters\n\tat io.appium.uiautomator2.handler.FindElement.safeHandle(FindElement.java:63)\n\tat io.appium.uiautomator2.handler.request.SafeRequestHandler.handle(SafeRequestHandler.java:59)\n\tat io.appium.uiautomator2.server.AppiumServlet.handleRequest(AppiumServlet.java:259)\n\tat io.appium.uiautomator2.server.AppiumServlet.handleHttpRequest(AppiumServlet.java:253)\n\tat io.appium.uiautomator2.http.ServerHandler.channelRead(ServerHandler.java:77)\n\tat io.netty.channel.AbstractChannelHandlerContext.invokeChannelRead(AbstractChannelHandlerContext.java:374)\n\tat io.netty.channel.AbstractChannelHandlerContext.invokeChannelRead(AbstractChannelHandlerContext.java:360)\n\tat io.netty.chann...
&amp#27;[38;5;206m[0b2d18cb]&amp#27;[0m&amp#27;[38;5;123m[W3C]&amp#27;[0m Matched W3C error code 'no such element' to NoSuchElementError
&amp#27;[38;5;206m[0b2d18cb]&amp#27;[0m&amp#27;[38;5;-164m[AndroidUiautomator2Driver@8430]&amp#27;[0m Waited for 6304 ms so far
https://demo.applitools.com/35
locator value are //a[@id="log-in"]
Test Step started I check transaction "Star" on "transactionrowbasedonTransactionName" then status should be "Complete" and amount should be 1250
Test Step started I click on web "loginsigninbutton"
locator is loginsigninbutton
&amp#27;[38;5;206m[0b2d18cb]&amp#27;[0m&amp#27;[38;5;-164m[AndroidUiautomator2Driver@8430]&amp#27;[0m Matched '/element' to command name 'findElement'
&amp#27;[38;5;206m[0b2d18cb]&amp#27;[0m&amp#27;[38;5;-164m[AndroidUiautomator2Driver@8430]&amp#27;[0m Proxying [POST /element] to [POST http://127.0.0.1:8200/session/8d931a96-d062-4e71-88df-fba9f87cc6c5/element] with body: {"strategy":"id","selector":"android:id/edit","context":"","multiple":false}
&amp#27;[38;5;206m[0b2d18cb]&amp#27;[0m&amp#27;[38;5;-164m[AndroidUiautomator2Driver@8430]&amp#27;[0m Got response with status 404: {"sessionId":"8d931a96-d062-4e71-88df-fba9f87cc6c5","value":{"error":"no such element","message":"An element could not be located on the page using the given search parameters","stacktrace":"io.appium.uiautomator2.common.exceptions.ElementNotFoundException: An element could not be located on the page using the given search parameters\n\tat io.appium.uiautomator2.handler.FindElement.safeHandle(FindElement.java:63)\n\tat io.appium.uiautomator2.handler.request.SafeRequestHandler.handle(SafeRequestHandler.java:59)\n\tat io.appium.uiautomator2.server.AppiumServlet.handleRequest(AppiumServlet.java:259)\n\tat io.appium.uiautomator2.server.AppiumServlet.handleHttpRequest(AppiumServlet.java:253)\n\tat io.appium.uiautomator2.http.ServerHandler.channelRead(ServerHandler.java:77)\n\tat io.netty.channel.AbstractChannelHandlerContext.invokeChannelRead(AbstractChannelHandlerContext.java:374)\n\tat io.netty.channel.AbstractChannelHandlerContext.invokeChannelRead(AbstractChannelHandlerContext.java:360)\n\tat io.netty.chann...
&amp#27;[38;5;206m[0b2d18cb]&amp#27;[0m&amp#27;[38;5;123m[W3C]&amp#27;[0m Matched W3C error code 'no such element' to NoSuchElementError
&amp#27;[38;5;206m[0b2d18cb]&amp#27;[0m&amp#27;[38;5;-164m[AndroidUiautomator2Driver@8430]&amp#27;[0m Waited for 6975 ms so far
&amp#27;[38;5;206m[0b2d18cb]&amp#27;[0m&amp#27;[38;5;-164m[AndroidUiautomator2Driver@8430]&amp#27;[0m Matched '/element' to command name 'findElement'
&amp#27;[38;5;206m[0b2d18cb]&amp#27;[0m&amp#27;[38;5;-164m[AndroidUiautomator2Driver@8430]&amp#27;[0m Proxying [POST /element] to [POST http://127.0.0.1:8200/session/8d931a96-d062-4e71-88df-fba9f87cc6c5/element] with body: {"strategy":"id","selector":"android:id/edit","context":"","multiple":false}
&amp#27;[38;5;206m[0b2d18cb]&amp#27;[0m&amp#27;[38;5;-164m[AndroidUiautomator2Driver@8430]&amp#27;[0m Got response with status 404: {"sessionId":"8d931a96-d062-4e71-88df-fba9f87cc6c5","value":{"error":"no such element","message":"An element could not be located on the page using the given search parameters","stacktrace":"io.appium.uiautomator2.common.exceptions.ElementNotFoundException: An element could not be located on the page using the given search parameters\n\tat io.appium.uiautomator2.handler.FindElement.safeHandle(FindElement.java:63)\n\tat io.appium.uiautomator2.handler.request.SafeRequestHandler.handle(SafeRequestHandler.java:59)\n\tat io.appium.uiautomator2.server.AppiumServlet.handleRequest(AppiumServlet.java:259)\n\tat io.appium.uiautomator2.server.AppiumServlet.handleHttpRequest(AppiumServlet.java:253)\n\tat io.appium.uiautomator2.http.ServerHandler.channelRead(ServerHandler.java:77)\n\tat io.netty.channel.AbstractChannelHandlerContext.invokeChannelRead(AbstractChannelHandlerContext.java:374)\n\tat io.netty.channel.AbstractChannelHandlerContext.invokeChannelRead(AbstractChannelHandlerContext.java:360)\n\tat io.netty.chann...
&amp#27;[38;5;206m[0b2d18cb]&amp#27;[0m&amp#27;[38;5;123m[W3C]&amp#27;[0m Matched W3C error code 'no such element' to NoSuchElementError
&amp#27;[38;5;206m[0b2d18cb]&amp#27;[0m&amp#27;[38;5;-164m[AndroidUiautomator2Driver@8430]&amp#27;[0m Waited for 8034 ms so far
&amp#27;[38;5;206m[0b2d18cb]&amp#27;[0m&amp#27;[38;5;-164m[AndroidUiautomator2Driver@8430]&amp#27;[0m Matched '/element' to command name 'findElement'
&amp#27;[38;5;206m[0b2d18cb]&amp#27;[0m&amp#27;[38;5;-164m[AndroidUiautomator2Driver@8430]&amp#27;[0m Proxying [POST /element] to [POST http://127.0.0.1:8200/session/8d931a96-d062-4e71-88df-fba9f87cc6c5/element] with body: {"strategy":"id","selector":"android:id/edit","context":"","multiple":false}
&amp#27;[38;5;206m[0b2d18cb]&amp#27;[0m&amp#27;[38;5;-164m[AndroidUiautomator2Driver@8430]&amp#27;[0m Got response with status 404: {"sessionId":"8d931a96-d062-4e71-88df-fba9f87cc6c5","value":{"error":"no such element","message":"An element could not be located on the page using the given search parameters","stacktrace":"io.appium.uiautomator2.common.exceptions.ElementNotFoundException: An element could not be located on the page using the given search parameters\n\tat io.appium.uiautomator2.handler.FindElement.safeHandle(FindElement.java:63)\n\tat io.appium.uiautomator2.handler.request.SafeRequestHandler.handle(SafeRequestHandler.java:59)\n\tat io.appium.uiautomator2.server.AppiumServlet.handleRequest(AppiumServlet.java:259)\n\tat io.appium.uiautomator2.server.AppiumServlet.handleHttpRequest(AppiumServlet.java:253)\n\tat io.appium.uiautomator2.http.ServerHandler.channelRead(ServerHandler.java:77)\n\tat io.netty.channel.AbstractChannelHandlerContext.invokeChannelRead(AbstractChannelHandlerContext.java:374)\n\tat io.netty.channel.AbstractChannelHandlerContext.invokeChannelRead(AbstractChannelHandlerContext.java:360)\n\tat io.netty.chann...
&amp#27;[38;5;206m[0b2d18cb]&amp#27;[0m&amp#27;[38;5;123m[W3C]&amp#27;[0m Matched W3C error code 'no such element' to NoSuchElementError
&amp#27;[38;5;206m[0b2d18cb]&amp#27;[0m&amp#27;[38;5;-164m[AndroidUiautomator2Driver@8430]&amp#27;[0m Waited for 8757 ms so far
&amp#27;[38;5;206m[0b2d18cb]&amp#27;[0m&amp#27;[38;5;-164m[AndroidUiautomator2Driver@8430]&amp#27;[0m Matched '/element' to command name 'findElement'
&amp#27;[38;5;206m[0b2d18cb]&amp#27;[0m&amp#27;[38;5;-164m[AndroidUiautomator2Driver@8430]&amp#27;[0m Proxying [POST /element] to [POST http://127.0.0.1:8200/session/8d931a96-d062-4e71-88df-fba9f87cc6c5/element] with body: {"strategy":"id","selector":"android:id/edit","context":"","multiple":false}
&amp#27;[38;5;206m[0b2d18cb]&amp#27;[0m&amp#27;[38;5;-164m[AndroidUiautomator2Driver@8430]&amp#27;[0m Got response with status 404: {"sessionId":"8d931a96-d062-4e71-88df-fba9f87cc6c5","value":{"error":"no such element","message":"An element could not be located on the page using the given search parameters","stacktrace":"io.appium.uiautomator2.common.exceptions.ElementNotFoundException: An element could not be located on the page using the given search parameters\n\tat io.appium.uiautomator2.handler.FindElement.safeHandle(FindElement.java:63)\n\tat io.appium.uiautomator2.handler.request.SafeRequestHandler.handle(SafeRequestHandler.java:59)\n\tat io.appium.uiautomator2.server.AppiumServlet.handleRequest(AppiumServlet.java:259)\n\tat io.appium.uiautomator2.server.AppiumServlet.handleHttpRequest(AppiumServlet.java:253)\n\tat io.appium.uiautomator2.http.ServerHandler.channelRead(ServerHandler.java:77)\n\tat io.netty.channel.AbstractChannelHandlerContext.invokeChannelRead(AbstractChannelHandlerContext.java:374)\n\tat io.netty.channel.AbstractChannelHandlerContext.invokeChannelRead(AbstractChannelHandlerContext.java:360)\n\tat io.netty.chann...
&amp#27;[38;5;206m[0b2d18cb]&amp#27;[0m&amp#27;[38;5;123m[W3C]&amp#27;[0m Matched W3C error code 'no such element' to NoSuchElementError
&amp#27;[38;5;206m[0b2d18cb]&amp#27;[0m&amp#27;[38;5;-164m[AndroidUiautomator2Driver@8430]&amp#27;[0m Waited for 9320 ms so far
https://demo.applitools.com/37
locator value are //a[@id="log-in"]
&amp#27;[38;5;206m[0b2d18cb]&amp#27;[0m&amp#27;[38;5;-164m[AndroidUiautomator2Driver@8430]&amp#27;[0m Matched '/element' to command name 'findElement'
&amp#27;[38;5;206m[0b2d18cb]&amp#27;[0m&amp#27;[38;5;-164m[AndroidUiautomator2Driver@8430]&amp#27;[0m Proxying [POST /element] to [POST http://127.0.0.1:8200/session/8d931a96-d062-4e71-88df-fba9f87cc6c5/element] with body: {"strategy":"id","selector":"android:id/edit","context":"","multiple":false}
&amp#27;[38;5;206m[0b2d18cb]&amp#27;[0m&amp#27;[38;5;-164m[AndroidUiautomator2Driver@8430]&amp#27;[0m Got response with status 404: {"sessionId":"8d931a96-d062-4e71-88df-fba9f87cc6c5","value":{"error":"no such element","message":"An element could not be located on the page using the given search parameters","stacktrace":"io.appium.uiautomator2.common.exceptions.ElementNotFoundException: An element could not be located on the page using the given search parameters\n\tat io.appium.uiautomator2.handler.FindElement.safeHandle(FindElement.java:63)\n\tat io.appium.uiautomator2.handler.request.SafeRequestHandler.handle(SafeRequestHandler.java:59)\n\tat io.appium.uiautomator2.server.AppiumServlet.handleRequest(AppiumServlet.java:259)\n\tat io.appium.uiautomator2.server.AppiumServlet.handleHttpRequest(AppiumServlet.java:253)\n\tat io.appium.uiautomator2.http.ServerHandler.channelRead(ServerHandler.java:77)\n\tat io.netty.channel.AbstractChannelHandlerContext.invokeChannelRead(AbstractChannelHandlerContext.java:374)\n\tat io.netty.channel.AbstractChannelHandlerContext.invokeChannelRead(AbstractChannelHandlerContext.java:360)\n\tat io.netty.chann...
&amp#27;[38;5;206m[0b2d18cb]&amp#27;[0m&amp#27;[38;5;123m[W3C]&amp#27;[0m Matched W3C error code 'no such element' to NoSuchElementError
&amp#27;[38;5;206m[0b2d18cb]&amp#27;[0m&amp#27;[38;5;-164m[AndroidUiautomator2Driver@8430]&amp#27;[0m Waited for 9897 ms so far
&amp#27;[38;5;206m[0b2d18cb]&amp#27;[0m&amp#27;[38;5;-164m[AndroidUiautomator2Driver@8430]&amp#27;[0m Matched '/element' to command name 'findElement'
&amp#27;[38;5;206m[0b2d18cb]&amp#27;[0m&amp#27;[38;5;-164m[AndroidUiautomator2Driver@8430]&amp#27;[0m Proxying [POST /element] to [POST http://127.0.0.1:8200/session/8d931a96-d062-4e71-88df-fba9f87cc6c5/element] with body: {"strategy":"id","selector":"android:id/edit","context":"","multiple":false}
&amp#27;[38;5;206m[0b2d18cb]&amp#27;[0m&amp#27;[38;5;-164m[AndroidUiautomator2Driver@8430]&amp#27;[0m Got response with status 404: {"sessionId":"8d931a96-d062-4e71-88df-fba9f87cc6c5","value":{"error":"no such element","message":"An element could not be located on the page using the given search parameters","stacktrace":"io.appium.uiautomator2.common.exceptions.ElementNotFoundException: An element could not be located on the page using the given search parameters\n\tat io.appium.uiautomator2.handler.FindElement.safeHandle(FindElement.java:63)\n\tat io.appium.uiautomator2.handler.request.SafeRequestHandler.handle(SafeRequestHandler.java:59)\n\tat io.appium.uiautomator2.server.AppiumServlet.handleRequest(AppiumServlet.java:259)\n\tat io.appium.uiautomator2.server.AppiumServlet.handleHttpRequest(AppiumServlet.java:253)\n\tat io.appium.uiautomator2.http.ServerHandler.channelRead(ServerHandler.java:77)\n\tat io.netty.channel.AbstractChannelHandlerContext.invokeChannelRead(AbstractChannelHandlerContext.java:374)\n\tat io.netty.channel.AbstractChannelHandlerContext.invokeChannelRead(AbstractChannelHandlerContext.java:360)\n\tat io.netty.chann...
&amp#27;[38;5;206m[0b2d18cb]&amp#27;[0m&amp#27;[38;5;123m[W3C]&amp#27;[0m Matched W3C error code 'no such element' to NoSuchElementError
&amp#27;[38;5;206m[0b2d18cb]&amp#27;[0m&amp#27;[38;5;-164m[AndroidUiautomator2Driver@8430]&amp#27;[0m Encountered internal error running command: NoSuchElementError: An element could not be located on the page using the given search parameters.
    at AndroidUiautomator2Driver.findElOrEls (/Users/rohitsharma/.appium/node_modules/appium-uiautomator2-driver/node_modules/appium-android-driver/lib/commands/find.ts:86:11)
    at processTicksAndRejections (node:internal/process/task_queues:105:5)
    at AndroidUiautomator2Driver.findElOrElsWithProcessing (/usr/local/lib/node_modules/appium/node_modules/@appium/base-driver/lib/basedriver/commands/find.ts:60:12)
    at AndroidUiautomator2Driver.findElement (/usr/local/lib/node_modules/appium/node_modules/@appium/base-driver/lib/basedriver/commands/find.ts:75:12)
&amp#27;[38;5;206m[0b2d18cb]&amp#27;[0m&amp#27;[38;5;86m[HTTP]&amp#27;[0m <-- POST /session/0b2d18cb-5d57-4b4d-9338-66f6cf8e3e90/element 404 10114 ms - 817 
[END] Basic Mobile automation feature on Thread 34
&amp#27;[38;5;206m[0b2d18cb]&amp#27;[0m&amp#27;[38;5;86m[HTTP]&amp#27;[0m &amp#27;[37m-->&amp#27;[39m &amp#27;[37mDELETE&amp#27;[39m &amp#27;[37m/session/0b2d18cb-5d57-4b4d-9338-66f6cf8e3e90&amp#27;[39m {}
&amp#27;[38;5;206m[0b2d18cb]&amp#27;[0m&amp#27;[38;5;-164m[AndroidUiautomator2Driver@8430]&amp#27;[0m Calling AppiumDriver.deleteSession() with args: ["0b2d18cb-5d57-4b4d-9338-66f6cf8e3e90"]
&amp#27;[38;5;206m[0b2d18cb]&amp#27;[0m&amp#27;[38;5;157m[AppiumDriver@17cd]&amp#27;[0m Event 'quitSessionRequested' logged at 1756116121383 (15:32:01 GMT+0530 (India Standard Time))
&amp#27;[38;5;206m[0b2d18cb]&amp#27;[0m&amp#27;[38;5;157m[AppiumDriver@17cd]&amp#27;[0m Removing session 0b2d18cb-5d57-4b4d-9338-66f6cf8e3e90 from our master session list
&amp#27;[38;5;206m[0b2d18cb]&amp#27;[0m&amp#27;[38;5;-164m[AndroidUiautomator2Driver@8430]&amp#27;[0m Deleting UiAutomator2 session
&amp#27;[38;5;206m[0b2d18cb]&amp#27;[0m&amp#27;[38;5;-164m[AndroidUiautomator2Driver@8430]&amp#27;[0m Deleting UiAutomator2 server session
&amp#27;[38;5;206m[0b2d18cb]&amp#27;[0m&amp#27;[38;5;-164m[AndroidUiautomator2Driver@8430]&amp#27;[0m Matched '/' to command name 'deleteSession'
&amp#27;[38;5;206m[0b2d18cb]&amp#27;[0m&amp#27;[38;5;-164m[AndroidUiautomator2Driver@8430]&amp#27;[0m Proxying [DELETE /] to [DELETE http://127.0.0.1:8200/session/8d931a96-d062-4e71-88df-fba9f87cc6c5] with no body
&amp#27;[38;5;206m[0b2d18cb]&amp#27;[0m&amp#27;[38;5;-164m[AndroidUiautomator2Driver@8430]&amp#27;[0m Got response with status 200: {"sessionId":"8d931a96-d062-4e71-88df-fba9f87cc6c5","value":null}
&amp#27;[38;5;206m[0b2d18cb]&amp#27;[0m&amp#27;[38;5;229m[ADB]&amp#27;[0m Getting IDs of all 'io.appium.uiautomator2.server' processes
&amp#27;[38;5;206m[0b2d18cb]&amp#27;[0m&amp#27;[38;5;229m[ADB]&amp#27;[0m Running '/Users/rohitsharma/Library/Android/sdk/platform-tools/adb -P 5037 -s emulator-5554 shell 'pgrep --help; echo $?''
Complete
&amp#27;[38;5;206m[0b2d18cb]&amp#27;[0m&amp#27;[38;5;-164m[AndroidUiautomator2Driver@8430]&amp#27;[0m [Instrumentation] io.appium.uiautomator2.server.test.AppiumUiAutomator2Server:.
&amp#27;[38;5;206m[0b2d18cb]&amp#27;[0m&amp#27;[38;5;-164m[AndroidUiautomator2Driver@8430]&amp#27;[0m [Instrumentation] 
&amp#27;[38;5;206m[0b2d18cb]&amp#27;[0m&amp#27;[38;5;-164m[AndroidUiautomator2Driver@8430]&amp#27;[0m [Instrumentation] Time: 69.433
&amp#27;[38;5;206m[0b2d18cb]&amp#27;[0m&amp#27;[38;5;-164m[AndroidUiautomator2Driver@8430]&amp#27;[0m [Instrumentation] 
&amp#27;[38;5;206m[0b2d18cb]&amp#27;[0m&amp#27;[38;5;-164m[AndroidUiautomator2Driver@8430]&amp#27;[0m [Instrumentation] OK (1 test)
&amp#27;[38;5;206m[0b2d18cb]&amp#27;[0m&amp#27;[38;5;-164m[AndroidUiautomator2Driver@8430]&amp#27;[0m [Instrumentation] 
&amp#27;[38;5;206m[0b2d18cb]&amp#27;[0m&amp#27;[38;5;-164m[AndroidUiautomator2Driver@8430]&amp#27;[0m [Instrumentation] 
&amp#27;[38;5;206m[0b2d18cb]&amp#27;[0m&amp#27;[38;5;229m[ADB]&amp#27;[0m Running '/Users/rohitsharma/Library/Android/sdk/platform-tools/adb -P 5037 -s emulator-5554 shell pgrep -f \(\[\[:blank:\]\]\|\^\)io\.appium\.uiautomator2\.server\(:\[a-zA-Z0-9_-\]\+\)\?\(\[\[:blank:\]\]\|\$\)'
&amp#27;[38;5;206m[0b2d18cb]&amp#27;[0m&amp#27;[38;5;-164m[AndroidUiautomator2Driver@8430]&amp#27;[0m [Instrumentation] The process has exited with code 0, signal null
&amp#27;[38;5;206m[0b2d18cb]&amp#27;[0m&amp#27;[38;5;229m[ADB]&amp#27;[0m Running '/Users/rohitsharma/Library/Android/sdk/platform-tools/adb -P 5037 -s emulator-5554 shell am force-stop io.appium.uiautomator2.server'
&amp#27;[38;5;206m[0b2d18cb]&amp#27;[0m&amp#27;[38;5;229m[ADB]&amp#27;[0m Running '/Users/rohitsharma/Library/Android/sdk/platform-tools/adb -P 5037 -s emulator-5554 shell am force-stop io.appium.uiautomator2.server.test'
&amp#27;[38;5;206m[0b2d18cb]&amp#27;[0m&amp#27;[38;5;229m[ADB]&amp#27;[0m Running '/Users/rohitsharma/Library/Android/sdk/platform-tools/adb -P 5037 -s emulator-5554 shell dumpsys activity services io.appium.settings/.recorder.RecorderService'
&amp#27;[38;5;206m[0b2d18cb]&amp#27;[0m&amp#27;[38;5;229m[ADB]&amp#27;[0m Running '/Users/rohitsharma/Library/Android/sdk/platform-tools/adb -P 5037 -s emulator-5554 shell am force-stop io.appium.android.apis'
&amp#27;[38;5;206m[0b2d18cb]&amp#27;[0m&amp#27;[38;5;229m[ADB]&amp#27;[0m Removing forwarded port socket connection: 8200 
&amp#27;[38;5;206m[0b2d18cb]&amp#27;[0m&amp#27;[38;5;229m[ADB]&amp#27;[0m Running '/Users/rohitsharma/Library/Android/sdk/platform-tools/adb -P 5037 -s emulator-5554 forward --remove tcp:8200'
&amp#27;[38;5;206m[0b2d18cb]&amp#27;[0m&amp#27;[38;5;-164m[AndroidUiautomator2Driver@8430]&amp#27;[0m Restoring hidden api policy to the device default configuration
&amp#27;[38;5;206m[0b2d18cb]&amp#27;[0m&amp#27;[38;5;229m[ADB]&amp#27;[0m Running '/Users/rohitsharma/Library/Android/sdk/platform-tools/adb -P 5037 -s emulator-5554 shell 'settings delete global hidden_api_policy_pre_p_apps;settings delete global hidden_api_policy_p_apps;settings delete global hidden_api_policy''
&amp#27;[38;5;206m[0b2d18cb]&amp#27;[0m&amp#27;[38;5;160m[Logcat]&amp#27;[0m Stopping logcat capture
&amp#27;[38;5;206m[0b2d18cb]&amp#27;[0m&amp#27;[38;5;157m[AppiumDriver@17cd]&amp#27;[0m Event 'quitSessionFinished' logged at 1756116130319 (15:32:10 GMT+0530 (India Standard Time))
&amp#27;[38;5;206m[0b2d18cb]&amp#27;[0m&amp#27;[38;5;157m[AppiumDriver@17cd]&amp#27;[0m Received response: null
&amp#27;[38;5;206m[0b2d18cb]&amp#27;[0m&amp#27;[38;5;157m[AppiumDriver@17cd]&amp#27;[0m But deleting session, so not returning
&amp#27;[38;5;206m[0b2d18cb]&amp#27;[0m&amp#27;[38;5;157m[AppiumDriver@17cd]&amp#27;[0m Responding to client with driver.deleteSession() result: null
&amp#27;[38;5;206m[0b2d18cb]&amp#27;[0m&amp#27;[38;5;86m[HTTP]&amp#27;[0m <-- DELETE /session/0b2d18cb-5d57-4b4d-9338-66f6cf8e3e90 200 9001 ms - 14 
Test case cleanup finished.
]]></system-out>
    <system-err><![CDATA[SLF4J: Failed to load class "org.slf4j.impl.StaticLoggerBinder".
SLF4J: Defaulting to no-operation (NOP) logger implementation
SLF4J: See http://www.slf4j.org/codes.html#StaticLoggerBinder for further details.
Aug 25, 2025 3:30:25 PM org.openqa.selenium.remote.tracing.opentelemetry.OpenTelemetryTracer createTracer
INFO: Using OpenTelemetry for tracing
]]></system-err>
  </testcase>
  <testcase name="runScenario[&quot;Verify Dashboard page&quot;, &quot;Dashboard&quot;](2)" classname="Selenium.Cucumber.RunCucumberTest" time="117.62">
    <system-out><![CDATA[Test Step started User login should see "dashboardsearchfield"
1250 value is
locator is dashboardsearchfield
Test Step started I check transaction "Star" on "transactionrowbasedonTransactionName" then status should be "Complete" and amount should be 1250
https://demo.applitools.com/app.html37
https://demo.applitools.com/app.html
locator value are //div[contains(@class,"element-search auto")]/input
[END] Verify Dashboard page on Thread 36
Test case cleanup finished.
]]></system-out>
  </testcase>
  <testcase name="runScenario[&quot;Login with &quot;rohit&quot; and &quot;rohit&quot;&quot;, &quot;Login&quot;](3)" classname="Selenium.Cucumber.RunCucumberTest" time="130.692">
    <system-out><![CDATA[Complete
[END] Login with "rohit" and "rohit" on Thread 37
1250 value is
https://demo.applitools.com/app.html
Test case cleanup finished.
[END] Verify Dashboard page on Thread 35
]]></system-out>
  </testcase>
  <testcase name="runScenario[&quot;Verify Dashboard page&quot;, &quot;Dashboard&quot;](4)" classname="Selenium.Cucumber.RunCucumberTest" time="132.761">
    <system-out><![CDATA[Test case cleanup finished.
]]></system-out>
  </testcase>
</testsuite>