<?xml version="1.0" encoding="UTF-8"?>
<!-- Generated by org.testng.reporters.JUnitReportReporter -->
<testsuite hostname="Rohits-MacBook-Air.local" failures="0" tests="1" name="Selenium.Cucumber.RunCucumberTest" time="8.389" errors="0" timestamp="2025-08-23T11:36:11 IST" skipped="0">
  <testcase classname="Selenium.Cucumber.RunCucumberTest" name="runScenario" time="8.389"/>
</testsuite> <!-- Selenium.Cucumber.RunCucumberTest -->
