<?xml version="1.0" encoding="UTF-8"?>
<!-- Generated by org.testng.reporters.JUnitReportReporter -->
<testsuite hostname="Rohits-MacBook-Air.local" failures="0" tests="3" name="Selenium.Cucumber.RunCucumberTest" time="15.010" errors="0" timestamp="2024-12-18T07:29:03 IST" skipped="0">
  <testcase classname="Selenium.Cucumber.RunCucumberTest" name="runScenario" time="5.098"/>
  <testcase classname="Selenium.Cucumber.RunCucumberTest" name="runScenario" time="5.220"/>
  <testcase classname="Selenium.Cucumber.RunCucumberTest" name="runScenario" time="4.692"/>
</testsuite> <!-- Selenium.Cucumber.RunCucumberTest -->
