<?xml version="1.0" encoding="UTF-8"?>
<!-- Generated by org.testng.reporters.JUnitReportReporter -->
<testsuite hostname="Rohits-MacBook-Air.local" failures="0" tests="6" name="Selenium.Cucumber.RunCucumberTest" time="58.932" errors="0" timestamp="2025-01-29T22:28:34 IST" skipped="0">
  <testcase classname="Selenium.Cucumber.RunCucumberTest" name="runScenario" time="8.491"/>
  <testcase classname="Selenium.Cucumber.RunCucumberTest" name="runScenario" time="7.313"/>
  <testcase classname="Selenium.Cucumber.RunCucumberTest" name="runScenario" time="12.712"/>
  <testcase classname="Selenium.Cucumber.RunCucumberTest" name="runScenario" time="14.828"/>
  <testcase classname="Selenium.Cucumber.RunCucumberTest" name="runScenario" time="8.197"/>
  <testcase classname="Selenium.Cucumber.RunCucumberTest" name="runScenario" time="7.391"/>
</testsuite> <!-- Selenium.Cucumber.RunCucumberTest -->
