<?xml version="1.0" encoding="UTF-8"?>
<!-- Generated by org.testng.reporters.JUnitReportReporter -->
<testsuite hostname="Rohits-MacBook-Air.local" failures="1" tests="7" name="Selenium.Cucumber.RunCucumberTest" time="102.923" errors="0" timestamp="2025-02-01T00:59:41 IST" skipped="0">
  <testcase classname="Selenium.Cucumber.RunCucumberTest" name="runScenario" time="15.927"/>
  <testcase classname="Selenium.Cucumber.RunCucumberTest" name="runScenario" time="13.898"/>
  <testcase classname="Selenium.Cucumber.RunCucumberTest" name="runScenario" time="16.680">
    <failure message="expected [true] but found [false]" type="java.lang.AssertionError">
      <![CDATA[java.lang.AssertionError: expected [true] but found [false]
at org.testng.Assert.fail(Assert.java:111)
at org.testng.Assert.failNotEquals(Assert.java:1578)
at org.testng.Assert.assertTrue(Assert.java:57)
at org.testng.Assert.assertTrue(Assert.java:67)
at Selenium.Cucumber.StepDefinitions.validate_all_of(StepDefinitions.java:94)
at âœ½.Validate all of response for "AllImageesLink" should be {200}(file:///Users/rohitsharma/eclipse-workspace/MyAutomationProject/src/test/resources/Selenium/Cucumber/HandleDifferentCases.feature:26)
]]>
    </failure>
  </testcase> <!-- runScenario -->
  <testcase classname="Selenium.Cucumber.RunCucumberTest" name="runScenario" time="14.468"/>
  <testcase classname="Selenium.Cucumber.RunCucumberTest" name="runScenario" time="14.035"/>
  <testcase classname="Selenium.Cucumber.RunCucumberTest" name="runScenario" time="14.189"/>
  <testcase classname="Selenium.Cucumber.RunCucumberTest" name="runScenario" time="13.726"/>
</testsuite> <!-- Selenium.Cucumber.RunCucumberTest -->
