<?xml version="1.0" encoding="UTF-8"?>
<!-- Generated by org.testng.reporters.JUnitReportReporter -->
<testsuite hostname="Rohits-MacBook-Air.local" failures="0" tests="4" name="Selenium.Cucumber.RunCucumberTest" time="491.764" errors="0" timestamp="2025-08-25T15:32:40 IST" skipped="0">
  <testcase classname="Selenium.Cucumber.RunCucumberTest" name="runScenario" time="132.754"/>
  <testcase classname="Selenium.Cucumber.RunCucumberTest" name="runScenario" time="117.582"/>
  <testcase classname="Selenium.Cucumber.RunCucumberTest" name="runScenario" time="110.753"/>
  <testcase classname="Selenium.Cucumber.RunCucumberTest" name="runScenario" time="130.675"/>
</testsuite> <!-- Selenium.Cucumber.RunCucumberTest -->
