<?xml version="1.0" encoding="UTF-8"?>
<!-- Generated by org.testng.reporters.JUnitReportReporter -->
<testsuite hostname="Rohits-MacBook-Air.local" failures="0" tests="6" name="Selenium.Cucumber.RunCucumberTest" time="62.748" errors="0" timestamp="2025-01-29T21:30:57 IST" skipped="0">
  <testcase classname="Selenium.Cucumber.RunCucumberTest" name="runScenario" time="8.760"/>
  <testcase classname="Selenium.Cucumber.RunCucumberTest" name="runScenario" time="8.832"/>
  <testcase classname="Selenium.Cucumber.RunCucumberTest" name="runScenario" time="19.289"/>
  <testcase classname="Selenium.Cucumber.RunCucumberTest" name="runScenario" time="7.922"/>
  <testcase classname="Selenium.Cucumber.RunCucumberTest" name="runScenario" time="8.694"/>
  <testcase classname="Selenium.Cucumber.RunCucumberTest" name="runScenario" time="9.251"/>
</testsuite> <!-- Selenium.Cucumber.RunCucumberTest -->
