<?xml version="1.0" encoding="UTF-8"?>
<!-- Generated by org.testng.reporters.JUnitReportReporter -->
<testsuite hostname="Rohits-MacBook-Air.local" failures="0" tests="2" name="Selenium.Cucumber.RunCucumberTest" time="7.895" errors="0" timestamp="2025-01-21T19:53:49 IST" skipped="0">
  <testcase classname="Selenium.Cucumber.RunCucumberTest" name="runScenario" time="3.914"/>
  <testcase classname="Selenium.Cucumber.RunCucumberTest" name="runScenario" time="3.981"/>
</testsuite> <!-- Selenium.Cucumber.RunCucumberTest -->
