<?xml version="1.0" encoding="UTF-8"?>
<!-- Generated by org.testng.reporters.JUnitReportReporter -->
<testsuite hostname="Rohits-MacBook-Air.local" failures="0" tests="3" name="Selenium.Cucumber.RunCucumberTest" time="43.644" errors="0" timestamp="2025-01-18T11:58:46 IST" skipped="0">
  <testcase classname="Selenium.Cucumber.RunCucumberTest" name="runScenario" time="14.107"/>
  <testcase classname="Selenium.Cucumber.RunCucumberTest" name="runScenario" time="14.331"/>
  <testcase classname="Selenium.Cucumber.RunCucumberTest" name="runScenario" time="15.206"/>
</testsuite> <!-- Selenium.Cucumber.RunCucumberTest -->
