<?xml version="1.0" encoding="UTF-8"?>
<!-- Generated by org.testng.reporters.JUnitReportReporter -->
<testsuite hostname="Rohits-MacBook-Air.local" failures="0" tests="1" name="Selenium.Cucumber.RunCucumberTest" time="18.755" errors="0" timestamp="2025-01-29T20:45:14 IST" skipped="0">
  <testcase classname="Selenium.Cucumber.RunCucumberTest" name="runScenario" time="18.755"/>
</testsuite> <!-- Selenium.Cucumber.RunCucumberTest -->
