<?xml version="1.0" encoding="UTF-8"?>
<!-- Generated by org.testng.reporters.JUnitReportReporter -->
<testsuite hostname="Rohits-MacBook-Air.local" failures="1" tests="7" name="Selenium.Cucumber.RunCucumberTest" time="101.773" errors="0" timestamp="2025-01-30T12:25:10 IST" skipped="0">
  <testcase classname="Selenium.Cucumber.RunCucumberTest" name="runScenario" time="12.955"/>
  <testcase classname="Selenium.Cucumber.RunCucumberTest" name="runScenario" time="12.566"/>
  <testcase classname="Selenium.Cucumber.RunCucumberTest" name="runScenario" time="21.881"/>
  <testcase classname="Selenium.Cucumber.RunCucumberTest" name="runScenario" time="13.042"/>
  <testcase classname="Selenium.Cucumber.RunCucumberTest" name="runScenario" time="12.402"/>
  <testcase classname="Selenium.Cucumber.RunCucumberTest" name="runScenario" time="16.002">
    <failure type="java.lang.AssertionError">
      <![CDATA[java.lang.AssertionError
at Selenium.Cucumber.TestBase.after(TestBase.java:121)
]]>
    </failure>
  </testcase> <!-- runScenario -->
  <testcase classname="Selenium.Cucumber.RunCucumberTest" name="runScenario" time="12.925"/>
</testsuite> <!-- Selenium.Cucumber.RunCucumberTest -->
