<?xml version="1.0" encoding="UTF-8"?>
<!-- Generated by org.testng.reporters.JUnitReportReporter -->
<testsuite hostname="Rohits-MacBook-Air.local" failures="0" tests="6" name="Selenium.Cucumber.RunCucumberTest" time="69.481" errors="0" timestamp="2025-01-29T22:15:43 IST" skipped="0">
  <testcase classname="Selenium.Cucumber.RunCucumberTest" name="runScenario" time="8.816"/>
  <testcase classname="Selenium.Cucumber.RunCucumberTest" name="runScenario" time="8.880"/>
  <testcase classname="Selenium.Cucumber.RunCucumberTest" name="runScenario" time="8.971"/>
  <testcase classname="Selenium.Cucumber.RunCucumberTest" name="runScenario" time="8.661"/>
  <testcase classname="Selenium.Cucumber.RunCucumberTest" name="runScenario" time="25.561"/>
  <testcase classname="Selenium.Cucumber.RunCucumberTest" name="runScenario" time="8.592"/>
</testsuite> <!-- Selenium.Cucumber.RunCucumberTest -->
