<?xml version="1.0" encoding="UTF-8"?>
<!-- Generated by org.testng.reporters.JUnitReportReporter -->
<testsuite hostname="Rohits-MacBook-Air.local" failures="1" tests="7" name="Selenium.Cucumber.RunCucumberTest" time="110.407" errors="0" timestamp="2025-01-31T12:09:57 IST" skipped="0">
  <testcase classname="Selenium.Cucumber.RunCucumberTest" name="runScenario" time="18.667"/>
  <testcase classname="Selenium.Cucumber.RunCucumberTest" name="runScenario" time="14.155"/>
  <testcase classname="Selenium.Cucumber.RunCucumberTest" name="runScenario" time="14.281"/>
  <testcase classname="Selenium.Cucumber.RunCucumberTest" name="runScenario" time="13.878"/>
  <testcase classname="Selenium.Cucumber.RunCucumberTest" name="runScenario" time="15.986">
    <failure message="expected [true] but found [false]" type="java.lang.AssertionError">
      <![CDATA[java.lang.AssertionError: expected [true] but found [false]
at org.testng.Assert.fail(Assert.java:111)
at org.testng.Assert.failNotEquals(Assert.java:1578)
at org.testng.Assert.assertTrue(Assert.java:57)
at org.testng.Assert.assertTrue(Assert.java:67)
at Selenium.Cucumber.StepDefinitions.validate_all_of(StepDefinitions.java:94)
at âœ½.Validate all of response for "AllImageesLink" should be {200}(file:///Users/rohitsharma/eclipse-workspace/MyAutomationProject/src/test/resources/Selenium/Cucumber/HandleDifferentCases.feature:26)
]]>
    </failure>
  </testcase> <!-- runScenario -->
  <testcase classname="Selenium.Cucumber.RunCucumberTest" name="runScenario" time="14.380"/>
  <testcase classname="Selenium.Cucumber.RunCucumberTest" name="runScenario" time="19.060"/>
</testsuite> <!-- Selenium.Cucumber.RunCucumberTest -->
