<?xml version="1.0" encoding="UTF-8"?>
<!-- Generated by org.testng.reporters.JUnitReportReporter -->
<testsuite hostname="Rohits-MacBook-Air.local" failures="0" tests="6" name="Selenium.Cucumber.RunCucumberTest" time="119.501" errors="0" timestamp="2025-01-30T11:24:07 IST" skipped="0">
  <testcase classname="Selenium.Cucumber.RunCucumberTest" name="runScenario" time="18.154"/>
  <testcase classname="Selenium.Cucumber.RunCucumberTest" name="runScenario" time="18.450"/>
  <testcase classname="Selenium.Cucumber.RunCucumberTest" name="runScenario" time="24.151"/>
  <testcase classname="Selenium.Cucumber.RunCucumberTest" name="runScenario" time="18.163"/>
  <testcase classname="Selenium.Cucumber.RunCucumberTest" name="runScenario" time="17.877"/>
  <testcase classname="Selenium.Cucumber.RunCucumberTest" name="runScenario" time="22.706"/>
</testsuite> <!-- Selenium.Cucumber.RunCucumberTest -->
