<?xml version="1.0" encoding="UTF-8"?>
<!-- Generated by org.testng.reporters.JUnitReportReporter -->
<testsuite hostname="Rohits-MacBook-Air.local" failures="0" tests="6" name="Selenium.Cucumber.RunCucumberTest" time="252.034" errors="0" timestamp="2025-01-30T11:07:35 IST" skipped="0">
  <testcase classname="Selenium.Cucumber.RunCucumberTest" name="runScenario" time="51.765"/>
  <testcase classname="Selenium.Cucumber.RunCucumberTest" name="runScenario" time="33.133"/>
  <testcase classname="Selenium.Cucumber.RunCucumberTest" name="runScenario" time="58.861"/>
  <testcase classname="Selenium.Cucumber.RunCucumberTest" name="runScenario" time="48.323"/>
  <testcase classname="Selenium.Cucumber.RunCucumberTest" name="runScenario" time="29.554"/>
  <testcase classname="Selenium.Cucumber.RunCucumberTest" name="runScenario" time="30.398"/>
</testsuite> <!-- Selenium.Cucumber.RunCucumberTest -->
