<?xml version="1.0" encoding="UTF-8"?>
<!-- Generated by org.testng.reporters.JUnitReportReporter -->
<testsuite hostname="Rohits-MacBook-Air.local" failures="0" tests="3" name="Selenium.Cucumber.RunCucumberTest" time="23.502" errors="0" timestamp="2025-01-21T15:03:49 IST" skipped="0">
  <testcase classname="Selenium.Cucumber.RunCucumberTest" name="runScenario" time="8.230"/>
  <testcase classname="Selenium.Cucumber.RunCucumberTest" name="runScenario" time="7.523"/>
  <testcase classname="Selenium.Cucumber.RunCucumberTest" name="runScenario" time="7.749"/>
</testsuite> <!-- Selenium.Cucumber.RunCucumberTest -->
