<?xml version="1.0" encoding="UTF-8"?>
<!-- Generated by org.testng.reporters.JUnitReportReporter -->
<testsuite hostname="Rohits-MacBook-Air.local" failures="0" tests="6" name="Selenium.Cucumber.RunCucumberTest" time="63.051" errors="0" timestamp="2025-09-08T16:48:01 IST" skipped="0">
  <testcase classname="Selenium.Cucumber.RunCucumberTest" name="runScenario" time="6.352"/>
  <testcase classname="Selenium.Cucumber.RunCucumberTest" name="runScenario" time="1.157"/>
  <testcase classname="Selenium.Cucumber.RunCucumberTest" name="runScenario" time="9.354"/>
  <testcase classname="Selenium.Cucumber.RunCucumberTest" name="runScenario" time="14.317"/>
  <testcase classname="Selenium.Cucumber.RunCucumberTest" name="runScenario" time="7.665"/>
  <testcase classname="Selenium.Cucumber.RunCucumberTest" name="runScenario" time="24.206"/>
</testsuite> <!-- Selenium.Cucumber.RunCucumberTest -->
