<?xml version="1.0" encoding="UTF-8"?>
<!-- Generated by org.testng.reporters.JUnitReportReporter -->
<testsuite hostname="Rohits-MacBook-Air.local" failures="0" tests="4" name="Selenium.Cucumber.RunCucumberTest" time="438.039" errors="0" timestamp="2025-08-26T11:39:40 IST" skipped="0">
  <testcase classname="Selenium.Cucumber.RunCucumberTest" name="runScenario" time="104.532"/>
  <testcase classname="Selenium.Cucumber.RunCucumberTest" name="runScenario" time="111.764"/>
  <testcase classname="Selenium.Cucumber.RunCucumberTest" name="runScenario" time="110.499"/>
  <testcase classname="Selenium.Cucumber.RunCucumberTest" name="runScenario" time="111.244"/>
</testsuite> <!-- Selenium.Cucumber.RunCucumberTest -->
