<?xml version="1.0" encoding="UTF-8"?>
<!-- Generated by org.testng.reporters.JUnitReportReporter -->
<testsuite hostname="Rohits-MacBook-Air.local" failures="0" tests="3" name="Selenium.Cucumber.RunCucumberTest" time="13.677" errors="0" timestamp="2024-12-18T17:12:26 IST" skipped="0">
  <testcase classname="Selenium.Cucumber.RunCucumberTest" name="runScenario" time="4.691"/>
  <testcase classname="Selenium.Cucumber.RunCucumberTest" name="runScenario" time="4.460"/>
  <testcase classname="Selenium.Cucumber.RunCucumberTest" name="runScenario" time="4.526"/>
</testsuite> <!-- Selenium.Cucumber.RunCucumberTest -->
