<?xml version="1.0" encoding="UTF-8"?>
<!-- Generated by org.testng.reporters.JUnitReportReporter -->
<testsuite hostname="Rohits-MacBook-Air.local" failures="0" tests="7" name="Selenium.Cucumber.RunCucumberTest" time="104.046" errors="1" timestamp="2025-01-30T12:59:32 IST" skipped="0">
  <testcase classname="Selenium.Cucumber.RunCucumberTest" name="runScenario" time="13.593"/>
  <testcase classname="Selenium.Cucumber.RunCucumberTest" name="runScenario" time="13.402"/>
  <testcase classname="Selenium.Cucumber.RunCucumberTest" name="runScenario" time="15.629">
    <error message="Assertion error for test Validate BrokenImages page" type="java.lang.Exception">
      <![CDATA[java.lang.Exception: Assertion error for test Validate BrokenImages page
at Selenium.Cucumber.TestBase.after(TestBase.java:123)
]]>
    </error>
  </testcase> <!-- runScenario -->
  <testcase classname="Selenium.Cucumber.RunCucumberTest" name="runScenario" time="13.448"/>
  <testcase classname="Selenium.Cucumber.RunCucumberTest" name="runScenario" time="17.178"/>
  <testcase classname="Selenium.Cucumber.RunCucumberTest" name="runScenario" time="17.206"/>
  <testcase classname="Selenium.Cucumber.RunCucumberTest" name="runScenario" time="13.590"/>
</testsuite> <!-- Selenium.Cucumber.RunCucumberTest -->
