<?xml version="1.0" encoding="UTF-8"?>
<!-- Generated by org.testng.reporters.JUnitReportReporter -->
<testsuite hostname="Rohits-MacBook-Air.local" failures="0" tests="6" name="Selenium.Cucumber.RunCucumberTest" time="55.063" errors="0" timestamp="2025-09-09T14:25:10 IST" skipped="0">
  <testcase classname="Selenium.Cucumber.RunCucumberTest" name="runScenario" time="22.385"/>
  <testcase classname="Selenium.Cucumber.RunCucumberTest" name="runScenario" time="2.276"/>
  <testcase classname="Selenium.Cucumber.RunCucumberTest" name="runScenario" time="6.149"/>
  <testcase classname="Selenium.Cucumber.RunCucumberTest" name="runScenario" time="7.652"/>
  <testcase classname="Selenium.Cucumber.RunCucumberTest" name="runScenario" time="0.737"/>
  <testcase classname="Selenium.Cucumber.RunCucumberTest" name="runScenario" time="15.864"/>
</testsuite> <!-- Selenium.Cucumber.RunCucumberTest -->
